\BOOKMARK [1][-]{section.1}{Introduction to SQL}{}% 1
\BOOKMARK [2][-]{subsection.1.1}{Relational Database Management System}{section.1}% 2
\BOOKMARK [2][-]{subsection.1.2}{Data Manipulation in SQL}{section.1}% 3
\BOOKMARK [2][-]{subsection.1.3}{Writing Queries}{section.1}% 4
\BOOKMARK [2][-]{subsection.1.4}{Aggregate Functions}{section.1}% 5
\BOOKMARK [2][-]{subsection.1.5}{Multiple Tables}{section.1}% 6
\BOOKMARK [2][-]{subsection.1.6}{Usage Funnels}{section.1}% 7
\BOOKMARK [2][-]{subsection.1.7}{User Churn}{section.1}% 8
\BOOKMARK [1][-]{section.2}{Introduction to Python}{}% 9
\BOOKMARK [2][-]{subsection.2.1}{Lists}{section.2}% 10
\BOOKMARK [2][-]{subsection.2.2}{Loops}{section.2}% 11
\BOOKMARK [2][-]{subsection.2.3}{List Comprehension / Lambda Functions}{section.2}% 12
\BOOKMARK [1][-]{section.3}{Data Analysis with Pandas}{}% 13
\BOOKMARK [2][-]{subsection.3.1}{Introduction to Pandas}{section.3}% 14
\BOOKMARK [2][-]{subsection.3.2}{Modifying DataFrames}{section.3}% 15
\BOOKMARK [2][-]{subsection.3.3}{Aggregate Functions}{section.3}% 16
\BOOKMARK [2][-]{subsection.3.4}{Multiple DataFrames}{section.3}% 17
\BOOKMARK [1][-]{section.4}{Data Visualization}{}% 18
\BOOKMARK [2][-]{subsection.4.1}{Introduction to Matplotlib}{section.4}% 19
\BOOKMARK [2][-]{subsection.4.2}{Different Plot Types \046 Error}{section.4}% 20
\BOOKMARK [2][-]{subsection.4.3}{Selecting the Correct Visualization}{section.4}% 21
\BOOKMARK [2][-]{subsection.4.4}{Introduction to Seaborn}{section.4}% 22
\BOOKMARK [3][-]{subsubsection.4.4.1}{Plotting Distributions}{subsection.4.4}% 23
\BOOKMARK [3][-]{subsubsection.4.4.2}{Styling Graphs}{subsection.4.4}% 24
\BOOKMARK [2][-]{subsection.4.5}{Data Visualization Cumulative Projects}{section.4}% 25
