\BOOKMARK [1][-]{section.1}{PostgreSQL For Data Science}{}% 1
\BOOKMARK [2][-]{subsection.1.1}{SQL Query Basics \(Filtering\)}{section.1}% 2
\BOOKMARK [2][-]{subsection.1.2}{Using Functions}{section.1}% 3
\BOOKMARK [2][-]{subsection.1.3}{Grouping Data / Computing Aggregates}{section.1}% 4
\BOOKMARK [2][-]{subsection.1.4}{Using Subqueries}{section.1}% 5
\BOOKMARK [2][-]{subsection.1.5}{The CASE Clause}{section.1}% 6
\BOOKMARK [2][-]{subsection.1.6}{Correlated Subqueries}{section.1}% 7
\BOOKMARK [2][-]{subsection.1.7}{Working with Multiple Tables}{section.1}% 8
\BOOKMARK [3][-]{subsubsection.1.7.1}{Table Unions}{subsection.1.7}% 9
\BOOKMARK [3][-]{subsubsection.1.7.2}{Table Joins}{subsection.1.7}% 10
\BOOKMARK [3][-]{subsubsection.1.7.3}{Creating Views}{subsection.1.7}% 11
\BOOKMARK [2][-]{subsection.1.8}{Window Functions}{section.1}% 12
\BOOKMARK [2][-]{subsection.1.9}{Practice Problems with Solutions}{section.1}% 13
\BOOKMARK [1][-]{section.2}{Programming in Python}{}% 14
\BOOKMARK [2][-]{subsection.2.1}{Git Bash \046 Workflow}{section.2}% 15
\BOOKMARK [2][-]{subsection.2.2}{Lists / Loops}{section.2}% 16
\BOOKMARK [2][-]{subsection.2.3}{List Comprehension / Lambda Functions}{section.2}% 17
\BOOKMARK [2][-]{subsection.2.4}{Python Objects}{section.2}% 18
\BOOKMARK [3][-]{subsubsection.2.4.1}{Strings and their Methods}{subsection.2.4}% 19
\BOOKMARK [3][-]{subsubsection.2.4.2}{Datetime Module}{subsection.2.4}% 20
\BOOKMARK [3][-]{subsubsection.2.4.3}{Dictionaries}{subsection.2.4}% 21
\BOOKMARK [3][-]{subsubsection.2.4.4}{Classes}{subsection.2.4}% 22
\BOOKMARK [2][-]{subsection.2.5}{Linear Data Structures}{section.2}% 23
\BOOKMARK [3][-]{subsubsection.2.5.1}{Nodes}{subsection.2.5}% 24
\BOOKMARK [3][-]{subsubsection.2.5.2}{Linked Lists}{subsection.2.5}% 25
\BOOKMARK [3][-]{subsubsection.2.5.3}{Stacks}{subsection.2.5}% 26
\BOOKMARK [3][-]{subsubsection.2.5.4}{Queues}{subsection.2.5}% 27
\BOOKMARK [2][-]{subsection.2.6}{Complex Data Structures}{section.2}% 28
\BOOKMARK [3][-]{subsubsection.2.6.1}{Hash Maps}{subsection.2.6}% 29
\BOOKMARK [3][-]{subsubsection.2.6.2}{Trees}{subsection.2.6}% 30
\BOOKMARK [3][-]{subsubsection.2.6.3}{Heaps}{subsection.2.6}% 31
\BOOKMARK [3][-]{subsubsection.2.6.4}{Graphs}{subsection.2.6}% 32
\BOOKMARK [2][-]{subsection.2.7}{Asymptotic Notation}{section.2}% 33
\BOOKMARK [2][-]{subsection.2.8}{Recursion}{section.2}% 34
\BOOKMARK [2][-]{subsection.2.9}{Sorting Algorithms}{section.2}% 35
\BOOKMARK [3][-]{subsubsection.2.9.1}{Bubble Sort}{subsection.2.9}% 36
\BOOKMARK [3][-]{subsubsection.2.9.2}{Merge Sort}{subsection.2.9}% 37
\BOOKMARK [3][-]{subsubsection.2.9.3}{Quicksort}{subsection.2.9}% 38
\BOOKMARK [3][-]{subsubsection.2.9.4}{Radix Sort}{subsection.2.9}% 39
\BOOKMARK [2][-]{subsection.2.10}{Search Algorithms}{section.2}% 40
\BOOKMARK [3][-]{subsubsection.2.10.1}{Linear Search}{subsection.2.10}% 41
\BOOKMARK [3][-]{subsubsection.2.10.2}{Binary Search}{subsection.2.10}% 42
\BOOKMARK [2][-]{subsection.2.11}{Graph Search Algorithms}{section.2}% 43
\BOOKMARK [3][-]{subsubsection.2.11.1}{Basic Graph Search}{subsection.2.11}% 44
\BOOKMARK [3][-]{subsubsection.2.11.2}{Dijkstra's Algorithm}{subsection.2.11}% 45
\BOOKMARK [3][-]{subsubsection.2.11.3}{A* Algorithm}{subsection.2.11}% 46
\BOOKMARK [1][-]{section.3}{Data Analysis with Pandas}{}% 47
\BOOKMARK [2][-]{subsection.3.1}{Introduction to Pandas}{section.3}% 48
\BOOKMARK [2][-]{subsection.3.2}{Modifying DataFrames}{section.3}% 49
\BOOKMARK [2][-]{subsection.3.3}{Aggregate Functions}{section.3}% 50
\BOOKMARK [2][-]{subsection.3.4}{Multiple DataFrames}{section.3}% 51
\BOOKMARK [1][-]{section.4}{Data Visualization}{}% 52
\BOOKMARK [2][-]{subsection.4.1}{Introduction to Matplotlib}{section.4}% 53
\BOOKMARK [3][-]{subsubsection.4.1.1}{Different Plot Types \046 Error}{subsection.4.1}% 54
\BOOKMARK [3][-]{subsubsection.4.1.2}{Selecting the Correct Visualization}{subsection.4.1}% 55
\BOOKMARK [2][-]{subsection.4.2}{Introduction to Seaborn}{section.4}% 56
\BOOKMARK [3][-]{subsubsection.4.2.1}{Plotting Distributions}{subsection.4.2}% 57
\BOOKMARK [3][-]{subsubsection.4.2.2}{Styling Graphs}{subsection.4.2}% 58
\BOOKMARK [2][-]{subsection.4.3}{Data Visualization Cumulative Project \(Matplotlib\)}{section.4}% 59
\BOOKMARK [1][-]{section.5}{Statistics in Python}{}% 60
\BOOKMARK [2][-]{subsection.5.1}{Basic Statistical Calculations}{section.5}% 61
\BOOKMARK [2][-]{subsection.5.2}{Histograms}{section.5}% 62
\BOOKMARK [2][-]{subsection.5.3}{Quartiles, Quantiles, and Interquartile Range}{section.5}% 63
\BOOKMARK [2][-]{subsection.5.4}{Introduction to NumPy}{section.5}% 64
\BOOKMARK [3][-]{subsubsection.5.4.1}{Statistics with NumPy}{subsection.5.4}% 65
\BOOKMARK [3][-]{subsubsection.5.4.2}{Distributions with NumPy}{subsection.5.4}% 66
\BOOKMARK [2][-]{subsection.5.5}{Hypothesis Testing with SciPy}{section.5}% 67
\BOOKMARK [3][-]{subsubsection.5.5.1}{Types of Tests}{subsection.5.5}% 68
\BOOKMARK [3][-]{subsubsection.5.5.2}{Sample Size Determination \(A/B Tests \046 Surveys\)}{subsection.5.5}% 69
\BOOKMARK [1][-]{section.6}{Data Cleaning / Scraping}{}% 70
\BOOKMARK [2][-]{subsection.6.1}{Regular Expressions}{section.6}% 71
\BOOKMARK [2][-]{subsection.6.2}{Data Cleaning with Pandas}{section.6}% 72
\BOOKMARK [2][-]{subsection.6.3}{Web Scrapping with Beautiful Soup}{section.6}% 73
\BOOKMARK [1][-]{section.7}{Machine Learning \(Supervised Learning\)}{}% 74
\BOOKMARK [2][-]{subsection.7.1}{Linear Regression}{section.7}% 75
\BOOKMARK [2][-]{subsection.7.2}{Multiple Linear Regression}{section.7}% 76
\BOOKMARK [2][-]{subsection.7.3}{Classification: K-Nearest Neighbors}{section.7}% 77
\BOOKMARK [3][-]{subsubsection.7.3.1}{Distance Formulas \046 Normalization}{subsection.7.3}% 78
\BOOKMARK [3][-]{subsubsection.7.3.2}{K-Nearest Neighbors}{subsection.7.3}% 79
\BOOKMARK [3][-]{subsubsection.7.3.3}{K Nearest Neighbor Regression}{subsection.7.3}% 80
\BOOKMARK [2][-]{subsection.7.4}{Accuracy, Recall, and Precision}{section.7}% 81
\BOOKMARK [2][-]{subsection.7.5}{Logistic Regression}{section.7}% 82
\BOOKMARK [2][-]{subsection.7.6}{Support Vector Machines \(SVM\)}{section.7}% 83
\BOOKMARK [2][-]{subsection.7.7}{Decision Trees}{section.7}% 84
\BOOKMARK [3][-]{subsubsection.7.7.1}{Random Forests}{subsection.7.7}% 85
\BOOKMARK [2][-]{subsection.7.8}{Classification: Naive Bayes}{section.7}% 86
\BOOKMARK [3][-]{subsubsection.7.8.1}{Bayes' Theorem}{subsection.7.8}% 87
\BOOKMARK [3][-]{subsubsection.7.8.2}{Naive Bayes Classifier}{subsection.7.8}% 88
\BOOKMARK [2][-]{subsection.7.9}{AI Decision Making: Minimax}{section.7}% 89
\BOOKMARK [1][-]{section.8}{Machine Learning \(Unsupervised Learning\)}{}% 90
\BOOKMARK [2][-]{subsection.8.1}{K-Means Clustering}{section.8}% 91
\BOOKMARK [1][-]{section.9}{Advanced Machine Learning Topics}{}% 92
\BOOKMARK [2][-]{subsection.9.1}{Perceptrons and Neural Nets}{section.9}% 93
\BOOKMARK [2][-]{subsection.9.2}{Natural Language Processing}{section.9}% 94
\BOOKMARK [3][-]{subsubsection.9.2.1}{Parsing with Regular Expressions}{subsection.9.2}% 95
\BOOKMARK [3][-]{subsubsection.9.2.2}{Bag-of-Words Language Model}{subsection.9.2}% 96
