This is pdfTeX, Version 3.14159265-2.6-1.40.20 (MiKTeX 2.9.7250 64-bit) (preloaded format=pdflatex 2020.2.10)  19 MAY 2020 08:40
entering extended mode
**./dsNotes2.tex
(dsNotes2.tex
LaTeX2e <2019-10-01> patch level 3
("D:\Program Files\MiKTeX 2.9\tex/latex/base\article.cls"
Document Class: article 2019/10/25 v1.4k Standard LaTeX document class
("D:\Program Files\MiKTeX 2.9\tex/latex/base\size11.clo"
File: size11.clo 2019/10/25 v1.4k Standard LaTeX file (size option)
)
\c@part=\count80
\c@section=\count81
\c@subsection=\count82
\c@subsubsection=\count83
\c@paragraph=\count84
\c@subparagraph=\count85
\c@figure=\count86
\c@table=\count87
\abovecaptionskip=\skip41
\belowcaptionskip=\skip42
\bibindent=\dimen102
)
("D:\Program Files\MiKTeX 2.9\tex/latex/base\inputenc.sty"
Package: inputenc 2018/08/11 v1.3c Input encoding file
\inpenc@prehook=\toks14
\inpenc@posthook=\toks15
)
("D:\Program Files\MiKTeX 2.9\tex/latex/geometry\geometry.sty"
Package: geometry 2020/01/02 v5.9 Page Geometry

("D:\Program Files\MiKTeX 2.9\tex/latex/graphics\keyval.sty"
Package: keyval 2014/10/28 v1.15 key=value parser (DPC)
\KV@toks@=\toks16
)
("D:\Program Files\MiKTeX 2.9\tex/generic/iftex\ifvtex.sty"
Package: ifvtex 2019/10/25 v1.7 ifvtex legacy package. Use iftex instead.

("D:\Program Files\MiKTeX 2.9\tex/generic/iftex\iftex.sty"
Package: iftex 2019/11/07 v1.0c TeX engine tests
))
\Gm@cnth=\count88
\Gm@cntv=\count89
\c@Gm@tempcnt=\count90
\Gm@bindingoffset=\dimen103
\Gm@wd@mp=\dimen104
\Gm@odd@mp=\dimen105
\Gm@even@mp=\dimen106
\Gm@layoutwidth=\dimen107
\Gm@layoutheight=\dimen108
\Gm@layouthoffset=\dimen109
\Gm@layoutvoffset=\dimen110
\Gm@dimlist=\toks17

("D:\Program Files\MiKTeX 2.9\tex/latex/geometry\geometry.cfg"))
("D:\Program Files\MiKTeX 2.9\tex/latex/listings\listings.sty"
\lst@mode=\count91
\lst@gtempboxa=\box27
\lst@token=\toks18
\lst@length=\count92
\lst@currlwidth=\dimen111
\lst@column=\count93
\lst@pos=\count94
\lst@lostspace=\dimen112
\lst@width=\dimen113
\lst@newlines=\count95
\lst@lineno=\count96
\lst@maxwidth=\dimen114

("D:\Program Files\MiKTeX 2.9\tex/latex/listings\lstmisc.sty"
File: lstmisc.sty 2019/09/10 1.8c (Carsten Heinz)
\c@lstnumber=\count97
\lst@skipnumbers=\count98
\lst@framebox=\box28
)
("D:\Program Files\MiKTeX 2.9\tex/latex/listings\listings.cfg"
File: listings.cfg 2019/09/10 1.8c listings configuration
))
Package: listings 2019/09/10 1.8c (Carsten Heinz)

("D:\Program Files\MiKTeX 2.9\tex/latex/setspace\setspace.sty"
Package: setspace 2011/12/19 v6.7a set line spacing
)
("D:\Program Files\MiKTeX 2.9\tex/latex/xcolor\xcolor.sty"
Package: xcolor 2016/05/11 v2.12 LaTeX color extensions (UK)

("D:\Program Files\MiKTeX 2.9\tex/latex/graphics-cfg\color.cfg"
File: color.cfg 2016/01/02 v1.6 sample color configuration
)
Package xcolor Info: Driver file: pdftex.def on input line 225.

("D:\Program Files\MiKTeX 2.9\tex/latex/graphics-def\pdftex.def"
File: pdftex.def 2018/01/08 v1.0l Graphics/color driver for pdftex
)
Package xcolor Info: Model `cmy' substituted by `cmy0' on input line 1348.
Package xcolor Info: Model `hsb' substituted by `rgb' on input line 1352.
Package xcolor Info: Model `RGB' extended on input line 1364.
Package xcolor Info: Model `HTML' substituted by `rgb' on input line 1366.
Package xcolor Info: Model `Hsb' substituted by `hsb' on input line 1367.
Package xcolor Info: Model `tHsb' substituted by `hsb' on input line 1368.
Package xcolor Info: Model `HSB' substituted by `hsb' on input line 1369.
Package xcolor Info: Model `Gray' substituted by `gray' on input line 1370.
Package xcolor Info: Model `wave' substituted by `hsb' on input line 1371.
)
("D:\Program Files\MiKTeX 2.9\tex/latex/titlesec\titlesec.sty"
Package: titlesec 2019/10/16 v2.13 Sectioning titles
\ttl@box=\box29
\beforetitleunit=\skip43
\aftertitleunit=\skip44
\ttl@plus=\dimen115
\ttl@minus=\dimen116
\ttl@toksa=\toks19
\titlewidth=\dimen117
\titlewidthlast=\dimen118
\titlewidthfirst=\dimen119
)
("D:\Program Files\MiKTeX 2.9\tex/latex/enumitem\enumitem.sty"
Package: enumitem 2019/06/20 v3.9 Customized lists
\labelindent=\skip45
\enit@outerparindent=\dimen120
\enit@toks=\toks20
\enit@inbox=\box30
\enit@count@id=\count99
\enitdp@description=\count100
)
("D:\Program Files\MiKTeX 2.9\tex/latex/amsfonts\amssymb.sty"
Package: amssymb 2013/01/14 v3.01 AMS font symbols

("D:\Program Files\MiKTeX 2.9\tex/latex/amsfonts\amsfonts.sty"
Package: amsfonts 2013/01/14 v3.01 Basic AMSFonts support
\@emptytoks=\toks21
\symAMSa=\mathgroup4
\symAMSb=\mathgroup5
LaTeX Font Info:    Redeclaring math symbol \hbar on input line 98.
LaTeX Font Info:    Overwriting math alphabet `\mathfrak' in version `bold'
(Font)                  U/euf/m/n --> U/euf/b/n on input line 106.
))
("D:\Program Files\MiKTeX 2.9\tex/latex/amsmath\amsmath.sty"
Package: amsmath 2019/11/16 v2.17d AMS math features
\@mathmargin=\skip46

For additional information on amsmath, use the `?' option.
("D:\Program Files\MiKTeX 2.9\tex/latex/amsmath\amstext.sty"
Package: amstext 2000/06/29 v2.01 AMS text

("D:\Program Files\MiKTeX 2.9\tex/latex/amsmath\amsgen.sty"
File: amsgen.sty 1999/11/30 v2.0 generic functions
\@emptytoks=\toks22
\ex@=\dimen121
))
("D:\Program Files\MiKTeX 2.9\tex/latex/amsmath\amsbsy.sty"
Package: amsbsy 1999/11/29 v1.2d Bold Symbols
\pmbraise@=\dimen122
)
("D:\Program Files\MiKTeX 2.9\tex/latex/amsmath\amsopn.sty"
Package: amsopn 2016/03/08 v2.02 operator names
)
\inf@bad=\count101
LaTeX Info: Redefining \frac on input line 227.
\uproot@=\count102
\leftroot@=\count103
LaTeX Info: Redefining \overline on input line 389.
\classnum@=\count104
\DOTSCASE@=\count105
LaTeX Info: Redefining \ldots on input line 486.
LaTeX Info: Redefining \dots on input line 489.
LaTeX Info: Redefining \cdots on input line 610.
\Mathstrutbox@=\box31
\strutbox@=\box32
\big@size=\dimen123
LaTeX Font Info:    Redeclaring font encoding OML on input line 733.
LaTeX Font Info:    Redeclaring font encoding OMS on input line 734.
\macc@depth=\count106
\c@MaxMatrixCols=\count107
\dotsspace@=\muskip10
\c@parentequation=\count108
\dspbrk@lvl=\count109
\tag@help=\toks23
\row@=\count110
\column@=\count111
\maxfields@=\count112
\andhelp@=\toks24
\eqnshift@=\dimen124
\alignsep@=\dimen125
\tagshift@=\dimen126
\tagwidth@=\dimen127
\totwidth@=\dimen128
\lineht@=\dimen129
\@envbody=\toks25
\multlinegap=\skip47
\multlinetaggap=\skip48
\mathdisplay@stack=\toks26
LaTeX Info: Redefining \[ on input line 2858.
LaTeX Info: Redefining \] on input line 2859.
)
("D:\Program Files\MiKTeX 2.9\tex/latex/tools\bm.sty"
Package: bm 2019/07/24 v1.2d Bold Symbol Support (DPC/FMi)
\symboldoperators=\mathgroup6
\symboldletters=\mathgroup7
\symboldsymbols=\mathgroup8
LaTeX Font Info:    Redeclaring math alphabet \mathbf on input line 141.
LaTeX Info: Redefining \bm on input line 209.
)
("D:\Program Files\MiKTeX 2.9\tex/latex/tools\multicol.sty"
Package: multicol 2019/03/01 v1.8w multicolumn formatting (FMi)
\c@tracingmulticols=\count113
\mult@box=\box33
\multicol@leftmargin=\dimen130
\c@unbalance=\count114
\c@collectmore=\count115
\doublecol@number=\count116
\multicoltolerance=\count117
\multicolpretolerance=\count118
\full@width=\dimen131
\page@free=\dimen132
\premulticols=\dimen133
\postmulticols=\dimen134
\multicolsep=\skip49
\multicolbaselineskip=\skip50
\partial@page=\box34
\last@line=\box35
\maxbalancingoverflow=\dimen135
\mult@rightbox=\box36
\mult@grightbox=\box37
\mult@gfirstbox=\box38
\mult@firstbox=\box39
\@tempa=\box40
\@tempa=\box41
\@tempa=\box42
\@tempa=\box43
\@tempa=\box44
\@tempa=\box45
\@tempa=\box46
\@tempa=\box47
\@tempa=\box48
\@tempa=\box49
\@tempa=\box50
\@tempa=\box51
\@tempa=\box52
\@tempa=\box53
\@tempa=\box54
\@tempa=\box55
\@tempa=\box56
\c@minrows=\count119
\c@columnbadness=\count120
\c@finalcolumnbadness=\count121
\last@try=\dimen136
\multicolovershoot=\dimen137
\multicolundershoot=\dimen138
\mult@nat@firstbox=\box57
\colbreak@box=\box58
\mc@col@check@num=\count122
)
("D:\Program Files\MiKTeX 2.9\tex/latex/graphics\graphicx.sty"
Package: graphicx 2017/06/01 v1.1a Enhanced LaTeX Graphics (DPC,SPQR)

("D:\Program Files\MiKTeX 2.9\tex/latex/graphics\graphics.sty"
Package: graphics 2019/11/01 v1.3d Standard LaTeX Graphics (DPC,SPQR)

("D:\Program Files\MiKTeX 2.9\tex/latex/graphics\trig.sty"
Package: trig 2016/01/03 v1.10 sin cos tan (DPC)
)
("D:\Program Files\MiKTeX 2.9\tex/latex/graphics-cfg\graphics.cfg"
File: graphics.cfg 2016/06/04 v1.11 sample graphics configuration
)
Package graphics Info: Driver file: pdftex.def on input line 105.
)
\Gin@req@height=\dimen139
\Gin@req@width=\dimen140
)
("D:\Program Files\MiKTeX 2.9\tex/latex/hyperref\hyperref.sty"
Package: hyperref 2019/11/10 v7.00c Hypertext links for LaTeX

("D:\Program Files\MiKTeX 2.9\tex/generic/oberdiek\ltxcmds.sty"
Package: ltxcmds 2016/05/16 v1.23 LaTeX kernel commands for general use (HO)
)
("D:\Program Files\MiKTeX 2.9\tex/latex/pdftexcmds\pdftexcmds.sty"
Package: pdftexcmds 2019/11/24 v0.31 Utility functions of pdfTeX for LuaTeX (HO
)

("D:\Program Files\MiKTeX 2.9\tex/generic/oberdiek\infwarerr.sty"
Package: infwarerr 2016/05/16 v1.4 Providing info/warning/error messages (HO)
)
Package pdftexcmds Info: \pdf@primitive is available.
Package pdftexcmds Info: \pdf@ifprimitive is available.
Package pdftexcmds Info: \pdfdraftmode found.
)
("D:\Program Files\MiKTeX 2.9\tex/generic/oberdiek\kvsetkeys.sty"
Package: kvsetkeys 2016/05/16 v1.17 Key value parser (HO)

("D:\Program Files\MiKTeX 2.9\tex/generic/oberdiek\etexcmds.sty"
Package: etexcmds 2016/05/16 v1.6 Avoid name clashes with e-TeX commands (HO)

("D:\Program Files\MiKTeX 2.9\tex/generic/iftex\ifluatex.sty"
Package: ifluatex 2019/10/25 v1.5 ifluatex legacy package. Use iftex instead.
)))
("D:\Program Files\MiKTeX 2.9\tex/generic/oberdiek\kvdefinekeys.sty"
Package: kvdefinekeys 2016/05/16 v1.4 Define keys (HO)
)
("D:\Program Files\MiKTeX 2.9\tex/generic/oberdiek\pdfescape.sty"
Package: pdfescape 2016/05/16 v1.14 Implements pdfTeX's escape features (HO)
)
("D:\Program Files\MiKTeX 2.9\tex/latex/oberdiek\hycolor.sty"
Package: hycolor 2016/05/16 v1.8 Color options for hyperref/bookmark (HO)

("D:\Program Files\MiKTeX 2.9\tex/latex/oberdiek\xcolor-patch.sty"
Package: xcolor-patch 2016/05/16 xcolor patch

("D:\Program Files\MiKTeX 2.9\tex/latex/oberdiek\hopatch.sty"
Package: hopatch 2016/05/16 v1.3 Wrapper for package hooks (HO)
)))
("D:\Program Files\MiKTeX 2.9\tex/latex/oberdiek\letltxmacro.sty"
Package: letltxmacro 2016/05/16 v1.5 Let assignment for LaTeX macros (HO)
)
("D:\Program Files\MiKTeX 2.9\tex/latex/oberdiek\auxhook.sty"
Package: auxhook 2016/05/16 v1.4 Hooks for auxiliary files (HO)
)
("D:\Program Files\MiKTeX 2.9\tex/latex/oberdiek\kvoptions.sty"
Package: kvoptions 2016/05/16 v3.12 Key value format for package options (HO)
)
\@linkdim=\dimen141
\Hy@linkcounter=\count123
\Hy@pagecounter=\count124

("D:\Program Files\MiKTeX 2.9\tex/latex/hyperref\pd1enc.def"
File: pd1enc.def 2019/11/10 v7.00c Hyperref: PDFDocEncoding definition (HO)
Now handling font encoding PD1 ...
... no UTF-8 mapping file for font encoding PD1
)
("D:\Program Files\MiKTeX 2.9\tex/generic/oberdiek\intcalc.sty"
Package: intcalc 2016/05/16 v1.2 Expandable calculations with integers (HO)
)
\Hy@SavedSpaceFactor=\count125

("D:\Program Files\MiKTeX 2.9\tex/latex/00miktex\hyperref.cfg"
File: hyperref.cfg 2002/06/06 v1.2 hyperref configuration of TeXLive
)
Package hyperref Info: Hyper figures OFF on input line 4535.
Package hyperref Info: Link nesting OFF on input line 4540.
Package hyperref Info: Hyper index ON on input line 4543.
Package hyperref Info: Plain pages OFF on input line 4550.
Package hyperref Info: Backreferencing OFF on input line 4555.
Package hyperref Info: Implicit mode ON; LaTeX internals redefined.
Package hyperref Info: Bookmarks ON on input line 4788.
\c@Hy@tempcnt=\count126

("D:\Program Files\MiKTeX 2.9\tex/latex/url\url.sty"
\Urlmuskip=\muskip11
Package: url 2013/09/16  ver 3.4  Verb mode for urls, etc.
)
LaTeX Info: Redefining \url on input line 5147.
\XeTeXLinkMargin=\dimen142

("D:\Program Files\MiKTeX 2.9\tex/generic/oberdiek\bitset.sty"
Package: bitset 2016/05/16 v1.2 Handle bit-vector datatype (HO)

("D:\Program Files\MiKTeX 2.9\tex/generic/oberdiek\bigintcalc.sty"
Package: bigintcalc 2016/05/16 v1.4 Expandable calculations on big integers (HO
)
))
\Fld@menulength=\count127
\Field@Width=\dimen143
\Fld@charsize=\dimen144
Package hyperref Info: Hyper figures OFF on input line 6418.
Package hyperref Info: Link nesting OFF on input line 6423.
Package hyperref Info: Hyper index ON on input line 6426.
Package hyperref Info: backreferencing OFF on input line 6433.
Package hyperref Info: Link coloring OFF on input line 6438.
Package hyperref Info: Link coloring with OCG OFF on input line 6443.
Package hyperref Info: PDF/A mode OFF on input line 6448.
LaTeX Info: Redefining \ref on input line 6488.
LaTeX Info: Redefining \pageref on input line 6492.

("D:\Program Files\MiKTeX 2.9\tex/generic/oberdiek\atbegshi.sty"
Package: atbegshi 2016/06/09 v1.18 At begin shipout hook (HO)

("D:\Program Files\MiKTeX 2.9\tex/generic/iftex\ifpdf.sty"
Package: ifpdf 2019/10/25 v3.4 ifpdf legacy package. Use iftex instead.
))
\Hy@abspage=\count128
\c@Item=\count129
\c@Hfootnote=\count130
)
Package hyperref Info: Driver (autodetected): hpdftex.

("D:\Program Files\MiKTeX 2.9\tex/latex/hyperref\hpdftex.def"
File: hpdftex.def 2019/11/10 v7.00c Hyperref driver for pdfTeX

("D:\Program Files\MiKTeX 2.9\tex/latex/oberdiek\atveryend.sty"
Package: atveryend 2016/05/16 v1.9 Hooks at the very end of document (HO)
Package atveryend Info: \enddocument detected (standard20110627).
)
\Fld@listcount=\count131
\c@bookmark@seq@number=\count132

("D:\Program Files\MiKTeX 2.9\tex/latex/oberdiek\rerunfilecheck.sty"
Package: rerunfilecheck 2016/05/16 v1.8 Rerun checks for auxiliary files (HO)

("D:\Program Files\MiKTeX 2.9\tex/generic/oberdiek\uniquecounter.sty"
Package: uniquecounter 2016/05/16 v1.3 Provide unlimited unique counter (HO)
)
Package uniquecounter Info: New unique counter `rerunfilecheck' on input line 2
85.
)
\Hy@SectionHShift=\skip51
)
Package hyperref Info: Option `colorlinks' set `true' on input line 21.

(dsNotes2.aux)
\openout1 = `dsNotes2.aux'.

LaTeX Font Info:    Checking defaults for OML/cmm/m/it on input line 52.
LaTeX Font Info:    ... okay on input line 52.
LaTeX Font Info:    Checking defaults for T1/cmr/m/n on input line 52.
LaTeX Font Info:    ... okay on input line 52.
LaTeX Font Info:    Checking defaults for OT1/cmr/m/n on input line 52.
LaTeX Font Info:    ... okay on input line 52.
LaTeX Font Info:    Checking defaults for OMS/cmsy/m/n on input line 52.
LaTeX Font Info:    ... okay on input line 52.
LaTeX Font Info:    Checking defaults for OMX/cmex/m/n on input line 52.
LaTeX Font Info:    ... okay on input line 52.
LaTeX Font Info:    Checking defaults for U/cmr/m/n on input line 52.
LaTeX Font Info:    ... okay on input line 52.
LaTeX Font Info:    Checking defaults for PD1/pdf/m/n on input line 52.
LaTeX Font Info:    ... okay on input line 52.

*geometry* driver: auto-detecting
*geometry* detected driver: pdftex
*geometry* verbose mode - [ preamble ] result:
* driver: pdftex
* paper: a4paper
* layout: <same size as paper>
* layoutoffset:(h,v)=(0.0pt,0.0pt)
* modes: 
* h-part:(L,W,R)=(50.58878pt, 496.33032pt, 50.58878pt)
* v-part:(T,H,B)=(50.58878pt, 743.8693pt, 50.58878pt)
* \paperwidth=597.50787pt
* \paperheight=845.04684pt
* \textwidth=496.33032pt
* \textheight=743.8693pt
* \oddsidemargin=-21.68121pt
* \evensidemargin=-21.68121pt
* \topmargin=-58.68121pt
* \headheight=12.0pt
* \headsep=25.0pt
* \topskip=11.0pt
* \footskip=30.0pt
* \marginparwidth=50.0pt
* \marginparsep=10.0pt
* \columnsep=10.0pt
* \skip\footins=10.0pt plus 4.0pt minus 2.0pt
* \hoffset=0.0pt
* \voffset=0.0pt
* \mag=1000
* \@twocolumnfalse
* \@twosidefalse
* \@mparswitchfalse
* \@reversemarginfalse
* (1in=72.27pt=25.4mm, 1cm=28.453pt)

\c@lstlisting=\count133
("D:\Program Files\MiKTeX 2.9\tex/context/base/mkii\supp-pdf.mkii"
[Loading MPS to PDF converter (version 2006.09.02).]
\scratchcounter=\count134
\scratchdimen=\dimen145
\scratchbox=\box59
\nofMPsegments=\count135
\nofMParguments=\count136
\everyMPshowfont=\toks27
\MPscratchCnt=\count137
\MPscratchDim=\dimen146
\MPnumerator=\count138
\makeMPintoPDFobject=\count139
\everyMPtoPDFconversion=\toks28
) ("D:\Program Files\MiKTeX 2.9\tex/latex/epstopdf-pkg\epstopdf-base.sty"
Package: epstopdf-base 2019/11/24 v2.7 Base part for package epstopdf

("D:\Program Files\MiKTeX 2.9\tex/latex/oberdiek\grfext.sty"
Package: grfext 2016/05/16 v1.2 Manage graphics extensions (HO)
)
Package epstopdf-base Info: Redefining graphics rule for `.eps' on input line 4
42.
Package grfext Info: Graphics extension search list:
(grfext)             [.pdf,.png,.jpg,.mps,.jpeg,.jbig2,.jb2,.PDF,.PNG,.JPG,.JPE
G,.JBIG2,.JB2,.eps]
(grfext)             \AppendGraphicsExtensions on input line 460.
)
\AtBeginShipoutBox=\box60
Package hyperref Info: Link coloring ON on input line 52.

("D:\Program Files\MiKTeX 2.9\tex/latex/hyperref\nameref.sty"
Package: nameref 2019/09/16 v2.46 Cross-referencing by name of section

("D:\Program Files\MiKTeX 2.9\tex/latex/oberdiek\refcount.sty"
Package: refcount 2016/05/16 v3.5 Data extraction from label references (HO)
)
("D:\Program Files\MiKTeX 2.9\tex/generic/oberdiek\gettitlestring.sty"
Package: gettitlestring 2016/05/16 v1.5 Cleanup title references (HO)
)
\c@section@level=\count140
)
LaTeX Info: Redefining \ref on input line 52.
LaTeX Info: Redefining \pageref on input line 52.
LaTeX Info: Redefining \nameref on input line 52.

(dsNotes2.out) (dsNotes2.out)
\@outlinefile=\write3
\openout3 = `dsNotes2.out'.

 (dsNotes2.toc
LaTeX Font Info:    Trying to load font information for U+msa on input line 2.

("D:\Program Files\MiKTeX 2.9\tex/latex/amsfonts\umsa.fd"
File: umsa.fd 2013/01/14 v3.01 AMS symbols A
)
LaTeX Font Info:    Trying to load font information for U+msb on input line 2.

("D:\Program Files\MiKTeX 2.9\tex/latex/amsfonts\umsb.fd"
File: umsb.fd 2013/01/14 v3.01 AMS symbols B
) [1

{C:/Users/derek/AppData/Local/MiKTeX/2.9/pdftex/config/pdftex.map}])
\tf@toc=\write4
\openout4 = `dsNotes2.toc'.

 [2]
Underfull \hbox (badness 10000) in paragraph at lines 62--64

 []

("D:\Program Files\MiKTeX 2.9\tex/latex/listings\lstlang1.sty"
File: lstlang1.sty 2019/09/10 1.8c listings language file
)
Underfull \hbox (badness 10000) in paragraph at lines 66--72

 []

pdfTeX warning (ext4): destination with the same identifier (name{page.1}) has 
been already used, duplicate ignored
<to be read again> 
                   \relax 
l.103 ...n = some_value; \end{lstlisting} \newpage
                                                   [1]
Underfull \hbox (badness 10000) in paragraph at lines 119--121

 []

pdfTeX warning (ext4): destination with the same identifier (name{page.2}) has 
been already used, duplicate ignored
<to be read again> 
                   \relax 
l.156 	\begin{lstlisting}[language=SQL]
                                        [2]
Underfull \hbox (badness 10000) in paragraph at lines 195--197

 []

[3] [4] [5]
Underfull \hbox (badness 10000) in paragraph at lines 310--312

 []

[6]
Underfull \hbox (badness 10000) in paragraph at lines 372--374

 []

[7] ("D:\Program Files\MiKTeX 2.9\tex/latex/listings\lstlang1.sty"
File: lstlang1.sty 2019/09/10 1.8c listings language file
) [8]
[9] [10] [11] [12] [13] [14]
Underfull \hbox (badness 10000) in paragraph at lines 742--749

 []

[15] [16]
Underfull \hbox (badness 10000) in paragraph at lines 840--844

 []

[17]
<./Figures/subadj.png, id=964, 395.22656pt x 269.50688pt>
File: ./Figures/subadj.png Graphic file (type png)
<use ./Figures/subadj.png>
Package pdftex.def Info: ./Figures/subadj.png  used on input line 913.
(pdftex.def)             Requested size: 217.37527pt x 148.22923pt.

Overfull \hbox (18.206pt too wide) in paragraph at lines 913--914
[][] 
 []

<./Figures/ticks.png, id=966, 423.08063pt x 317.68687pt>
File: ./Figures/ticks.png Graphic file (type png)
<use ./Figures/ticks.png>
Package pdftex.def Info: ./Figures/ticks.png  used on input line 952.
(pdftex.def)             Requested size: 220.00319pt x 165.1981pt.

Overfull \hbox (20.83391pt too wide) in paragraph at lines 952--953
[][] 
 []

[18 <./Figures/subadj.png> <./Figures/ticks.png>]
<./Figures/lime.png, id=1027, 408.77719pt x 274.02374pt>
File: ./Figures/lime.png Graphic file (type png)
<use ./Figures/lime.png>
Package pdftex.def Info: ./Figures/lime.png  used on input line 999.
(pdftex.def)             Requested size: 388.33612pt x 260.32108pt.
 [19 <./Figures/lime.png>]
<./Figures/barchart.png, id=1070, 402.75468pt x 320.69812pt>
File: ./Figures/barchart.png Graphic file (type png)
<use ./Figures/barchart.png>
Package pdftex.def Info: ./Figures/barchart.png  used on input line 1019.
(pdftex.def)             Requested size: 201.37685pt x 160.34866pt.
<./Figures/sidebyside.png, id=1071, 402.00188pt x 307.1475pt>
File: ./Figures/sidebyside.png Graphic file (type png)
<use ./Figures/sidebyside.png>
Package pdftex.def Info: ./Figures/sidebyside.png  used on input line 1045.
(pdftex.def)             Requested size: 229.14345pt x 175.07588pt.

Overfull \hbox (1.52141pt too wide) in paragraph at lines 1045--1046
[][] 
 []

[20 <./Figures/barchart.png> <./Figures/sidebyside.png>]
<./Figures/lineerr.png, id=1125, 415.5525pt x 307.90031pt>
File: ./Figures/lineerr.png Graphic file (type png)
<use ./Figures/lineerr.png>
Package pdftex.def Info: ./Figures/lineerr.png  used on input line 1087.
(pdftex.def)             Requested size: 236.86739pt x 175.50499pt.

Overfull \hbox (9.24535pt too wide) in paragraph at lines 1087--1088
[][] 
 []

<./Figures/multhist.png, id=1126, 423.83344pt x 319.1925pt>
File: ./Figures/multhist.png Graphic file (type png)
<use ./Figures/multhist.png>
Package pdftex.def Info: ./Figures/multhist.png  used on input line 1120.
(pdftex.def)             Requested size: 203.43773pt x 153.21065pt.

Overfull \hbox (18.25261pt too wide) in paragraph at lines 1101--1121
[]$ $[]$ 
 []

[21 <./Figures/lineerr.png> <./Figures/multhist.png>]
<./Figures/visdiag.png, id=1170, 566.86781pt x 536.75531pt>
File: ./Figures/visdiag.png Graphic file (type png)
<use ./Figures/visdiag.png>
Package pdftex.def Info: ./Figures/visdiag.png  used on input line 1125.
(pdftex.def)             Requested size: 453.49486pt x 429.40482pt.

Underfull \hbox (badness 10000) in paragraph at lines 1124--1133

 []


Underfull \hbox (badness 10000) in paragraph at lines 1124--1133

 []

[22 <./Figures/visdiag.png>] [23]
<./Figures/seamult.png, id=1214, 373.395pt x 268.00125pt>
File: ./Figures/seamult.png Graphic file (type png)
<use ./Figures/seamult.png>
Package pdftex.def Info: ./Figures/seamult.png  used on input line 1196.
(pdftex.def)             Requested size: 186.69704pt x 134.00029pt.

Overfull \hbox (46.70537pt too wide) in paragraph at lines 1183--1198
[]$ $[]$ 
 []


Underfull \hbox (badness 10000) in paragraph at lines 1183--1198

 []

<./Figures/kde.png, id=1215, 418.56375pt x 309.40594pt>
File: ./Figures/kde.png Graphic file (type png)
<use ./Figures/kde.png>
Package pdftex.def Info: ./Figures/kde.png  used on input line 1220.
(pdftex.def)             Requested size: 200.90831pt x 148.51315pt.
<./Figures/bpdist.png, id=1216, 409.53pt x 311.66437pt>
File: ./Figures/bpdist.png Graphic file (type png)
<use ./Figures/bpdist.png>
Package pdftex.def Info: ./Figures/bpdist.png  used on input line 1241.
(pdftex.def)             Requested size: 196.57216pt x 149.5972pt.

Overfull \hbox (83.69403pt too wide) in paragraph at lines 1199--1242
[]$ $[]$ 
 []


Overfull \hbox (83.69403pt too wide) in paragraph at lines 1199--1242
[]$ $[]$ 
 []

[24 <./Figures/seamult.png> <./Figures/kde.png> <./Figures/bpdist.png>]
<./Figures/violin.png, id=1262, 407.27156pt x 314.67563pt>
File: ./Figures/violin.png Graphic file (type png)
<use ./Figures/violin.png>
Package pdftex.def Info: ./Figures/violin.png  used on input line 1263.
(pdftex.def)             Requested size: 195.48811pt x 151.04257pt.

Overfull \hbox (83.69403pt too wide) in paragraph at lines 1244--1265
[]$ $[]$ 
 []


Underfull \hbox (badness 10000) in paragraph at lines 1244--1265

 []


Underfull \hbox (badness 10000) in paragraph at lines 1267--1281

 []

[25 <./Figures/violin.png>]
<./Figures/figure1.png, id=1286, 383.18156pt x 314.67563pt>
File: ./Figures/figure1.png Graphic file (type png)
<use ./Figures/figure1.png>
Package pdftex.def Info: ./Figures/figure1.png  used on input line 1340.
(pdftex.def)             Requested size: 149.4402pt x 122.72299pt.
<./Figures/figure2.png, id=1287, 412.54124pt x 327.47343pt>
File: ./Figures/figure2.png Graphic file (type png)
<use ./Figures/figure2.png>
Package pdftex.def Info: ./Figures/figure2.png  used on input line 1343.
(pdftex.def)             Requested size: 160.89043pt x 127.71413pt.
<./Figures/figure3.png, id=1288, 408.02437pt x 321.45094pt>
File: ./Figures/figure3.png Graphic file (type png)
<use ./Figures/figure3.png>
Package pdftex.def Info: ./Figures/figure3.png  used on input line 1346.
(pdftex.def)             Requested size: 159.12886pt x 125.36536pt.

Overfull \hbox (6.45953pt too wide) in paragraph at lines 1339--1347
$[]$ $[]$ $[]$ 
 []

[26 <./Figures/figure1.png> <./Figures/figure2.png> <./Figures/figure3.png>]
[27]
<./Figures/chest.png, id=1379, 452.4403pt x 335.00156pt>
File: ./Figures/chest.png Graphic file (type png)
<use ./Figures/chest.png>
Package pdftex.def Info: ./Figures/chest.png  used on input line 1410.
(pdftex.def)             Requested size: 226.2196pt x 167.50037pt.

Underfull \hbox (badness 10000) in paragraph at lines 1402--1415

 []


Overfull \hbox (4.02623pt too wide) in paragraph at lines 1402--1415
[]$ $[]$
 []

[28 <./Figures/chest.png>]
Underfull \hbox (badness 10000) in paragraph at lines 1437--1443

 []

<./Figures/bpquart.png, id=1396, 409.53pt x 320.69812pt>
File: ./Figures/bpquart.png Graphic file (type png)
<use ./Figures/bpquart.png>
Package pdftex.def Info: ./Figures/bpquart.png  used on input line 1464.
(pdftex.def)             Requested size: 163.80908pt x 128.27696pt.
[29 <./Figures/bpquart.png>] [30]
Underfull \hbox (badness 10000) in paragraph at lines 1515--1520

 []


Underfull \hbox (badness 10000) in paragraph at lines 1515--1520

 []


Underfull \hbox (badness 10000) in paragraph at lines 1538--1543

 []

[31]
Underfull \hbox (badness 10000) in paragraph at lines 1551--1560

 []

[32] [33] [34]
Underfull \hbox (badness 10000) in paragraph at lines 1661--1667

 []

LaTeX Font Info:    Trying to load font information for OMS+cmr on input line 1
705.
("D:\Program Files\MiKTeX 2.9\tex/latex/base\omscmr.fd"
File: omscmr.fd 2014/09/29 v2.5h Standard LaTeX font definitions
)
LaTeX Font Info:    Font shape `OMS/cmr/m/n' in size <10.95> not available
(Font)              Font shape `OMS/cmsy/m/n' tried instead on input line 1705.

 [35]
Underfull \hbox (badness 10000) in paragraph at lines 1708--1711

 []

[36]
Underfull \hbox (badness 10000) in paragraph at lines 1779--1785

 []


Underfull \hbox (badness 10000) in paragraph at lines 1779--1785

 []

[37] [38] [39] [40] [41] [42]
Underfull \hbox (badness 10000) in paragraph at lines 2016--2024

 []


Underfull \hbox (badness 10000) in paragraph at lines 2035--2036

 []

[43] [44]
Underfull \hbox (badness 10000) in paragraph at lines 2075--2084

 []

[45] [46] [47] [48]
Package atveryend Info: Empty hook `BeforeClearDocument' on input line 2258.
 [49]
Package atveryend Info: Empty hook `AfterLastShipout' on input line 2258.
 (dsNotes2.aux)
Package atveryend Info: Executing hook `AtVeryEndDocument' on input line 2258.
Package atveryend Info: Executing hook `AtEndAfterFileList' on input line 2258.

Package rerunfilecheck Info: File `dsNotes2.out' has not changed.
(rerunfilecheck)             Checksum: 0F1A7F5A8C38A5D582D0D21E66DEB935;3656.
Package atveryend Info: Empty hook `AtVeryVeryEnd' on input line 2258.
 ) 
Here is how much of TeX's memory you used:
 12442 strings out of 492484
 176286 string characters out of 3131051
 660693 words of memory out of 3000000
 14993 multiletter control sequences out of 15000+200000
 14813 words of font info for 54 fonts, out of 3000000 for 9000
 1141 hyphenation exceptions out of 8191
 39i,7n,42p,769b,1607s stack positions out of 5000i,500n,10000p,200000b,50000s
<D:/Program Files/MiKTeX 2.9/fonts/type1/public/amsfonts/cm/cmbx10.pfb><D:/Pr
ogram Files/MiKTeX 2.9/fonts/type1/public/amsfonts/cm/cmbx12.pfb><D:/Program Fi
les/MiKTeX 2.9/fonts/type1/public/amsfonts/cm/cmex10.pfb><D:/Program Files/MiKT
eX 2.9/fonts/type1/public/amsfonts/cm/cmmi10.pfb><D:/Program Files/MiKTeX 2.9/f
onts/type1/public/amsfonts/cm/cmmi8.pfb><D:/Program Files/MiKTeX 2.9/fonts/type
1/public/amsfonts/cm/cmr10.pfb><D:/Program Files/MiKTeX 2.9/fonts/type1/public/
amsfonts/cm/cmr6.pfb><D:/Program Files/MiKTeX 2.9/fonts/type1/public/amsfonts/c
m/cmr8.pfb><D:/Program Files/MiKTeX 2.9/fonts/type1/public/amsfonts/cm/cmsl10.p
fb><D:/Program Files/MiKTeX 2.9/fonts/type1/public/amsfonts/cm/cmsy10.pfb><D:/P
rogram Files/MiKTeX 2.9/fonts/type1/public/amsfonts/cm/cmti10.pfb><D:/Program F
iles/MiKTeX 2.9/fonts/type1/public/amsfonts/cm/cmtt9.pfb>
Output written on dsNotes2.pdf (51 pages, 934480 bytes).
PDF statistics:
 2412 PDF objects out of 2487 (max. 8388607)
 1623 named destinations out of 1728 (max. 500000)
 478 words of extra memory for PDF output out of 10000 (max. 10000000)

