This is pdfTeX, Version 3.14159265-2.6-1.40.20 (TeX Live 2019) (preloaded format=pdflatex 2019.5.8)  28 SEP 2020 10:31
entering extended mode
 restricted \write18 enabled.
 %&-line parsing enabled.
**dlNotes.tex
(./dlNotes.tex
LaTeX2e <2018-12-01>
(/usr/local/texlive/2019/texmf-dist/tex/latex/base/article.cls
Document Class: article 2018/09/03 v1.4i Standard LaTeX document class
(/usr/local/texlive/2019/texmf-dist/tex/latex/base/size11.clo
File: size11.clo 2018/09/03 v1.4i Standard LaTeX file (size option)
)
\c@part=\count80
\c@section=\count81
\c@subsection=\count82
\c@subsubsection=\count83
\c@paragraph=\count84
\c@subparagraph=\count85
\c@figure=\count86
\c@table=\count87
\abovecaptionskip=\skip41
\belowcaptionskip=\skip42
\bibindent=\dimen102
)
(/usr/local/texlive/2019/texmf-dist/tex/latex/base/inputenc.sty
Package: inputenc 2018/08/11 v1.3c Input encoding file
\inpenc@prehook=\toks14
\inpenc@posthook=\toks15
)
(/usr/local/texlive/2019/texmf-dist/tex/latex/geometry/geometry.sty
Package: geometry 2018/04/16 v5.8 Page Geometry

(/usr/local/texlive/2019/texmf-dist/tex/latex/graphics/keyval.sty
Package: keyval 2014/10/28 v1.15 key=value parser (DPC)
\KV@toks@=\toks16
)
(/usr/local/texlive/2019/texmf-dist/tex/generic/oberdiek/ifpdf.sty
Package: ifpdf 2018/09/07 v3.3 Provides the ifpdf switch
)
(/usr/local/texlive/2019/texmf-dist/tex/generic/oberdiek/ifvtex.sty
Package: ifvtex 2016/05/16 v1.6 Detect VTeX and its facilities (HO)
Package ifvtex Info: VTeX not detected.
)
(/usr/local/texlive/2019/texmf-dist/tex/generic/ifxetex/ifxetex.sty
Package: ifxetex 2010/09/12 v0.6 Provides ifxetex conditional
)
\Gm@cnth=\count88
\Gm@cntv=\count89
\c@Gm@tempcnt=\count90
\Gm@bindingoffset=\dimen103
\Gm@wd@mp=\dimen104
\Gm@odd@mp=\dimen105
\Gm@even@mp=\dimen106
\Gm@layoutwidth=\dimen107
\Gm@layoutheight=\dimen108
\Gm@layouthoffset=\dimen109
\Gm@layoutvoffset=\dimen110
\Gm@dimlist=\toks17
)
(/usr/local/texlive/2019/texmf-dist/tex/latex/listings/listings.sty
\lst@mode=\count91
\lst@gtempboxa=\box27
\lst@token=\toks18
\lst@length=\count92
\lst@currlwidth=\dimen111
\lst@column=\count93
\lst@pos=\count94
\lst@lostspace=\dimen112
\lst@width=\dimen113
\lst@newlines=\count95
\lst@lineno=\count96
\lst@maxwidth=\dimen114

(/usr/local/texlive/2019/texmf-dist/tex/latex/listings/lstmisc.sty
File: lstmisc.sty 2019/02/27 1.8b (Carsten Heinz)
\c@lstnumber=\count97
\lst@skipnumbers=\count98
\lst@framebox=\box28
)
(/usr/local/texlive/2019/texmf-dist/tex/latex/listings/listings.cfg
File: listings.cfg 2019/02/27 1.8b listings configuration
))
Package: listings 2019/02/27 1.8b (Carsten Heinz)

(/usr/local/texlive/2019/texmf-dist/tex/latex/setspace/setspace.sty
Package: setspace 2011/12/19 v6.7a set line spacing
)
(/usr/local/texlive/2019/texmf-dist/tex/latex/xcolor/xcolor.sty
Package: xcolor 2016/05/11 v2.12 LaTeX color extensions (UK)

(/usr/local/texlive/2019/texmf-dist/tex/latex/graphics-cfg/color.cfg
File: color.cfg 2016/01/02 v1.6 sample color configuration
)
Package xcolor Info: Driver file: pdftex.def on input line 225.

(/usr/local/texlive/2019/texmf-dist/tex/latex/graphics-def/pdftex.def
File: pdftex.def 2018/01/08 v1.0l Graphics/color driver for pdftex
)
Package xcolor Info: Model `cmy' substituted by `cmy0' on input line 1348.
Package xcolor Info: Model `hsb' substituted by `rgb' on input line 1352.
Package xcolor Info: Model `RGB' extended on input line 1364.
Package xcolor Info: Model `HTML' substituted by `rgb' on input line 1366.
Package xcolor Info: Model `Hsb' substituted by `hsb' on input line 1367.
Package xcolor Info: Model `tHsb' substituted by `hsb' on input line 1368.
Package xcolor Info: Model `HSB' substituted by `hsb' on input line 1369.
Package xcolor Info: Model `Gray' substituted by `gray' on input line 1370.
Package xcolor Info: Model `wave' substituted by `hsb' on input line 1371.
)
(/usr/local/texlive/2019/texmf-dist/tex/latex/titlesec/titlesec.sty
Package: titlesec 2016/03/21 v2.10.2 Sectioning titles
\ttl@box=\box29
\beforetitleunit=\skip43
\aftertitleunit=\skip44
\ttl@plus=\dimen115
\ttl@minus=\dimen116
\ttl@toksa=\toks19
\titlewidth=\dimen117
\titlewidthlast=\dimen118
\titlewidthfirst=\dimen119
)
(/usr/local/texlive/2019/texmf-dist/tex/latex/enumitem/enumitem.sty
Package: enumitem 2019/02/04 v3.8 Customized lists
\labelindent=\skip45
\enit@outerparindent=\dimen120
\enit@toks=\toks20
\enit@inbox=\box30
\enit@count@id=\count99
\enitdp@description=\count100
)
(/usr/local/texlive/2019/texmf-dist/tex/latex/amsfonts/amssymb.sty
Package: amssymb 2013/01/14 v3.01 AMS font symbols

(/usr/local/texlive/2019/texmf-dist/tex/latex/amsfonts/amsfonts.sty
Package: amsfonts 2013/01/14 v3.01 Basic AMSFonts support
\@emptytoks=\toks21
\symAMSa=\mathgroup4
\symAMSb=\mathgroup5
LaTeX Font Info:    Overwriting math alphabet `\mathfrak' in version `bold'
(Font)                  U/euf/m/n --> U/euf/b/n on input line 106.
))
(/usr/local/texlive/2019/texmf-dist/tex/latex/amsmath/amsmath.sty
Package: amsmath 2018/12/01 v2.17b AMS math features
\@mathmargin=\skip46

For additional information on amsmath, use the `?' option.
(/usr/local/texlive/2019/texmf-dist/tex/latex/amsmath/amstext.sty
Package: amstext 2000/06/29 v2.01 AMS text

(/usr/local/texlive/2019/texmf-dist/tex/latex/amsmath/amsgen.sty
File: amsgen.sty 1999/11/30 v2.0 generic functions
\@emptytoks=\toks22
\ex@=\dimen121
))
(/usr/local/texlive/2019/texmf-dist/tex/latex/amsmath/amsbsy.sty
Package: amsbsy 1999/11/29 v1.2d Bold Symbols
\pmbraise@=\dimen122
)
(/usr/local/texlive/2019/texmf-dist/tex/latex/amsmath/amsopn.sty
Package: amsopn 2016/03/08 v2.02 operator names
)
\inf@bad=\count101
LaTeX Info: Redefining \frac on input line 223.
\uproot@=\count102
\leftroot@=\count103
LaTeX Info: Redefining \overline on input line 385.
\classnum@=\count104
\DOTSCASE@=\count105
LaTeX Info: Redefining \ldots on input line 482.
LaTeX Info: Redefining \dots on input line 485.
LaTeX Info: Redefining \cdots on input line 606.
\Mathstrutbox@=\box31
\strutbox@=\box32
\big@size=\dimen123
LaTeX Font Info:    Redeclaring font encoding OML on input line 729.
LaTeX Font Info:    Redeclaring font encoding OMS on input line 730.
\macc@depth=\count106
\c@MaxMatrixCols=\count107
\dotsspace@=\muskip10
\c@parentequation=\count108
\dspbrk@lvl=\count109
\tag@help=\toks23
\row@=\count110
\column@=\count111
\maxfields@=\count112
\andhelp@=\toks24
\eqnshift@=\dimen124
\alignsep@=\dimen125
\tagshift@=\dimen126
\tagwidth@=\dimen127
\totwidth@=\dimen128
\lineht@=\dimen129
\@envbody=\toks25
\multlinegap=\skip47
\multlinetaggap=\skip48
\mathdisplay@stack=\toks26
LaTeX Info: Redefining \[ on input line 2844.
LaTeX Info: Redefining \] on input line 2845.
)
(/usr/local/texlive/2019/texmf-dist/tex/latex/tools/bm.sty
Package: bm 2017/01/16 v1.2c Bold Symbol Support (DPC/FMi)
\symboldoperators=\mathgroup6
\symboldletters=\mathgroup7
\symboldsymbols=\mathgroup8
LaTeX Font Info:    Redeclaring math alphabet \mathbf on input line 141.
LaTeX Info: Redefining \bm on input line 207.
)
(/usr/local/texlive/2019/texmf-dist/tex/latex/tools/multicol.sty
Package: multicol 2018/12/27 v1.8v multicolumn formatting (FMi)
\c@tracingmulticols=\count113
\mult@box=\box33
\multicol@leftmargin=\dimen130
\c@unbalance=\count114
\c@collectmore=\count115
\doublecol@number=\count116
\multicoltolerance=\count117
\multicolpretolerance=\count118
\full@width=\dimen131
\page@free=\dimen132
\premulticols=\dimen133
\postmulticols=\dimen134
\multicolsep=\skip49
\multicolbaselineskip=\skip50
\partial@page=\box34
\last@line=\box35
\maxbalancingoverflow=\dimen135
\mult@rightbox=\box36
\mult@grightbox=\box37
\mult@gfirstbox=\box38
\mult@firstbox=\box39
\@tempa=\box40
\@tempa=\box41
\@tempa=\box42
\@tempa=\box43
\@tempa=\box44
\@tempa=\box45
\@tempa=\box46
\@tempa=\box47
\@tempa=\box48
\@tempa=\box49
\@tempa=\box50
\@tempa=\box51
\@tempa=\box52
\@tempa=\box53
\@tempa=\box54
\@tempa=\box55
\@tempa=\box56
\c@columnbadness=\count119
\c@finalcolumnbadness=\count120
\last@try=\dimen136
\multicolovershoot=\dimen137
\multicolundershoot=\dimen138
\mult@nat@firstbox=\box57
\colbreak@box=\box58
\mc@col@check@num=\count121
)
(/usr/local/texlive/2019/texmf-dist/tex/latex/graphics/graphicx.sty
Package: graphicx 2017/06/01 v1.1a Enhanced LaTeX Graphics (DPC,SPQR)

(/usr/local/texlive/2019/texmf-dist/tex/latex/graphics/graphics.sty
Package: graphics 2017/06/25 v1.2c Standard LaTeX Graphics (DPC,SPQR)

(/usr/local/texlive/2019/texmf-dist/tex/latex/graphics/trig.sty
Package: trig 2016/01/03 v1.10 sin cos tan (DPC)
)
(/usr/local/texlive/2019/texmf-dist/tex/latex/graphics-cfg/graphics.cfg
File: graphics.cfg 2016/06/04 v1.11 sample graphics configuration
)
Package graphics Info: Driver file: pdftex.def on input line 99.
)
\Gin@req@height=\dimen139
\Gin@req@width=\dimen140
)
(/usr/local/texlive/2019/texmf-dist/tex/latex/hyperref/hyperref.sty
Package: hyperref 2018/11/30 v6.88e Hypertext links for LaTeX

(/usr/local/texlive/2019/texmf-dist/tex/generic/oberdiek/hobsub-hyperref.sty
Package: hobsub-hyperref 2016/05/16 v1.14 Bundle oberdiek, subset hyperref (HO)


(/usr/local/texlive/2019/texmf-dist/tex/generic/oberdiek/hobsub-generic.sty
Package: hobsub-generic 2016/05/16 v1.14 Bundle oberdiek, subset generic (HO)
Package: hobsub 2016/05/16 v1.14 Construct package bundles (HO)
Package: infwarerr 2016/05/16 v1.4 Providing info/warning/error messages (HO)
Package: ltxcmds 2016/05/16 v1.23 LaTeX kernel commands for general use (HO)
Package: ifluatex 2016/05/16 v1.4 Provides the ifluatex switch (HO)
Package ifluatex Info: LuaTeX not detected.
Package hobsub Info: Skipping package `ifvtex' (already loaded).
Package: intcalc 2016/05/16 v1.2 Expandable calculations with integers (HO)
Package hobsub Info: Skipping package `ifpdf' (already loaded).
Package: etexcmds 2016/05/16 v1.6 Avoid name clashes with e-TeX commands (HO)
Package: kvsetkeys 2016/05/16 v1.17 Key value parser (HO)
Package: kvdefinekeys 2016/05/16 v1.4 Define keys (HO)
Package: pdftexcmds 2018/09/10 v0.29 Utility functions of pdfTeX for LuaTeX (HO
)
Package pdftexcmds Info: LuaTeX not detected.
Package pdftexcmds Info: \pdf@primitive is available.
Package pdftexcmds Info: \pdf@ifprimitive is available.
Package pdftexcmds Info: \pdfdraftmode found.
Package: pdfescape 2016/05/16 v1.14 Implements pdfTeX's escape features (HO)
Package: bigintcalc 2016/05/16 v1.4 Expandable calculations on big integers (HO
)
Package: bitset 2016/05/16 v1.2 Handle bit-vector datatype (HO)
Package: uniquecounter 2016/05/16 v1.3 Provide unlimited unique counter (HO)
)
Package hobsub Info: Skipping package `hobsub' (already loaded).
Package: letltxmacro 2016/05/16 v1.5 Let assignment for LaTeX macros (HO)
Package: hopatch 2016/05/16 v1.3 Wrapper for package hooks (HO)
Package: xcolor-patch 2016/05/16 xcolor patch
Package: atveryend 2016/05/16 v1.9 Hooks at the very end of document (HO)
Package atveryend Info: \enddocument detected (standard20110627).
Package: atbegshi 2016/06/09 v1.18 At begin shipout hook (HO)
Package: refcount 2016/05/16 v3.5 Data extraction from label references (HO)
Package: hycolor 2016/05/16 v1.8 Color options for hyperref/bookmark (HO)
)
(/usr/local/texlive/2019/texmf-dist/tex/latex/oberdiek/auxhook.sty
Package: auxhook 2016/05/16 v1.4 Hooks for auxiliary files (HO)
)
(/usr/local/texlive/2019/texmf-dist/tex/latex/oberdiek/kvoptions.sty
Package: kvoptions 2016/05/16 v3.12 Key value format for package options (HO)
)
\@linkdim=\dimen141
\Hy@linkcounter=\count122
\Hy@pagecounter=\count123

(/usr/local/texlive/2019/texmf-dist/tex/latex/hyperref/pd1enc.def
File: pd1enc.def 2018/11/30 v6.88e Hyperref: PDFDocEncoding definition (HO)
Now handling font encoding PD1 ...
... no UTF-8 mapping file for font encoding PD1
)
\Hy@SavedSpaceFactor=\count124

(/usr/local/texlive/2019/texmf-dist/tex/latex/latexconfig/hyperref.cfg
File: hyperref.cfg 2002/06/06 v1.2 hyperref configuration of TeXLive
)
Package hyperref Info: Hyper figures OFF on input line 4519.
Package hyperref Info: Link nesting OFF on input line 4524.
Package hyperref Info: Hyper index ON on input line 4527.
Package hyperref Info: Plain pages OFF on input line 4534.
Package hyperref Info: Backreferencing OFF on input line 4539.
Package hyperref Info: Implicit mode ON; LaTeX internals redefined.
Package hyperref Info: Bookmarks ON on input line 4772.
\c@Hy@tempcnt=\count125

(/usr/local/texlive/2019/texmf-dist/tex/latex/url/url.sty
\Urlmuskip=\muskip11
Package: url 2013/09/16  ver 3.4  Verb mode for urls, etc.
)
LaTeX Info: Redefining \url on input line 5125.
\XeTeXLinkMargin=\dimen142
\Fld@menulength=\count126
\Field@Width=\dimen143
\Fld@charsize=\dimen144
Package hyperref Info: Hyper figures OFF on input line 6380.
Package hyperref Info: Link nesting OFF on input line 6385.
Package hyperref Info: Hyper index ON on input line 6388.
Package hyperref Info: backreferencing OFF on input line 6395.
Package hyperref Info: Link coloring OFF on input line 6400.
Package hyperref Info: Link coloring with OCG OFF on input line 6405.
Package hyperref Info: PDF/A mode OFF on input line 6410.
LaTeX Info: Redefining \ref on input line 6450.
LaTeX Info: Redefining \pageref on input line 6454.
\Hy@abspage=\count127
\c@Item=\count128
\c@Hfootnote=\count129
)
Package hyperref Info: Driver (autodetected): hpdftex.

(/usr/local/texlive/2019/texmf-dist/tex/latex/hyperref/hpdftex.def
File: hpdftex.def 2018/11/30 v6.88e Hyperref driver for pdfTeX
\Fld@listcount=\count130
\c@bookmark@seq@number=\count131

(/usr/local/texlive/2019/texmf-dist/tex/latex/oberdiek/rerunfilecheck.sty
Package: rerunfilecheck 2016/05/16 v1.8 Rerun checks for auxiliary files (HO)
Package uniquecounter Info: New unique counter `rerunfilecheck' on input line 2
82.
)
\Hy@SectionHShift=\skip51
)
Package hyperref Info: Option `colorlinks' set `true' on input line 21.

(/usr/local/texlive/2019/texmf-dist/tex/latex/listings/lstlang1.sty
File: lstlang1.sty 2019/02/27 1.8b listings language file
)
(./dlNotes.aux)
\openout1 = `dlNotes.aux'.

LaTeX Font Info:    Checking defaults for OML/cmm/m/it on input line 53.
LaTeX Font Info:    ... okay on input line 53.
LaTeX Font Info:    Checking defaults for T1/cmr/m/n on input line 53.
LaTeX Font Info:    ... okay on input line 53.
LaTeX Font Info:    Checking defaults for OT1/cmr/m/n on input line 53.
LaTeX Font Info:    ... okay on input line 53.
LaTeX Font Info:    Checking defaults for OMS/cmsy/m/n on input line 53.
LaTeX Font Info:    ... okay on input line 53.
LaTeX Font Info:    Checking defaults for OMX/cmex/m/n on input line 53.
LaTeX Font Info:    ... okay on input line 53.
LaTeX Font Info:    Checking defaults for U/cmr/m/n on input line 53.
LaTeX Font Info:    ... okay on input line 53.
LaTeX Font Info:    Checking defaults for PD1/pdf/m/n on input line 53.
LaTeX Font Info:    ... okay on input line 53.

*geometry* driver: auto-detecting
*geometry* detected driver: pdftex
*geometry* verbose mode - [ preamble ] result:
* driver: pdftex
* paper: a4paper
* layout: <same size as paper>
* layoutoffset:(h,v)=(0.0pt,0.0pt)
* modes: 
* h-part:(L,W,R)=(50.58878pt, 496.33032pt, 50.58878pt)
* v-part:(T,H,B)=(50.58878pt, 743.8693pt, 50.58878pt)
* \paperwidth=597.50787pt
* \paperheight=845.04684pt
* \textwidth=496.33032pt
* \textheight=743.8693pt
* \oddsidemargin=-21.68121pt
* \evensidemargin=-21.68121pt
* \topmargin=-58.68121pt
* \headheight=12.0pt
* \headsep=25.0pt
* \topskip=11.0pt
* \footskip=30.0pt
* \marginparwidth=50.0pt
* \marginparsep=10.0pt
* \columnsep=10.0pt
* \skip\footins=10.0pt plus 4.0pt minus 2.0pt
* \hoffset=0.0pt
* \voffset=0.0pt
* \mag=1000
* \@twocolumnfalse
* \@twosidefalse
* \@mparswitchfalse
* \@reversemarginfalse
* (1in=72.27pt=25.4mm, 1cm=28.453pt)

\c@lstlisting=\count132
(/usr/local/texlive/2019/texmf-dist/tex/context/base/mkii/supp-pdf.mkii
[Loading MPS to PDF converter (version 2006.09.02).]
\scratchcounter=\count133
\scratchdimen=\dimen145
\scratchbox=\box59
\nofMPsegments=\count134
\nofMParguments=\count135
\everyMPshowfont=\toks27
\MPscratchCnt=\count136
\MPscratchDim=\dimen146
\MPnumerator=\count137
\makeMPintoPDFobject=\count138
\everyMPtoPDFconversion=\toks28
) (/usr/local/texlive/2019/texmf-dist/tex/latex/oberdiek/epstopdf-base.sty
Package: epstopdf-base 2016/05/15 v2.6 Base part for package epstopdf

(/usr/local/texlive/2019/texmf-dist/tex/latex/oberdiek/grfext.sty
Package: grfext 2016/05/16 v1.2 Manage graphics extensions (HO)
)
Package epstopdf-base Info: Redefining graphics rule for `.eps' on input line 4
38.
Package grfext Info: Graphics extension search list:
(grfext)             [.pdf,.png,.jpg,.mps,.jpeg,.jbig2,.jb2,.PDF,.PNG,.JPG,.JPE
G,.JBIG2,.JB2,.eps]
(grfext)             \AppendGraphicsExtensions on input line 456.

(/usr/local/texlive/2019/texmf-dist/tex/latex/latexconfig/epstopdf-sys.cfg
File: epstopdf-sys.cfg 2010/07/13 v1.3 Configuration of (r)epstopdf for TeX Liv
e
))
\AtBeginShipoutBox=\box60
Package hyperref Info: Link coloring ON on input line 53.

(/usr/local/texlive/2019/texmf-dist/tex/latex/hyperref/nameref.sty
Package: nameref 2016/05/21 v2.44 Cross-referencing by name of section

(/usr/local/texlive/2019/texmf-dist/tex/generic/oberdiek/gettitlestring.sty
Package: gettitlestring 2016/05/16 v1.5 Cleanup title references (HO)
)
\c@section@level=\count139
)
LaTeX Info: Redefining \ref on input line 53.
LaTeX Info: Redefining \pageref on input line 53.
LaTeX Info: Redefining \nameref on input line 53.

(./dlNotes.out) (./dlNotes.out)
\@outlinefile=\write3
\openout3 = `dlNotes.out'.

 (./dlNotes.toc
LaTeX Font Info:    Try loading font information for U+msa on input line 2.

(/usr/local/texlive/2019/texmf-dist/tex/latex/amsfonts/umsa.fd
File: umsa.fd 2013/01/14 v3.01 AMS symbols A
)
LaTeX Font Info:    Try loading font information for U+msb on input line 2.

(/usr/local/texlive/2019/texmf-dist/tex/latex/amsfonts/umsb.fd
File: umsb.fd 2013/01/14 v3.01 AMS symbols B
) [1

{/usr/local/texlive/2019/texmf-var/fonts/map/pdftex/updmap/pdftex.map}])
\tf@toc=\write4
\openout4 = `dlNotes.toc'.

 [2]
<./Figures/nn_intro.png, id=413, 675.52374pt x 405.515pt>
File: ./Figures/nn_intro.png Graphic file (type png)
<use ./Figures/nn_intro.png>
Package pdftex.def Info: ./Figures/nn_intro.png  used on input line 69.
(pdftex.def)             Requested size: 168.88052pt x 101.3785pt.

Overfull \hbox (74.57448pt too wide) in paragraph at lines 69--70
[]|  [] 
 []


Underfull \hbox (badness 10000) in paragraph at lines 65--78

 []


Underfull \hbox (badness 10000) in paragraph at lines 65--78

 []

pdfTeX warning (ext4): destination with the same identifier (name{page.1}) has 
been already used, duplicate ignored
<to be read again> 
                   \relax 
l.82 ...is to be large ($\hat{y}$ small). \newpage
                                                   [1 <./Figures/nn_intro.png>]

Underfull \hbox (badness 10000) in paragraph at lines 85--85

 []

<./Figures/grad_desc.png, id=427, 451.6875pt x 225.84375pt>
File: ./Figures/grad_desc.png Graphic file (type png)
<use ./Figures/grad_desc.png>
Package pdftex.def Info: ./Figures/grad_desc.png  used on input line 91.
(pdftex.def)             Requested size: 180.67178pt x 90.33589pt.

Overfull \hbox (9.95526pt too wide) in paragraph at lines 91--92
[][] 
 []


Underfull \hbox (badness 10000) in paragraph at lines 87--93

 []


Underfull \hbox (badness 10000) in paragraph at lines 96--99

 []

<./Figures/comp_graph.png, id=429, 1242.89343pt x 328.22626pt>
File: ./Figures/comp_graph.png Graphic file (type png)
<use ./Figures/comp_graph.png>
Package pdftex.def Info: ./Figures/comp_graph.png  used on input line 102.
(pdftex.def)             Requested size: 248.57428pt x 65.64407pt.

Overfull \hbox (77.85776pt too wide) in paragraph at lines 102--103
[][] 
 []


Underfull \hbox (badness 10000) in paragraph at lines 93--131

 []


Underfull \hbox (badness 10000) in paragraph at lines 93--131

 []

pdfTeX warning (ext4): destination with the same identifier (name{page.2}) has 
been already used, duplicate ignored
<to be read again> 
                   \relax 
l.131 	\end{minipage} \newpage
                               [2 <./Figures/grad_desc.png> <./Figures/comp_gra
ph.png>]
Underfull \hbox (badness 10000) in paragraph at lines 135--136

 []


Underfull \hbox (badness 10000) in paragraph at lines 136--138

 []


Underfull \hbox (badness 10000) in paragraph at lines 138--140

 []

[3]
Underfull \hbox (badness 10000) in paragraph at lines 149--157

 []

[4]
<./Figures/cat_log.png, id=449, 687.06688pt x 414.04688pt>
File: ./Figures/cat_log.png Graphic file (type png)
<use ./Figures/cat_log.png>
Package pdftex.def Info: ./Figures/cat_log.png  used on input line 187.
(pdftex.def)             Requested size: 343.5326pt x 207.02292pt.
 [5 <./Figures/cat_log.png>] [6] [7]
<./Figures/model_output.png, id=582, 320.19624pt x 385.44pt>
File: ./Figures/model_output.png Graphic file (type png)
<use ./Figures/model_output.png>
Package pdftex.def Info: ./Figures/model_output.png  used on input line 367.
(pdftex.def)             Requested size: 128.07622pt x 154.17326pt.
 [8 <./Figures/model_output.png>]
<./Figures/NN_rep.png, id=635, 751.80875pt x 494.34688pt>
File: ./Figures/NN_rep.png Graphic file (type png)
<use ./Figures/NN_rep.png>
Package pdftex.def Info: ./Figures/NN_rep.png  used on input line 384.
(pdftex.def)             Requested size: 375.90344pt x 247.17284pt.
<./Figures/act_func.png, id=636, 559.59062pt x 243.91125pt>
File: ./Figures/act_func.png Graphic file (type png)
<use ./Figures/act_func.png>
Package pdftex.def Info: ./Figures/act_func.png  used on input line 390.
(pdftex.def)             Requested size: 223.83228pt x 97.56276pt.

Overfull \hbox (81.5685pt too wide) in paragraph at lines 390--391
[][] 
 []


Underfull \hbox (badness 10000) in paragraph at lines 386--392

 []

[9 <./Figures/NN_rep.png> <./Figures/act_func.png>]
<./Figures/sigmoid.png, id=643, 471.26062pt x 171.64125pt>
File: ./Figures/sigmoid.png Graphic file (type png)
<use ./Figures/sigmoid.png>
Package pdftex.def Info: ./Figures/sigmoid.png  used on input line 415.
(pdftex.def)             Requested size: 141.37927pt x 51.49275pt.
<./Figures/tanh.png, id=644, 483.8075pt x 160.6pt>
File: ./Figures/tanh.png Graphic file (type png)
<use ./Figures/tanh.png>
Package pdftex.def Info: ./Figures/tanh.png  used on input line 415.
(pdftex.def)             Requested size: 145.14337pt x 48.18036pt.
<./Figures/relu.png, id=645, 487.32062pt x 155.58125pt>
File: ./Figures/relu.png Graphic file (type png)
<use ./Figures/relu.png>
Package pdftex.def Info: ./Figures/relu.png  used on input line 416.
(pdftex.def)             Requested size: 146.19731pt x 46.67473pt.
<./Figures/leaky_relu.png, id=646, 513.41812pt x 180.675pt>
File: ./Figures/leaky_relu.png Graphic file (type png)
<use ./Figures/leaky_relu.png>
Package pdftex.def Info: ./Figures/leaky_relu.png  used on input line 416.
(pdftex.def)             Requested size: 154.02661pt x 54.20291pt.
 [10 <./Figures/sigmoid.png> <./Figures/tanh.png> <./Figures/relu.png> <./Figur
es/leaky_relu.png>]
Underfull \hbox (badness 10000) in paragraph at lines 420--447

 []

<./Figures/planar.png, id=655, 326.21875pt x 237.38687pt>
File: ./Figures/planar.png Graphic file (type png)
<use ./Figures/planar.png>
Package pdftex.def Info: ./Figures/planar.png  used on input line 450.
(pdftex.def)             Requested size: 185.94661pt x 135.31192pt.

Overfull \hbox (1.00371pt too wide) in paragraph at lines 450--451
[][] 
 []

[11 <./Figures/planar.png>]
<./Figures/planar_nn.png, id=662, 638.88687pt x 323.2075pt>
File: ./Figures/planar_nn.png Graphic file (type png)
<use ./Figures/planar_nn.png>
Package pdftex.def Info: ./Figures/planar_nn.png  used on input line 482.
(pdftex.def)             Requested size: 351.38885pt x 177.76466pt.

Underfull \hbox (badness 10000) in paragraph at lines 481--484

 []


LaTeX Font Warning: Command \large invalid in math mode on input line 490.


LaTeX Font Warning: Command \small invalid in math mode on input line 490.


LaTeX Font Warning: Command \large invalid in math mode on input line 490.


LaTeX Font Warning: Command \small invalid in math mode on input line 490.

[12 <./Figures/planar_nn.png>] [13]

LaTeX Font Warning: Command \large invalid in math mode on input line 551.


LaTeX Font Warning: Command \small invalid in math mode on input line 551.


LaTeX Font Warning: Command \large invalid in math mode on input line 551.


LaTeX Font Warning: Command \small invalid in math mode on input line 551.


Underfull \hbox (badness 10000) in paragraph at lines 575--576

 []

[14] [15] [16]
<./Figures/planar_output.png, id=876, 419.06563pt x 480.29437pt>
File: ./Figures/planar_output.png Graphic file (type png)
<use ./Figures/planar_output.png>
Package pdftex.def Info: ./Figures/planar_output.png  used on input line 718.
(pdftex.def)             Requested size: 209.53229pt x 240.14659pt.

Underfull \hbox (badness 10000) in paragraph at lines 717--724

 []


Underfull \hbox (badness 10000) in paragraph at lines 717--724

 []

<./Figures/deep_nn.png, id=877, 689.57625pt x 330.73563pt>
File: ./Figures/deep_nn.png Graphic file (type png)
<use ./Figures/deep_nn.png>
Package pdftex.def Info: ./Figures/deep_nn.png  used on input line 727.
(pdftex.def)             Requested size: 310.30644pt x 148.82965pt.
[17 <./Figures/planar_output.png> <./Figures/deep_nn.png>]
Underfull \hbox (badness 10000) in paragraph at lines 740--749

 []


Underfull \hbox (badness 10000) in paragraph at lines 740--749

 []


Underfull \hbox (badness 10000) in paragraph at lines 740--749

 []

[18]
Underfull \hbox (badness 10000) in paragraph at lines 783--797

 []

[19]
<./Figures/deep_fig.png, id=922, 606.76688pt x 384.6872pt>
File: ./Figures/deep_fig.png Graphic file (type png)
<use ./Figures/deep_fig.png>
Package pdftex.def Info: ./Figures/deep_fig.png  used on input line 800.
(pdftex.def)             Requested size: 394.3938pt x 250.0437pt.
 [20 <./Figures/deep_fig.png>] [21]
<./Figures/deep_forward_model.png, id=998, 462.97969pt x 260.47313pt>
File: ./Figures/deep_forward_model.png Graphic file (type png)
<use ./Figures/deep_forward_model.png>
Package pdftex.def Info: ./Figures/deep_forward_model.png  used on input line 8
84.
(pdftex.def)             Requested size: 324.08356pt x 182.32994pt.
 [22 <./Figures/deep_forward_model.png>]
<./Figures/deep_back_prop.png, id=1036, 517.18219pt x 188.20313pt>
File: ./Figures/deep_back_prop.png Graphic file (type png)
<use ./Figures/deep_back_prop.png>
Package pdftex.def Info: ./Figures/deep_back_prop.png  used on input line 937.
(pdftex.def)             Requested size: 310.3117pt x 112.92273pt.
<./Figures/linear_back.png, id=1037, 198.7425pt x 225.84375pt>
File: ./Figures/linear_back.png Graphic file (type png)
<use ./Figures/linear_back.png>
Package pdftex.def Info: ./Figures/linear_back.png  used on input line 949.
(pdftex.def)             Requested size: 178.86658pt x 203.25748pt.

Underfull \hbox (badness 10000) in paragraph at lines 937--950

 []

[23 <./Figures/deep_back_prop.png> <./Figures/linear_back.png>] [24]
<./Figures/l_back_prop.png, id=1120, 328.22626pt x 221.32687pt>
File: ./Figures/l_back_prop.png Graphic file (type png)
<use ./Figures/l_back_prop.png>
Package pdftex.def Info: ./Figures/l_back_prop.png  used on input line 1012.
(pdftex.def)             Requested size: 229.7568pt x 154.92773pt.

Underfull \hbox (badness 10000) in paragraph at lines 1007--1014

 []

[25 <./Figures/l_back_prop.png>] [26]
<./Figures/cat_shape.png, id=1214, 218.31563pt x 94.85437pt>
File: ./Figures/cat_shape.png Graphic file (type png)
<use ./Figures/cat_shape.png>
Package pdftex.def Info: ./Figures/cat_shape.png  used on input line 1109.
(pdftex.def)             Requested size: 174.65273pt x 75.88358pt.
<./Figures/cat_stand.png, id=1215, 371.88937pt x 225.09094pt>
File: ./Figures/cat_stand.png Graphic file (type png)
<use ./Figures/cat_stand.png>
Package pdftex.def Info: ./Figures/cat_stand.png  used on input line 1116.
(pdftex.def)             Requested size: 260.32079pt x 157.56258pt.
<./Figures/two_layer_cat.png, id=1216, 504.38437pt x 305.64188pt>
File: ./Figures/two_layer_cat.png Graphic file (type png)
<use ./Figures/two_layer_cat.png>
Package pdftex.def Info: ./Figures/two_layer_cat.png  used on input line 1127.
(pdftex.def)             Requested size: 302.63295pt x 183.38652pt.
 [27 <./Figures/cat_shape.png> <./Figures/cat_stand.png> <./Figures/two_layer_c
at.png>]
Underfull \hbox (badness 10000) in paragraph at lines 1130--1145

 []

[28]
<./Figures/cost_cat_2.png, id=1285, 258.9675pt x 96.36pt>
File: ./Figures/cost_cat_2.png Graphic file (type png)
<use ./Figures/cost_cat_2.png>
Package pdftex.def Info: ./Figures/cost_cat_2.png  used on input line 1237.
(pdftex.def)             Requested size: 233.06857pt x 86.72318pt.

Overfull \hbox (16.41559pt too wide) in paragraph at lines 1237--1238
[]|  [] 
 []

<./Figures/lr_graph_2.png, id=1286, 270.25969pt x 210.7875pt>
File: ./Figures/lr_graph_2.png Graphic file (type png)
<use ./Figures/lr_graph_2.png>
Package pdftex.def Info: ./Figures/lr_graph_2.png  used on input line 1240.
(pdftex.def)             Requested size: 162.15706pt x 126.47346pt.
[29 <./Figures/cost_cat_2.png> <./Figures/lr_graph_2.png>]
<./Figures/l_layer_cat.png, id=1340, 517.18219pt x 301.8778pt>
File: ./Figures/l_layer_cat.png Graphic file (type png)
<use ./Figures/l_layer_cat.png>
Package pdftex.def Info: ./Figures/l_layer_cat.png  used on input line 1245.
(pdftex.def)             Requested size: 362.02505pt x 211.31302pt.
 [30 <./Figures/l_layer_cat.png>] [31]
<./Figures/bias_var.png, id=1404, 1217.2978pt x 329.73187pt>
File: ./Figures/bias_var.png Graphic file (type png)
<use ./Figures/bias_var.png>
Package pdftex.def Info: ./Figures/bias_var.png  used on input line 1313.
(pdftex.def)             Requested size: 486.9105pt x 131.8904pt.

Underfull \hbox (badness 10000) in paragraph at lines 1326--1333

 []

[32 <./Figures/bias_var.png>]
Underfull \hbox (badness 10000) in paragraph at lines 1337--1340

 []

<./Figures/dropout_reg.png, id=1410, 680.5425pt x 162.6075pt>
File: ./Figures/dropout_reg.png Graphic file (type png)
<use ./Figures/dropout_reg.png>
Package pdftex.def Info: ./Figures/dropout_reg.png  used on input line 1348.
(pdftex.def)             Requested size: 408.32864pt x 97.56525pt.
[33 <./Figures/dropout_reg.png>]
Underfull \hbox (badness 10000) in paragraph at lines 1364--1366

 []

<./Figures/normalized_in.png, id=1421, 526.21594pt x 325.215pt>
File: ./Figures/normalized_in.png Graphic file (type png)
<use ./Figures/normalized_in.png>
Package pdftex.def Info: ./Figures/normalized_in.png  used on input line 1367.
(pdftex.def)             Requested size: 184.17833pt x 113.82695pt.
<./Figures/unnormalized_in.png, id=1422, 509.65407pt x 318.43968pt>
File: ./Figures/unnormalized_in.png Graphic file (type png)
<use ./Figures/unnormalized_in.png>
Package pdftex.def Info: ./Figures/unnormalized_in.png  used on input line 1367
.
(pdftex.def)             Requested size: 178.38159pt x 111.45555pt.
<./Figures/single_neuron.png, id=1423, 432.11438pt x 295.85532pt>
File: ./Figures/single_neuron.png Graphic file (type png)
<use ./Figures/single_neuron.png>
Package pdftex.def Info: ./Figures/single_neuron.png  used on input line 1371.
(pdftex.def)             Requested size: 172.84268pt x 118.34003pt.
[34 <./Figures/normalized_in.png> <./Figures/unnormalized_in.png> <./Figures/si
ngle_neuron.png>]
<./Figures/num_grad_check.png, id=1431, 420.06938pt x 371.13657pt>
File: ./Figures/num_grad_check.png Graphic file (type png)
<use ./Figures/num_grad_check.png>
Package pdftex.def Info: ./Figures/num_grad_check.png  used on input line 1378.

(pdftex.def)             Requested size: 168.02477pt x 148.45198pt.

Underfull \hbox (badness 10000) in paragraph at lines 1384--1390

 []

[35 <./Figures/num_grad_check.png>] [36]
<./Figures/planar_data.png, id=1493, 329.73187pt x 189.70876pt>
File: ./Figures/planar_data.png Graphic file (type png)
<use ./Figures/planar_data.png>
Package pdftex.def Info: ./Figures/planar_data.png  used on input line 1469.
(pdftex.def)             Requested size: 181.35307pt x 104.34013pt.

Underfull \hbox (badness 10000) in paragraph at lines 1469--1470

 []


Overfull \hbox (32.47899pt too wide) in paragraph at lines 1457--1475
[]$ $[]$
 []

<./Figures/zeros_init.png, id=1494, 362.85562pt x 206.27063pt>
File: ./Figures/zeros_init.png Graphic file (type png)
<use ./Figures/zeros_init.png>
Package pdftex.def Info: ./Figures/zeros_init.png  used on input line 1495.
(pdftex.def)             Requested size: 199.5712pt x 113.44919pt.

Underfull \hbox (badness 10000) in paragraph at lines 1495--1496

 []


Overfull \hbox (32.47899pt too wide) in paragraph at lines 1491--1498
$[]$ $[]$
 []

[37 <./Figures/planar_data.png> <./Figures/zeros_init.png>]
<./Figures/rand_init_large.png, id=1539, 354.57469pt x 205.5178pt>
File: ./Figures/rand_init_large.png Graphic file (type png)
<use ./Figures/rand_init_large.png>
Package pdftex.def Info: ./Figures/rand_init_large.png  used on input line 1525
.
(pdftex.def)             Requested size: 212.74644pt x 123.31163pt.
<./Figures/dec_bound_rand.png, id=1540, 350.05782pt x 208.52907pt>
File: ./Figures/dec_bound_rand.png Graphic file (type png)
<use ./Figures/dec_bound_rand.png>
Package pdftex.def Info: ./Figures/dec_bound_rand.png  used on input line 1528.

(pdftex.def)             Requested size: 210.0363pt x 125.1184pt.
<./Figures/he_init.png, id=1541, 343.2825pt x 210.03468pt>
File: ./Figures/he_init.png Graphic file (type png)
<use ./Figures/he_init.png>
Package pdftex.def Info: ./Figures/he_init.png  used on input line 1556.
(pdftex.def)             Requested size: 171.64082pt x 105.01707pt.
<./Figures/he_init_dec.png, id=1542, 352.31625pt x 208.52907pt>
File: ./Figures/he_init_dec.png Graphic file (type png)
<use ./Figures/he_init_dec.png>
Package pdftex.def Info: ./Figures/he_init_dec.png  used on input line 1559.
(pdftex.def)             Requested size: 176.15768pt x 104.26427pt.
 [38 <./Figures/rand_init_large.png> <./Figures/dec_bound_rand.png> <./Figures/
he_init.png> <./Figures/he_init_dec.png>]
<./Figures/field.png, id=1585, 478.03593pt x 270.25969pt>
File: ./Figures/field.png Graphic file (type png)
<use ./Figures/field.png>
Package pdftex.def Info: ./Figures/field.png  used on input line 1569.
(pdftex.def)             Requested size: 191.21098pt x 108.10194pt.
<./Figures/field_graph.png, id=1586, 333.49594pt x 188.95593pt>
File: ./Figures/field_graph.png Graphic file (type png)
<use ./Figures/field_graph.png>
Package pdftex.def Info: ./Figures/field_graph.png  used on input line 1572.
(pdftex.def)             Requested size: 226.77423pt x 128.48833pt.
 [39 <./Figures/field.png> <./Figures/field_graph.png>]
<./Figures/no_reg_cost.png, id=1625, 336.50719pt x 210.03468pt>
File: ./Figures/no_reg_cost.png Graphic file (type png)
<use ./Figures/no_reg_cost.png>
Package pdftex.def Info: ./Figures/no_reg_cost.png  used on input line 1662.
(pdftex.def)             Requested size: 171.61638pt x 107.11626pt.
<./Figures/no_reg_bound.png, id=1626, 360.59718pt x 207.77625pt>
File: ./Figures/no_reg_bound.png Graphic file (type png)
<use ./Figures/no_reg_bound.png>
Package pdftex.def Info: ./Figures/no_reg_bound.png  used on input line 1665.
(pdftex.def)             Requested size: 183.90213pt x 105.96448pt.

Overfull \hbox (18.25261pt too wide) in paragraph at lines 1661--1666
$[]$ $[]$ 
 []

[40 <./Figures/no_reg_cost.png> <./Figures/no_reg_bound.png>]

LaTeX Font Warning: Command \large invalid in math mode on input line 1669.


LaTeX Font Warning: Command \small invalid in math mode on input line 1669.


LaTeX Font Warning: Command \large invalid in math mode on input line 1669.


LaTeX Font Warning: Command \small invalid in math mode on input line 1671.


LaTeX Font Warning: Command \large invalid in math mode on input line 1671.


LaTeX Font Warning: Command \small invalid in math mode on input line 1671.


LaTeX Font Warning: Command \large invalid in math mode on input line 1671.

[41]
<./Figures/l2_reg_cost.png, id=1733, 339.51843pt x 212.29312pt>
File: ./Figures/l2_reg_cost.png Graphic file (type png)
<use ./Figures/l2_reg_cost.png>
Package pdftex.def Info: ./Figures/l2_reg_cost.png  used on input line 1743.
(pdftex.def)             Requested size: 173.1521pt x 108.26805pt.
<./Figures/l2_reg_bound.png, id=1734, 361.35pt x 210.03468pt>
File: ./Figures/l2_reg_bound.png Graphic file (type png)
<use ./Figures/l2_reg_bound.png>
Package pdftex.def Info: ./Figures/l2_reg_bound.png  used on input line 1746.
(pdftex.def)             Requested size: 184.28606pt x 107.11626pt.

Overfull \hbox (18.25261pt too wide) in paragraph at lines 1742--1754
$[]$ $[]$
 []


Underfull \hbox (badness 10000) in paragraph at lines 1742--1754

 []

[42 <./Figures/l2_reg_cost.png> <./Figures/l2_reg_bound.png>] [43]
<./Figures/dropout_cost.png, id=1821, 338.01282pt x 214.55156pt>
File: ./Figures/dropout_cost.png Graphic file (type png)
<use ./Figures/dropout_cost.png>
Package pdftex.def Info: ./Figures/dropout_cost.png  used on input line 1861.
(pdftex.def)             Requested size: 172.38425pt x 109.41983pt.
<./Figures/dropout_bound.png, id=1822, 345.54094pt x 204.01219pt>
File: ./Figures/dropout_bound.png Graphic file (type png)
<use ./Figures/dropout_bound.png>
Package pdftex.def Info: ./Figures/dropout_bound.png  used on input line 1864.
(pdftex.def)             Requested size: 176.22354pt x 104.04483pt.

Overfull \hbox (18.25261pt too wide) in paragraph at lines 1860--1866
$[]$ $[]$
 []

[44 <./Figures/dropout_cost.png> <./Figures/dropout_bound.png>]
Underfull \hbox (badness 10000) in paragraph at lines 1878--1881

 []


Underfull \hbox (badness 10000) in paragraph at lines 1878--1881

 []

<./Figures/1d_grad_check.png, id=1875, 461.47406pt x 183.68625pt>
File: ./Figures/1d_grad_check.png Graphic file (type png)
<use ./Figures/1d_grad_check.png>
Package pdftex.def Info: ./Figures/1d_grad_check.png  used on input line 1881.
(pdftex.def)             Requested size: 230.73645pt x 91.84288pt.
[45 <./Figures/1d_grad_check.png>]
Underfull \hbox (badness 10000) in paragraph at lines 1938--1939

 []

<./Figures/n_dim_grad_model.png, id=1901, 447.92343pt x 298.86656pt>
File: ./Figures/n_dim_grad_model.png Graphic file (type png)
<use ./Figures/n_dim_grad_model.png>
Package pdftex.def Info: ./Figures/n_dim_grad_model.png  used on input line 193
9.
(pdftex.def)             Requested size: 291.14677pt x 194.26094pt.
[46 <./Figures/n_dim_grad_model.png>] [47] [48]
Underfull \hbox (badness 10000) in paragraph at lines 2062--2064

 []

[49] [50] [51]
<./Figures/sgd_grad.png, id=2107, 639.13782pt x 182.93344pt>
File: ./Figures/sgd_grad.png Graphic file (type png)
<use ./Figures/sgd_grad.png>
Package pdftex.def Info: ./Figures/sgd_grad.png  used on input line 2163.
(pdftex.def)             Requested size: 383.48566pt x 109.7609pt.
<./Figures/mini_grad.png, id=2108, 566.86781pt x 180.675pt>
File: ./Figures/mini_grad.png Graphic file (type png)
<use ./Figures/mini_grad.png>
Package pdftex.def Info: ./Figures/mini_grad.png  used on input line 2165.
(pdftex.def)             Requested size: 340.1233pt x 108.40582pt.

Underfull \hbox (badness 10000) in paragraph at lines 2166--2169

 []

[52 <./Figures/sgd_grad.png> <./Figures/mini_grad.png>]
<./Figures/velocity.png, id=2115, 319.94531pt x 185.19188pt>
File: ./Figures/velocity.png Graphic file (type png)
<use ./Figures/velocity.png>
Package pdftex.def Info: ./Figures/velocity.png  used on input line 2212.
(pdftex.def)             Requested size: 191.96866pt x 111.11597pt.
 [53 <./Figures/velocity.png>] [54] [55]
<./Figures/moon_data.png, id=2259, 343.2825pt x 197.23688pt>
File: ./Figures/moon_data.png Graphic file (type png)
<use ./Figures/moon_data.png>
Package pdftex.def Info: ./Figures/moon_data.png  used on input line 2372.
(pdftex.def)             Requested size: 188.80594pt x 108.4806pt.
 [56 <./Figures/moon_data.png>] [57]
<./Figures/opt_model_1.png, id=2370, 350.05782pt x 204.765pt>
File: ./Figures/opt_model_1.png Graphic file (type png)
<use ./Figures/opt_model_1.png>
Package pdftex.def Info: ./Figures/opt_model_1.png  used on input line 2487.
(pdftex.def)             Requested size: 150.52191pt x 88.04723pt.
<./Figures/opt_model_2.png, id=2371, 351.56343pt x 209.28188pt>
File: ./Figures/opt_model_2.png Graphic file (type png)
<use ./Figures/opt_model_2.png>
Package pdftex.def Info: ./Figures/opt_model_2.png  used on input line 2487.
(pdftex.def)             Requested size: 151.16931pt x 89.98944pt.
<./Figures/opt_model_3.png, id=2372, 353.82187pt x 207.77625pt>
File: ./Figures/opt_model_3.png Graphic file (type png)
<use ./Figures/opt_model_3.png>
Package pdftex.def Info: ./Figures/opt_model_3.png  used on input line 2487.
(pdftex.def)             Requested size: 152.14043pt x 89.34203pt.
 [58 <./Figures/opt_model_1.png> <./Figures/opt_model_2.png> <./Figures/opt_mod
el_3.png>]
<./Figures/tuning_graph.png, id=2420, 929.72343pt x 679.78969pt>
File: ./Figures/tuning_graph.png Graphic file (type png)
<use ./Figures/tuning_graph.png>
Package pdftex.def Info: ./Figures/tuning_graph.png  used on input line 2498.
(pdftex.def)             Requested size: 139.4525pt x 101.96405pt.

Underfull \hbox (badness 10000) in paragraph at lines 2499--2510

 []


Underfull \hbox (badness 10000) in paragraph at lines 2499--2510

 []

[59 <./Figures/tuning_graph.png>]
Underfull \hbox (badness 10000) in paragraph at lines 2514--2516

 []


Underfull \hbox (badness 10000) in paragraph at lines 2519--2529

 []


Underfull \hbox (badness 10000) in paragraph at lines 2519--2529

 []


Underfull \hbox (badness 10000) in paragraph at lines 2519--2529

 []

[60] [61] [62]

LaTeX Font Warning: Command \large invalid in math mode on input line 2628.


LaTeX Font Warning: Command \small invalid in math mode on input line 2628.


LaTeX Font Warning: Command \large invalid in math mode on input line 2628.


LaTeX Font Warning: Command \small invalid in math mode on input line 2628.

<./Figures/one_hot.png, id=2516, 456.95718pt x 103.88812pt>
File: ./Figures/one_hot.png Graphic file (type png)
<use ./Figures/one_hot.png>
Package pdftex.def Info: ./Figures/one_hot.png  used on input line 2656.
(pdftex.def)             Requested size: 274.1764pt x 62.33334pt.
[63 <./Figures/one_hot.png>]
<./Figures/sign_data.png, id=2563, 642.14906pt x 261.22594pt>
File: ./Figures/sign_data.png Graphic file (type png)
<use ./Figures/sign_data.png>
Package pdftex.def Info: ./Figures/sign_data.png  used on input line 2692.
(pdftex.def)             Requested size: 385.2924pt x 156.73676pt.
 [64 <./Figures/sign_data.png>] [65] [66] [67]
Underfull \hbox (badness 10000) in paragraph at lines 2889--2896

 []


Underfull \hbox (badness 10000) in paragraph at lines 2898--2901

 []

[68]
Underfull \hbox (badness 10000) in paragraph at lines 2905--2920

 []


Underfull \hbox (badness 10000) in paragraph at lines 2905--2920

 []


Underfull \hbox (badness 10000) in paragraph at lines 2923--2925

 []

[69]
Underfull \hbox (badness 10000) in paragraph at lines 2928--2933

 []


Underfull \hbox (badness 10000) in paragraph at lines 2934--2949

 []


Underfull \hbox (badness 10000) in paragraph at lines 2934--2949

 []

[70]
Underfull \hbox (badness 10000) in paragraph at lines 2953--2959

 []

[71]
<./Figures/edge_dect.png, id=2783, 228.10219pt x 231.11343pt>
File: ./Figures/edge_dect.png Graphic file (type png)
<use ./Figures/edge_dect.png>
Package pdftex.def Info: ./Figures/edge_dect.png  used on input line 2982.
(pdftex.def)             Requested size: 114.0508pt x 115.55643pt.

Underfull \hbox (badness 10000) in paragraph at lines 2984--2986

 []

<./Figures/horizontal.png, id=2784, 357.58594pt x 181.42781pt>
File: ./Figures/horizontal.png Graphic file (type png)
<use ./Figures/horizontal.png>
Package pdftex.def Info: ./Figures/horizontal.png  used on input line 2987.
(pdftex.def)             Requested size: 178.79253pt x 90.71368pt.
<./Figures/horizontal_2.png, id=2785, 197.98969pt x 180.675pt>
File: ./Figures/horizontal_2.png Graphic file (type png)
<use ./Figures/horizontal_2.png>
Package pdftex.def Info: ./Figures/horizontal_2.png  used on input line 2987.
(pdftex.def)             Requested size: 98.9946pt x 90.33727pt.
[72 <./Figures/edge_dect.png> <./Figures/horizontal.png> <./Figures/horizontal_
2.png>]
Underfull \hbox (badness 10000) in paragraph at lines 2994--3000

 []

<./Figures/mult_filt.png, id=2793, 589.4522pt x 292.09125pt>
File: ./Figures/mult_filt.png Graphic file (type png)
<use ./Figures/mult_filt.png>
Package pdftex.def Info: ./Figures/mult_filt.png  used on input line 3011.
(pdftex.def)             Requested size: 294.72537pt x 146.04526pt.
[73 <./Figures/mult_filt.png>]
<./Figures/cnn_layer.png, id=2799, 765.45975pt x 249.93375pt>
File: ./Figures/cnn_layer.png Graphic file (type png)
<use ./Figures/cnn_layer.png>
Package pdftex.def Info: ./Figures/cnn_layer.png  used on input line 3017.
(pdftex.def)             Requested size: 459.27939pt x 149.9614pt.
<./Figures/cnn_layer_2.png, id=2800, 457.71pt x 192.11775pt>
File: ./Figures/cnn_layer_2.png Graphic file (type png)
<use ./Figures/cnn_layer_2.png>
Package pdftex.def Info: ./Figures/cnn_layer_2.png  used on input line 3018.
(pdftex.def)             Requested size: 228.85445pt x 96.05864pt.

Underfull \hbox (badness 10000) in paragraph at lines 3020--3035

 []

<./Figures/cnn_ex.png, id=2801, 1155.1155pt x 415.5525pt>
File: ./Figures/cnn_ex.png Graphic file (type png)
<use ./Figures/cnn_ex.png>
Package pdftex.def Info: ./Figures/cnn_ex.png  used on input line 3035.
(pdftex.def)             Requested size: 415.84126pt x 149.59879pt.
[74 <./Figures/cnn_layer.png> <./Figures/cnn_layer_2.png> <./Figures/cnn_ex.png
>]
<./Figures/max_ppol.png, id=2808, 542.77782pt x 211.54031pt>
File: ./Figures/max_ppol.png Graphic file (type png)
<use ./Figures/max_ppol.png>
Package pdftex.def Info: ./Figures/max_ppol.png  used on input line 3045.
(pdftex.def)             Requested size: 217.10727pt x 84.61461pt.
<./Figures/pool_ex.png, id=2809, 1445.4pt x 300.3722pt>
File: ./Figures/pool_ex.png Graphic file (type png)
<use ./Figures/pool_ex.png>
Package pdftex.def Info: ./Figures/pool_ex.png  used on input line 3050.
(pdftex.def)             Requested size: 476.98347pt x 99.12312pt.
 [75 <./Figures/max_ppol.png> <./Figures/pool_ex.png>]
<./Figures/pa1.png, id=2816, 606.265pt x 205.76875pt>
File: ./Figures/pa1.png Graphic file (type png)
<use ./Figures/pa1.png>
Package pdftex.def Info: ./Figures/pa1.png  used on input line 3061.
(pdftex.def)             Requested size: 303.13176pt x 102.88411pt.
 [76 <./Figures/pa1.png>] [77] [78]
File: ./Figures/sign_data.png Graphic file (type png)
<use ./Figures/sign_data.png>
Package pdftex.def Info: ./Figures/sign_data.png  used on input line 3223.
(pdftex.def)             Requested size: 321.07375pt x 130.61264pt.
 [79]
Underfull \hbox (badness 10000) in paragraph at lines 3276--3286

 []

[80] [81] [82]
<./Figures/conv_net_2.png, id=3137, 187.45032pt x 264.99pt>
File: ./Figures/conv_net_2.png Graphic file (type png)
<use ./Figures/conv_net_2.png>
Package pdftex.def Info: ./Figures/conv_net_2.png  used on input line 3425.
(pdftex.def)             Requested size: 168.7037pt x 238.48878pt.
<./Figures/conv_net.png, id=3138, 307.1475pt x 261.97874pt>
File: ./Figures/conv_net.png Graphic file (type png)
<use ./Figures/conv_net.png>
Package pdftex.def Info: ./Figures/conv_net.png  used on input line 3425.
(pdftex.def)             Requested size: 276.43019pt x 235.77869pt.
 [83 <./Figures/conv_net_2.png> <./Figures/conv_net.png>]
<./Figures/lenet_5.png, id=3168, 992.0262pt x 182.1204pt>
File: ./Figures/lenet_5.png Graphic file (type png)
<use ./Figures/lenet_5.png>
Package pdftex.def Info: ./Figures/lenet_5.png  used on input line 3434.
(pdftex.def)             Requested size: 496.01189pt x 91.05997pt.
<./Figures/alex_net.png, id=3169, 692.5875pt x 266.49562pt>
File: ./Figures/alex_net.png Graphic file (type png)
<use ./Figures/alex_net.png>
Package pdftex.def Info: ./Figures/alex_net.png  used on input line 3437.
(pdftex.def)             Requested size: 415.5557pt x 159.89859pt.
<./Figures/vgg_16.png, id=3170, 903.375pt x 508.90125pt>
File: ./Figures/vgg_16.png Graphic file (type png)
<use ./Figures/vgg_16.png>
Package pdftex.def Info: ./Figures/vgg_16.png  used on input line 3439.
(pdftex.def)             Requested size: 361.3436pt x 203.55688pt.

[84 <./Figures/lenet_5.png> <./Figures/alex_net.png> <./Figures/vgg_16.png>]
<./Figures/res_net.png, id=3178, 688.82344pt x 319.1925pt>
File: ./Figures/res_net.png Graphic file (type png)
<use ./Figures/res_net.png>
Package pdftex.def Info: ./Figures/res_net.png  used on input line 3445.
(pdftex.def)             Requested size: 413.29726pt x 191.51697pt.
<./Figures/res_2.png, id=3179, 668.4975pt x 281.55188pt>
File: ./Figures/res_2.png Graphic file (type png)
<use ./Figures/res_2.png>
Package pdftex.def Info: ./Figures/res_2.png  used on input line 3447.
(pdftex.def)             Requested size: 401.1016pt x 168.93242pt.

[85 <./Figures/res_net.png> <./Figures/res_2.png>]
<./Figures/1x1_ex.png, id=3186, 601.4972pt x 155.07938pt>
File: ./Figures/1x1_ex.png Graphic file (type png)
<use ./Figures/1x1_ex.png>
Package pdftex.def Info: ./Figures/1x1_ex.png  used on input line 3452.
(pdftex.def)             Requested size: 342.85696pt x 88.39615pt.
<./Figures/1x1.png, id=3187, 425.33907pt x 173.89969pt>
File: ./Figures/1x1.png Graphic file (type png)
<use ./Figures/1x1.png>
Package pdftex.def Info: ./Figures/1x1.png  used on input line 3454.
(pdftex.def)             Requested size: 242.44577pt x 99.12384pt.
<./Figures/inception.png, id=3188, 609.77812pt x 230.36063pt>
File: ./Figures/inception.png Graphic file (type png)
<use ./Figures/inception.png>
Package pdftex.def Info: ./Figures/inception.png  used on input line 3459.
(pdftex.def)             Requested size: 347.57713pt x 131.3069pt.
 [86 <./Figures/1x1_ex.png> <./Figures/1x1.png> <./Figures/inception.png>]
<./Figures/bottleneck.png, id=3196, 654.94687pt x 207.02344pt>
File: ./Figures/bottleneck.png Graphic file (type png)
<use ./Figures/bottleneck.png>
Package pdftex.def Info: ./Figures/bottleneck.png  used on input line 3464.
(pdftex.def)             Requested size: 373.3236pt x 118.00458pt.

Underfull \hbox (badness 10000) in paragraph at lines 3465--3467

 []

<./Figures/incept_mod.jpg, id=3197, 1017.8025pt x 494.59781pt>
File: ./Figures/incept_mod.jpg Graphic file (type jpg)
<use ./Figures/incept_mod.jpg>
Package pdftex.def Info: ./Figures/incept_mod.jpg  used on input line 3467.
(pdftex.def)             Requested size: 407.1138pt x 197.8356pt.

Underfull \hbox (badness 10000) in paragraph at lines 3468--3469

 []

<./Figures/keras_tut.png, id=3198, 714.41907pt x 181.42781pt>
File: ./Figures/keras_tut.png Graphic file (type png)
<use ./Figures/keras_tut.png>
Package pdftex.def Info: ./Figures/keras_tut.png  used on input line 3472.
(pdftex.def)             Requested size: 500.08994pt x 126.9986pt.

Overfull \hbox (3.75961pt too wide) in paragraph at lines 3472--3472
 [] 
 []

[87 <./Figures/bottleneck.png> <./Figures/incept_mod.jpg> <./Figures/keras_tut.
png>]
Underfull \hbox (badness 10000) in paragraph at lines 3508--3521

 []

[88] [89]
<./Figures/keras_sum.png, id=3299, 399.74344pt x 294.34969pt>
File: ./Figures/keras_sum.png Graphic file (type png)
<use ./Figures/keras_sum.png>
Package pdftex.def Info: ./Figures/keras_sum.png  used on input line 3587.
(pdftex.def)             Requested size: 279.81848pt x 206.04337pt.
<./Figures/keras_graph.png, id=3300, 228.855pt x 560.0925pt>
File: ./Figures/keras_graph.png Graphic file (type png)
<use ./Figures/keras_graph.png>
Package pdftex.def Info: ./Figures/keras_graph.png  used on input line 3587.
(pdftex.def)             Requested size: 114.42722pt x 280.04556pt.
<./Figures/skip_3.png, id=3301, 499.8675pt x 107.65219pt>
File: ./Figures/skip_3.png Graphic file (type png)
<use ./Figures/skip_3.png>
Package pdftex.def Info: ./Figures/skip_3.png  used on input line 3592.
(pdftex.def)             Requested size: 399.89453pt x 86.12186pt.
 [90 <./Figures/keras_sum.png> <./Figures/keras_graph.png> <./Figures/skip_3.pn
g>]
<./Figures/conv_block.png, id=3309, 514.17094pt x 112.16907pt>
File: ./Figures/conv_block.png Graphic file (type png)
<use ./Figures/conv_block.png>
Package pdftex.def Info: ./Figures/conv_block.png  used on input line 3654.
(pdftex.def)             Requested size: 462.74957pt x 100.9512pt.
 [91 <./Figures/conv_block.png>] [92]
<./Figures/deep_res.png, id=3410, 700.6175pt x 142.5325pt>
File: ./Figures/deep_res.png Graphic file (type png)
<use ./Figures/deep_res.png>
Package pdftex.def Info: ./Figures/deep_res.png  used on input line 3715.
(pdftex.def)             Requested size: 455.39598pt x 92.645pt.
 [93 <./Figures/deep_res.png>] [94]
<./Figures/obj_loc.png, id=3491, 549.55313pt x 159.59625pt>
File: ./Figures/obj_loc.png Graphic file (type png)
<use ./Figures/obj_loc.png>
Package pdftex.def Info: ./Figures/obj_loc.png  used on input line 3818.
(pdftex.def)             Requested size: 329.73442pt x 95.75847pt.
 [95 <./Figures/obj_loc.png>]
<./Figures/slid_wind.png, id=3498, 652.68843pt x 135.50626pt>
File: ./Figures/slid_wind.png Graphic file (type png)
<use ./Figures/slid_wind.png>
Package pdftex.def Info: ./Figures/slid_wind.png  used on input line 3836.
(pdftex.def)             Requested size: 456.87878pt x 94.85371pt.
<./Figures/slid_wind_2.png, id=3499, 643.6547pt x 119.69719pt>
File: ./Figures/slid_wind_2.png Graphic file (type png)
<use ./Figures/slid_wind_2.png>
Package pdftex.def Info: ./Figures/slid_wind_2.png  used on input line 3838.
(pdftex.def)             Requested size: 450.5552pt x 83.78745pt.
<./Figures/slid_wind_3.png, id=3500, 654.94687pt x 108.405pt>
File: ./Figures/slid_wind_3.png Graphic file (type png)
<use ./Figures/slid_wind_3.png>
Package pdftex.def Info: ./Figures/slid_wind_3.png  used on input line 3840.
(pdftex.def)             Requested size: 458.45969pt x 75.88297pt.
 [96 <./Figures/slid_wind.png> <./Figures/slid_wind_2.png> <./Figures/slid_wind
_3.png>]
Underfull \hbox (badness 10000) in paragraph at lines 3847--3862

 []


Underfull \hbox (badness 10000) in paragraph at lines 3847--3862

 []


Underfull \hbox (badness 10000) in paragraph at lines 3847--3862

 []


Underfull \hbox (badness 10000) in paragraph at lines 3847--3862

 []

[97]
<./Figures/car_hood.png, id=3512, 380.92313pt x 210.03468pt>
File: ./Figures/car_hood.png Graphic file (type png)
<use ./Figures/car_hood.png>
Package pdftex.def Info: ./Figures/car_hood.png  used on input line 3867.
(pdftex.def)             Requested size: 285.69164pt x 157.52562pt.
<./Figures/flat_encode.png, id=3513, 529.98pt x 298.86656pt>
File: ./Figures/flat_encode.png Graphic file (type png)
<use ./Figures/flat_encode.png>
Package pdftex.def Info: ./Figures/flat_encode.png  used on input line 3878.
(pdftex.def)             Requested size: 423.98456pt x 239.09355pt.
 [98 <./Figures/car_hood.png> <./Figures/flat_encode.png>]
<./Figures/class_score.png, id=3520, 502.12593pt x 147.55125pt>
File: ./Figures/class_score.png Graphic file (type png)
<use ./Figures/class_score.png>
Package pdftex.def Info: ./Figures/class_score.png  used on input line 3883.
(pdftex.def)             Requested size: 351.48576pt x 103.28516pt.

Underfull \hbox (badness 10000) in paragraph at lines 3884--3891

 []

[99 <./Figures/class_score.png>]
<./Figures/iou.png, id=3558, 370.38374pt x 102.3825pt>
File: ./Figures/iou.png Graphic file (type png)
<use ./Figures/iou.png>
Package pdftex.def Info: ./Figures/iou.png  used on input line 3926.
(pdftex.def)             Requested size: 277.78711pt x 76.78668pt.
 [100 <./Figures/iou.png>] [101]
Underfull \hbox (badness 10000) in paragraph at lines 4033--4045

 []

[102]
<./Figures/yolo_test.png, id=3692, 299.61937pt x 284.56313pt>
File: ./Figures/yolo_test.png Graphic file (type png)
<use ./Figures/yolo_test.png>
Package pdftex.def Info: ./Figures/yolo_test.png  used on input line 4104.
(pdftex.def)             Requested size: 239.69582pt x 227.6508pt.
 [103 <./Figures/yolo_test.png>]
Underfull \hbox (badness 10000) in paragraph at lines 4109--4120

 []

<./Figures/siamese.png, id=3720, 462.1995pt x 216.4815pt>
File: ./Figures/siamese.png Graphic file (type png)
<use ./Figures/siamese.png>
Package pdftex.def Info: ./Figures/siamese.png  used on input line 4126.
(pdftex.def)             Requested size: 231.09918pt x 108.24048pt.

Underfull \hbox (badness 10000) in paragraph at lines 4128--4132

 []

[104 <./Figures/siamese.png>]
Underfull \hbox (badness 10000) in paragraph at lines 4144--4146

 []

<./Figures/bin_face.png, id=3726, 587.94656pt x 170.88844pt>
File: ./Figures/bin_face.png Graphic file (type png)
<use ./Figures/bin_face.png>
Package pdftex.def Info: ./Figures/bin_face.png  used on input line 4147.
(pdftex.def)             Requested size: 440.95885pt x 128.166pt.

Underfull \hbox (badness 10000) in paragraph at lines 4150--4151

 []


Underfull \hbox (badness 10000) in paragraph at lines 4153--4156

 []

[105 <./Figures/bin_face.png>]
Underfull \hbox (badness 10000) in paragraph at lines 4167--4170

 []

<./Figures/n_s_corr.png, id=3732, 182.18062pt x 153.07187pt>
File: ./Figures/n_s_corr.png Graphic file (type png)
<use ./Figures/n_s_corr.png>
Package pdftex.def Info: ./Figures/n_s_corr.png  used on input line 4171.
(pdftex.def)             Requested size: 109.3092pt x 91.84383pt.
[106 <./Figures/n_s_corr.png>]
<./Figures/EKG.png, id=3738, 434.62375pt x 170.6375pt>
File: ./Figures/EKG.png Graphic file (type png)
<use ./Figures/EKG.png>
Package pdftex.def Info: ./Figures/EKG.png  used on input line 4192.
(pdftex.def)             Requested size: 260.77626pt x 102.38327pt.
<./Figures/nst.png, id=3739, 727.71875pt x 240.9pt>
File: ./Figures/nst.png Graphic file (type png)
<use ./Figures/nst.png>
Package pdftex.def Info: ./Figures/nst.png  used on input line 4200.
(pdftex.def)             Requested size: 436.63461pt x 144.5411pt.
 [107 <./Figures/EKG.png> <./Figures/nst.png>]
Underfull \hbox (badness 10000) in paragraph at lines 4214--4225

 []


Underfull \hbox (badness 10000) in paragraph at lines 4214--4225

 []

<./Figures/unroll.png, id=3751, 1606.0pt x 747.79375pt>
File: ./Figures/unroll.png Graphic file (type png)
<use ./Figures/unroll.png>
Package pdftex.def Info: ./Figures/unroll.png  used on input line 4227.
(pdftex.def)             Requested size: 321.19432pt x 149.55609pt.
[108 <./Figures/unroll.png>]
<./Figures/gm.png, id=3774, 1606.0pt x 530.98375pt>
File: ./Figures/gm.png Graphic file (type png)
<use ./Figures/gm.png>
Package pdftex.def Info: ./Figures/gm.png  used on input line 4245.
(pdftex.def)             Requested size: 401.49902pt x 132.7456pt.
 [109 <./Figures/gm.png>]
Package atveryend Info: Empty hook `BeforeClearDocument' on input line 4274.
 [110]
Package atveryend Info: Empty hook `AfterLastShipout' on input line 4274.
 (./dlNotes.aux)
Package atveryend Info: Executing hook `AtVeryEndDocument' on input line 4274.
Package atveryend Info: Executing hook `AtEndAfterFileList' on input line 4274.

Package rerunfilecheck Info: File `dlNotes.out' has not changed.
(rerunfilecheck)             Checksum: 3FDE943FDC492B63764D0CC9454094EE;6735.
Package atveryend Info: Empty hook `AtVeryVeryEnd' on input line 4274.
 ) 
Here is how much of TeX's memory you used:
 13390 strings out of 492616
 197790 string characters out of 6129482
 694986 words of memory out of 5000000
 14222 multiletter control sequences out of 15000+600000
 19617 words of font info for 72 fonts, out of 8000000 for 9000
 1141 hyphenation exceptions out of 8191
 29i,10n,47p,977b,1756s stack positions out of 5000i,500n,10000p,200000b,80000s
</usr/local/texlive/2019/texmf-dist/fonts/type1/public/amsfonts/cm/cmbx10.pfb
></usr/local/texlive/2019/texmf-dist/fonts/type1/public/amsfonts/cm/cmbx12.pfb>
</usr/local/texlive/2019/texmf-dist/fonts/type1/public/amsfonts/cm/cmex10.pfb><
/usr/local/texlive/2019/texmf-dist/fonts/type1/public/amsfonts/cmextra/cmex8.pf
b></usr/local/texlive/2019/texmf-dist/fonts/type1/public/amsfonts/cm/cmmi10.pfb
></usr/local/texlive/2019/texmf-dist/fonts/type1/public/amsfonts/cm/cmmi6.pfb><
/usr/local/texlive/2019/texmf-dist/fonts/type1/public/amsfonts/cm/cmmi7.pfb></u
sr/local/texlive/2019/texmf-dist/fonts/type1/public/amsfonts/cm/cmmi8.pfb></usr
/local/texlive/2019/texmf-dist/fonts/type1/public/amsfonts/cm/cmr10.pfb></usr/l
ocal/texlive/2019/texmf-dist/fonts/type1/public/amsfonts/cm/cmr6.pfb></usr/loca
l/texlive/2019/texmf-dist/fonts/type1/public/amsfonts/cm/cmr7.pfb></usr/local/t
exlive/2019/texmf-dist/fonts/type1/public/amsfonts/cm/cmr8.pfb></usr/local/texl
ive/2019/texmf-dist/fonts/type1/public/amsfonts/cm/cmsy10.pfb></usr/local/texli
ve/2019/texmf-dist/fonts/type1/public/amsfonts/cm/cmsy6.pfb></usr/local/texlive
/2019/texmf-dist/fonts/type1/public/amsfonts/cm/cmsy8.pfb></usr/local/texlive/2
019/texmf-dist/fonts/type1/public/amsfonts/cm/cmti10.pfb></usr/local/texlive/20
19/texmf-dist/fonts/type1/public/amsfonts/cm/cmtt9.pfb></usr/local/texlive/2019
/texmf-dist/fonts/type1/public/amsfonts/symbols/msbm10.pfb>
Output written on dlNotes.pdf (112 pages, 9647574 bytes).
PDF statistics:
 4440 PDF objects out of 5155 (max. 8388607)
 4065 compressed objects within 41 object streams
 2863 named destinations out of 2984 (max. 500000)
 1143 words of extra memory for PDF output out of 10000 (max. 10000000)

