\BOOKMARK [1][-]{section.1}{Neural Networks and Deep Learning}{}% 1
\BOOKMARK [2][-]{subsection.1.1}{Logistic Regression as a Neural Network}{section.1}% 2
\BOOKMARK [3][-]{subsubsection.1.1.1}{Introduction to Logistic Regression}{subsection.1.1}% 3
\BOOKMARK [3][-]{subsubsection.1.1.2}{Logistic Regression Cost Function}{subsection.1.1}% 4
\BOOKMARK [3][-]{subsubsection.1.1.3}{Gradient Descent}{subsection.1.1}% 5
\BOOKMARK [3][-]{subsubsection.1.1.4}{Vectorizing Logistic Regression}{subsection.1.1}% 6
\BOOKMARK [3][-]{subsubsection.1.1.5}{Programming Assignment}{subsection.1.1}% 7
\BOOKMARK [2][-]{subsection.1.2}{Shallow Neural Network}{section.1}% 8
\BOOKMARK [3][-]{subsubsection.1.2.1}{Overview and Representation}{subsection.1.2}% 9
\BOOKMARK [3][-]{subsubsection.1.2.2}{Computing a Neural Network Output}{subsection.1.2}% 10
\BOOKMARK [3][-]{subsubsection.1.2.3}{Vectorizing Across Multiple Examples}{subsection.1.2}% 11
\BOOKMARK [3][-]{subsubsection.1.2.4}{Activation Functions}{subsection.1.2}% 12
\BOOKMARK [3][-]{subsubsection.1.2.5}{Gradient Descent for Neural Networks}{subsection.1.2}% 13
\BOOKMARK [3][-]{subsubsection.1.2.6}{Programming Assignment}{subsection.1.2}% 14
\BOOKMARK [2][-]{subsection.1.3}{Deep L-Layer Neural Network}{section.1}% 15
\BOOKMARK [3][-]{subsubsection.1.3.1}{Forward and Backward Propagation}{subsection.1.3}% 16
\BOOKMARK [3][-]{subsubsection.1.3.2}{Programming Assignment \(Building\)}{subsection.1.3}% 17
\BOOKMARK [3][-]{subsubsection.1.3.3}{Programming Assignment 2 \(Classifier\)}{subsection.1.3}% 18
\BOOKMARK [1][-]{section.2}{Improving Deep Neural Networks}{}% 19
\BOOKMARK [2][-]{subsection.2.1}{Regularizing \046 Optimizing Your Neural Network}{section.2}% 20
\BOOKMARK [3][-]{subsubsection.2.1.1}{Bias/Variance}{subsection.2.1}% 21
\BOOKMARK [3][-]{subsubsection.2.1.2}{Regularization}{subsection.2.1}% 22
\BOOKMARK [3][-]{subsubsection.2.1.3}{Dropout Regularization}{subsection.2.1}% 23
\BOOKMARK [3][-]{subsubsection.2.1.4}{Normalizing Inputs}{subsection.2.1}% 24
\BOOKMARK [3][-]{subsubsection.2.1.5}{Weight Initialization}{subsection.2.1}% 25
\BOOKMARK [3][-]{subsubsection.2.1.6}{Gradient Checking}{subsection.2.1}% 26
\BOOKMARK [3][-]{subsubsection.2.1.7}{Programming Assignment \(Initialization\)}{subsection.2.1}% 27
\BOOKMARK [3][-]{subsubsection.2.1.8}{Programming Assignment \(Regularization\)}{subsection.2.1}% 28
\BOOKMARK [3][-]{subsubsection.2.1.9}{Programming Assignment \(Gradient Checking\)}{subsection.2.1}% 29
\BOOKMARK [2][-]{subsection.2.2}{Optimization Algorithms}{section.2}% 30
\BOOKMARK [3][-]{subsubsection.2.2.1}{Mini-Batch Gradient Descent}{subsection.2.2}% 31
\BOOKMARK [3][-]{subsubsection.2.2.2}{Exponentially Weighted Averages}{subsection.2.2}% 32
\BOOKMARK [3][-]{subsubsection.2.2.3}{Gradient Descent with Momentum}{subsection.2.2}% 33
\BOOKMARK [3][-]{subsubsection.2.2.4}{RMSprop}{subsection.2.2}% 34
\BOOKMARK [3][-]{subsubsection.2.2.5}{Adam}{subsection.2.2}% 35
\BOOKMARK [3][-]{subsubsection.2.2.6}{Learning Rate Decay}{subsection.2.2}% 36
\BOOKMARK [3][-]{subsubsection.2.2.7}{Programming Assignment \(Optimization\)}{subsection.2.2}% 37
\BOOKMARK [2][-]{subsection.2.3}{Hyperparameter Tuning, Batch Normalization, and Frameworks}{section.2}% 38
\BOOKMARK [3][-]{subsubsection.2.3.1}{Tuning process}{subsection.2.3}% 39
\BOOKMARK [3][-]{subsubsection.2.3.2}{Batch Normalization}{subsection.2.3}% 40
\BOOKMARK [3][-]{subsubsection.2.3.3}{Multi-Class Classification \(Softmax Regression\)}{subsection.2.3}% 41
\BOOKMARK [3][-]{subsubsection.2.3.4}{Programming Frameworks \(TensorFlow\)}{subsection.2.3}% 42
\BOOKMARK [3][-]{subsubsection.2.3.5}{Programming Assignment \(TensorFlow 1\)}{subsection.2.3}% 43
\BOOKMARK [1][-]{section.3}{Structuring Machine Learning Projects}{}% 44
\BOOKMARK [2][-]{subsection.3.1}{Machine Learning Strategy 1}{section.3}% 45
\BOOKMARK [3][-]{subsubsection.3.1.1}{Evaluation Metrics}{subsection.3.1}% 46
\BOOKMARK [3][-]{subsubsection.3.1.2}{Setting up the Dev and Test sets}{subsection.3.1}% 47
\BOOKMARK [3][-]{subsubsection.3.1.3}{Comparing to Human-Level Performance}{subsection.3.1}% 48
\BOOKMARK [2][-]{subsection.3.2}{Machine Learning Strategy 2}{section.3}% 49
\BOOKMARK [3][-]{subsubsection.3.2.1}{Error Analysis}{subsection.3.2}% 50
