This is pdfTeX, Version 3.14159265-2.6-1.40.20 (MiKTeX 2.9.7250 64-bit) (preloaded format=pdflatex 2020.2.10)  23 MAR 2020 20:05
entering extended mode
**./sNotes.tex
(sNotes.tex
LaTeX2e <2019-10-01> patch level 3
("D:\Program Files\MiKTeX 2.9\tex/latex/base\article.cls"
Document Class: article 2019/10/25 v1.4k Standard LaTeX document class
("D:\Program Files\MiKTeX 2.9\tex/latex/base\size12.clo"
File: size12.clo 2019/10/25 v1.4k Standard LaTeX file (size option)
)
\c@part=\count80
\c@section=\count81
\c@subsection=\count82
\c@subsubsection=\count83
\c@paragraph=\count84
\c@subparagraph=\count85
\c@figure=\count86
\c@table=\count87
\abovecaptionskip=\skip41
\belowcaptionskip=\skip42
\bibindent=\dimen102
)
("D:\Program Files\MiKTeX 2.9\tex/latex/geometry\geometry.sty"
Package: geometry 2020/01/02 v5.9 Page Geometry

("D:\Program Files\MiKTeX 2.9\tex/latex/graphics\keyval.sty"
Package: keyval 2014/10/28 v1.15 key=value parser (DPC)
\KV@toks@=\toks14
)
("D:\Program Files\MiKTeX 2.9\tex/generic/iftex\ifvtex.sty"
Package: ifvtex 2019/10/25 v1.7 ifvtex legacy package. Use iftex instead.

("D:\Program Files\MiKTeX 2.9\tex/generic/iftex\iftex.sty"
Package: iftex 2019/11/07 v1.0c TeX engine tests
))
\Gm@cnth=\count88
\Gm@cntv=\count89
\c@Gm@tempcnt=\count90
\Gm@bindingoffset=\dimen103
\Gm@wd@mp=\dimen104
\Gm@odd@mp=\dimen105
\Gm@even@mp=\dimen106
\Gm@layoutwidth=\dimen107
\Gm@layoutheight=\dimen108
\Gm@layouthoffset=\dimen109
\Gm@layoutvoffset=\dimen110
\Gm@dimlist=\toks15

("D:\Program Files\MiKTeX 2.9\tex/latex/geometry\geometry.cfg"))
("D:\Program Files\MiKTeX 2.9\tex/latex/enumitem\enumitem.sty"
Package: enumitem 2019/06/20 v3.9 Customized lists
\labelindent=\skip43
\enit@outerparindent=\dimen111
\enit@toks=\toks16
\enit@inbox=\box27
\enit@count@id=\count91
\enitdp@description=\count92
)
("D:\Program Files\MiKTeX 2.9\tex/latex/amsfonts\amssymb.sty"
Package: amssymb 2013/01/14 v3.01 AMS font symbols

("D:\Program Files\MiKTeX 2.9\tex/latex/amsfonts\amsfonts.sty"
Package: amsfonts 2013/01/14 v3.01 Basic AMSFonts support
\@emptytoks=\toks17
\symAMSa=\mathgroup4
\symAMSb=\mathgroup5
LaTeX Font Info:    Redeclaring math symbol \hbar on input line 98.
LaTeX Font Info:    Overwriting math alphabet `\mathfrak' in version `bold'
(Font)                  U/euf/m/n --> U/euf/b/n on input line 106.
))
("D:\Program Files\MiKTeX 2.9\tex/latex/amsmath\amsmath.sty"
Package: amsmath 2019/11/16 v2.17d AMS math features
\@mathmargin=\skip44

For additional information on amsmath, use the `?' option.
("D:\Program Files\MiKTeX 2.9\tex/latex/amsmath\amstext.sty"
Package: amstext 2000/06/29 v2.01 AMS text

("D:\Program Files\MiKTeX 2.9\tex/latex/amsmath\amsgen.sty"
File: amsgen.sty 1999/11/30 v2.0 generic functions
\@emptytoks=\toks18
\ex@=\dimen112
))
("D:\Program Files\MiKTeX 2.9\tex/latex/amsmath\amsbsy.sty"
Package: amsbsy 1999/11/29 v1.2d Bold Symbols
\pmbraise@=\dimen113
)
("D:\Program Files\MiKTeX 2.9\tex/latex/amsmath\amsopn.sty"
Package: amsopn 2016/03/08 v2.02 operator names
)
\inf@bad=\count93
LaTeX Info: Redefining \frac on input line 227.
\uproot@=\count94
\leftroot@=\count95
LaTeX Info: Redefining \overline on input line 389.
\classnum@=\count96
\DOTSCASE@=\count97
LaTeX Info: Redefining \ldots on input line 486.
LaTeX Info: Redefining \dots on input line 489.
LaTeX Info: Redefining \cdots on input line 610.
\Mathstrutbox@=\box28
\strutbox@=\box29
\big@size=\dimen114
LaTeX Font Info:    Redeclaring font encoding OML on input line 733.
LaTeX Font Info:    Redeclaring font encoding OMS on input line 734.
\macc@depth=\count98
\c@MaxMatrixCols=\count99
\dotsspace@=\muskip10
\c@parentequation=\count100
\dspbrk@lvl=\count101
\tag@help=\toks19
\row@=\count102
\column@=\count103
\maxfields@=\count104
\andhelp@=\toks20
\eqnshift@=\dimen115
\alignsep@=\dimen116
\tagshift@=\dimen117
\tagwidth@=\dimen118
\totwidth@=\dimen119
\lineht@=\dimen120
\@envbody=\toks21
\multlinegap=\skip45
\multlinetaggap=\skip46
\mathdisplay@stack=\toks22
LaTeX Info: Redefining \[ on input line 2858.
LaTeX Info: Redefining \] on input line 2859.
)
("D:\Program Files\MiKTeX 2.9\tex/latex/tools\bm.sty"
Package: bm 2019/07/24 v1.2d Bold Symbol Support (DPC/FMi)
\symboldoperators=\mathgroup6
\symboldletters=\mathgroup7
\symboldsymbols=\mathgroup8
LaTeX Font Info:    Redeclaring math alphabet \mathbf on input line 141.
LaTeX Info: Redefining \bm on input line 209.
)
("D:\Program Files\MiKTeX 2.9\tex/latex/tools\multicol.sty"
Package: multicol 2019/03/01 v1.8w multicolumn formatting (FMi)
\c@tracingmulticols=\count105
\mult@box=\box30
\multicol@leftmargin=\dimen121
\c@unbalance=\count106
\c@collectmore=\count107
\doublecol@number=\count108
\multicoltolerance=\count109
\multicolpretolerance=\count110
\full@width=\dimen122
\page@free=\dimen123
\premulticols=\dimen124
\postmulticols=\dimen125
\multicolsep=\skip47
\multicolbaselineskip=\skip48
\partial@page=\box31
\last@line=\box32
\maxbalancingoverflow=\dimen126
\mult@rightbox=\box33
\mult@grightbox=\box34
\mult@gfirstbox=\box35
\mult@firstbox=\box36
\@tempa=\box37
\@tempa=\box38
\@tempa=\box39
\@tempa=\box40
\@tempa=\box41
\@tempa=\box42
\@tempa=\box43
\@tempa=\box44
\@tempa=\box45
\@tempa=\box46
\@tempa=\box47
\@tempa=\box48
\@tempa=\box49
\@tempa=\box50
\@tempa=\box51
\@tempa=\box52
\@tempa=\box53
\c@minrows=\count111
\c@columnbadness=\count112
\c@finalcolumnbadness=\count113
\last@try=\dimen127
\multicolovershoot=\dimen128
\multicolundershoot=\dimen129
\mult@nat@firstbox=\box54
\colbreak@box=\box55
\mc@col@check@num=\count114
)
("D:\Program Files\MiKTeX 2.9\tex/latex/graphics\graphicx.sty"
Package: graphicx 2017/06/01 v1.1a Enhanced LaTeX Graphics (DPC,SPQR)

("D:\Program Files\MiKTeX 2.9\tex/latex/graphics\graphics.sty"
Package: graphics 2019/11/01 v1.3d Standard LaTeX Graphics (DPC,SPQR)

("D:\Program Files\MiKTeX 2.9\tex/latex/graphics\trig.sty"
Package: trig 2016/01/03 v1.10 sin cos tan (DPC)
)
("D:\Program Files\MiKTeX 2.9\tex/latex/graphics-cfg\graphics.cfg"
File: graphics.cfg 2016/06/04 v1.11 sample graphics configuration
)
Package graphics Info: Driver file: pdftex.def on input line 105.

("D:\Program Files\MiKTeX 2.9\tex/latex/graphics-def\pdftex.def"
File: pdftex.def 2018/01/08 v1.0l Graphics/color driver for pdftex
))
\Gin@req@height=\dimen130
\Gin@req@width=\dimen131
)
("D:\Program Files\MiKTeX 2.9\tex/latex/graphics\color.sty"
Package: color 2016/07/10 v1.1e Standard LaTeX Color (DPC)

("D:\Program Files\MiKTeX 2.9\tex/latex/graphics-cfg\color.cfg"
File: color.cfg 2016/01/02 v1.6 sample color configuration
)
Package color Info: Driver file: pdftex.def on input line 147.
)
("D:\Program Files\MiKTeX 2.9\tex/latex/hyperref\hyperref.sty"
Package: hyperref 2019/11/10 v7.00c Hypertext links for LaTeX

("D:\Program Files\MiKTeX 2.9\tex/generic/oberdiek\ltxcmds.sty"
Package: ltxcmds 2016/05/16 v1.23 LaTeX kernel commands for general use (HO)
)
("D:\Program Files\MiKTeX 2.9\tex/latex/pdftexcmds\pdftexcmds.sty"
Package: pdftexcmds 2019/11/24 v0.31 Utility functions of pdfTeX for LuaTeX (HO
)

("D:\Program Files\MiKTeX 2.9\tex/generic/oberdiek\infwarerr.sty"
Package: infwarerr 2016/05/16 v1.4 Providing info/warning/error messages (HO)
)
Package pdftexcmds Info: \pdf@primitive is available.
Package pdftexcmds Info: \pdf@ifprimitive is available.
Package pdftexcmds Info: \pdfdraftmode found.
)
("D:\Program Files\MiKTeX 2.9\tex/generic/oberdiek\kvsetkeys.sty"
Package: kvsetkeys 2016/05/16 v1.17 Key value parser (HO)

("D:\Program Files\MiKTeX 2.9\tex/generic/oberdiek\etexcmds.sty"
Package: etexcmds 2016/05/16 v1.6 Avoid name clashes with e-TeX commands (HO)

("D:\Program Files\MiKTeX 2.9\tex/generic/iftex\ifluatex.sty"
Package: ifluatex 2019/10/25 v1.5 ifluatex legacy package. Use iftex instead.
)))
("D:\Program Files\MiKTeX 2.9\tex/generic/oberdiek\kvdefinekeys.sty"
Package: kvdefinekeys 2016/05/16 v1.4 Define keys (HO)
)
("D:\Program Files\MiKTeX 2.9\tex/generic/oberdiek\pdfescape.sty"
Package: pdfescape 2016/05/16 v1.14 Implements pdfTeX's escape features (HO)
)
("D:\Program Files\MiKTeX 2.9\tex/latex/oberdiek\hycolor.sty"
Package: hycolor 2016/05/16 v1.8 Color options for hyperref/bookmark (HO)

("D:\Program Files\MiKTeX 2.9\tex/latex/oberdiek\xcolor-patch.sty"
Package: xcolor-patch 2016/05/16 xcolor patch

("D:\Program Files\MiKTeX 2.9\tex/latex/oberdiek\hopatch.sty"
Package: hopatch 2016/05/16 v1.3 Wrapper for package hooks (HO)
)))
("D:\Program Files\MiKTeX 2.9\tex/latex/oberdiek\letltxmacro.sty"
Package: letltxmacro 2016/05/16 v1.5 Let assignment for LaTeX macros (HO)
)
("D:\Program Files\MiKTeX 2.9\tex/latex/oberdiek\auxhook.sty"
Package: auxhook 2016/05/16 v1.4 Hooks for auxiliary files (HO)
)
("D:\Program Files\MiKTeX 2.9\tex/latex/oberdiek\kvoptions.sty"
Package: kvoptions 2016/05/16 v3.12 Key value format for package options (HO)
)
\@linkdim=\dimen132
\Hy@linkcounter=\count115
\Hy@pagecounter=\count116

("D:\Program Files\MiKTeX 2.9\tex/latex/hyperref\pd1enc.def"
File: pd1enc.def 2019/11/10 v7.00c Hyperref: PDFDocEncoding definition (HO)
Now handling font encoding PD1 ...
... no UTF-8 mapping file for font encoding PD1
)
("D:\Program Files\MiKTeX 2.9\tex/generic/oberdiek\intcalc.sty"
Package: intcalc 2016/05/16 v1.2 Expandable calculations with integers (HO)
)
\Hy@SavedSpaceFactor=\count117

("D:\Program Files\MiKTeX 2.9\tex/latex/00miktex\hyperref.cfg"
File: hyperref.cfg 2002/06/06 v1.2 hyperref configuration of TeXLive
)
Package hyperref Info: Hyper figures OFF on input line 4535.
Package hyperref Info: Link nesting OFF on input line 4540.
Package hyperref Info: Hyper index ON on input line 4543.
Package hyperref Info: Plain pages OFF on input line 4550.
Package hyperref Info: Backreferencing OFF on input line 4555.
Package hyperref Info: Implicit mode ON; LaTeX internals redefined.
Package hyperref Info: Bookmarks ON on input line 4788.
\c@Hy@tempcnt=\count118

("D:\Program Files\MiKTeX 2.9\tex/latex/url\url.sty"
\Urlmuskip=\muskip11
Package: url 2013/09/16  ver 3.4  Verb mode for urls, etc.
)
LaTeX Info: Redefining \url on input line 5147.
\XeTeXLinkMargin=\dimen133

("D:\Program Files\MiKTeX 2.9\tex/generic/oberdiek\bitset.sty"
Package: bitset 2016/05/16 v1.2 Handle bit-vector datatype (HO)

("D:\Program Files\MiKTeX 2.9\tex/generic/oberdiek\bigintcalc.sty"
Package: bigintcalc 2016/05/16 v1.4 Expandable calculations on big integers (HO
)
))
\Fld@menulength=\count119
\Field@Width=\dimen134
\Fld@charsize=\dimen135
Package hyperref Info: Hyper figures OFF on input line 6418.
Package hyperref Info: Link nesting OFF on input line 6423.
Package hyperref Info: Hyper index ON on input line 6426.
Package hyperref Info: backreferencing OFF on input line 6433.
Package hyperref Info: Link coloring OFF on input line 6438.
Package hyperref Info: Link coloring with OCG OFF on input line 6443.
Package hyperref Info: PDF/A mode OFF on input line 6448.
LaTeX Info: Redefining \ref on input line 6488.
LaTeX Info: Redefining \pageref on input line 6492.

("D:\Program Files\MiKTeX 2.9\tex/generic/oberdiek\atbegshi.sty"
Package: atbegshi 2016/06/09 v1.18 At begin shipout hook (HO)

("D:\Program Files\MiKTeX 2.9\tex/generic/iftex\ifpdf.sty"
Package: ifpdf 2019/10/25 v3.4 ifpdf legacy package. Use iftex instead.
))
\Hy@abspage=\count120
\c@Item=\count121
\c@Hfootnote=\count122
)
Package hyperref Info: Driver (autodetected): hpdftex.

("D:\Program Files\MiKTeX 2.9\tex/latex/hyperref\hpdftex.def"
File: hpdftex.def 2019/11/10 v7.00c Hyperref driver for pdfTeX

("D:\Program Files\MiKTeX 2.9\tex/latex/oberdiek\atveryend.sty"
Package: atveryend 2016/05/16 v1.9 Hooks at the very end of document (HO)
Package atveryend Info: \enddocument detected (standard20110627).
)
\Fld@listcount=\count123
\c@bookmark@seq@number=\count124

("D:\Program Files\MiKTeX 2.9\tex/latex/oberdiek\rerunfilecheck.sty"
Package: rerunfilecheck 2016/05/16 v1.8 Rerun checks for auxiliary files (HO)

("D:\Program Files\MiKTeX 2.9\tex/generic/oberdiek\uniquecounter.sty"
Package: uniquecounter 2016/05/16 v1.3 Provide unlimited unique counter (HO)
)
Package uniquecounter Info: New unique counter `rerunfilecheck' on input line 2
85.
)
\Hy@SectionHShift=\skip49
)
Package hyperref Info: Option `colorlinks' set `true' on input line 16.

(sNotes.aux)
\openout1 = `sNotes.aux'.

LaTeX Font Info:    Checking defaults for OML/cmm/m/it on input line 18.
LaTeX Font Info:    ... okay on input line 18.
LaTeX Font Info:    Checking defaults for T1/cmr/m/n on input line 18.
LaTeX Font Info:    ... okay on input line 18.
LaTeX Font Info:    Checking defaults for OT1/cmr/m/n on input line 18.
LaTeX Font Info:    ... okay on input line 18.
LaTeX Font Info:    Checking defaults for OMS/cmsy/m/n on input line 18.
LaTeX Font Info:    ... okay on input line 18.
LaTeX Font Info:    Checking defaults for OMX/cmex/m/n on input line 18.
LaTeX Font Info:    ... okay on input line 18.
LaTeX Font Info:    Checking defaults for U/cmr/m/n on input line 18.
LaTeX Font Info:    ... okay on input line 18.
LaTeX Font Info:    Checking defaults for PD1/pdf/m/n on input line 18.
LaTeX Font Info:    ... okay on input line 18.

*geometry* driver: auto-detecting
*geometry* detected driver: pdftex
*geometry* verbose mode - [ preamble ] result:
* driver: pdftex
* paper: a4paper
* layout: <same size as paper>
* layoutoffset:(h,v)=(0.0pt,0.0pt)
* modes: 
* h-part:(L,W,R)=(57.81621pt, 481.87546pt, 57.81621pt)
* v-part:(T,H,B)=(57.81621pt, 729.41443pt, 57.81621pt)
* \paperwidth=597.50787pt
* \paperheight=845.04684pt
* \textwidth=481.87546pt
* \textheight=729.41443pt
* \oddsidemargin=-14.45378pt
* \evensidemargin=-14.45378pt
* \topmargin=-51.45378pt
* \headheight=12.0pt
* \headsep=25.0pt
* \topskip=12.0pt
* \footskip=30.0pt
* \marginparwidth=35.0pt
* \marginparsep=10.0pt
* \columnsep=10.0pt
* \skip\footins=10.8pt plus 4.0pt minus 2.0pt
* \hoffset=0.0pt
* \voffset=0.0pt
* \mag=1000
* \@twocolumnfalse
* \@twosidefalse
* \@mparswitchfalse
* \@reversemarginfalse
* (1in=72.27pt=25.4mm, 1cm=28.453pt)

("D:\Program Files\MiKTeX 2.9\tex/context/base/mkii\supp-pdf.mkii"
[Loading MPS to PDF converter (version 2006.09.02).]
\scratchcounter=\count125
\scratchdimen=\dimen136
\scratchbox=\box56
\nofMPsegments=\count126
\nofMParguments=\count127
\everyMPshowfont=\toks23
\MPscratchCnt=\count128
\MPscratchDim=\dimen137
\MPnumerator=\count129
\makeMPintoPDFobject=\count130
\everyMPtoPDFconversion=\toks24
) ("D:\Program Files\MiKTeX 2.9\tex/latex/epstopdf-pkg\epstopdf-base.sty"
Package: epstopdf-base 2019/11/24 v2.7 Base part for package epstopdf

("D:\Program Files\MiKTeX 2.9\tex/latex/oberdiek\grfext.sty"
Package: grfext 2016/05/16 v1.2 Manage graphics extensions (HO)
)
Package epstopdf-base Info: Redefining graphics rule for `.eps' on input line 4
42.
Package grfext Info: Graphics extension search list:
(grfext)             [.pdf,.png,.jpg,.mps,.jpeg,.jbig2,.jb2,.PDF,.PNG,.JPG,.JPE
G,.JBIG2,.JB2,.eps]
(grfext)             \AppendGraphicsExtensions on input line 460.
)
\AtBeginShipoutBox=\box57
Package hyperref Info: Link coloring ON on input line 18.

("D:\Program Files\MiKTeX 2.9\tex/latex/hyperref\nameref.sty"
Package: nameref 2019/09/16 v2.46 Cross-referencing by name of section

("D:\Program Files\MiKTeX 2.9\tex/latex/oberdiek\refcount.sty"
Package: refcount 2016/05/16 v3.5 Data extraction from label references (HO)
)
("D:\Program Files\MiKTeX 2.9\tex/generic/oberdiek\gettitlestring.sty"
Package: gettitlestring 2016/05/16 v1.5 Cleanup title references (HO)
)
\c@section@level=\count131
)
LaTeX Info: Redefining \ref on input line 18.
LaTeX Info: Redefining \pageref on input line 18.
LaTeX Info: Redefining \nameref on input line 18.

(sNotes.out) (sNotes.out)
\@outlinefile=\write3
\openout3 = `sNotes.out'.

 (sNotes.toc
LaTeX Font Info:    Trying to load font information for U+msa on input line 2.

("D:\Program Files\MiKTeX 2.9\tex/latex/amsfonts\umsa.fd"
File: umsa.fd 2013/01/14 v3.01 AMS symbols A
)
LaTeX Font Info:    Trying to load font information for U+msb on input line 2.

("D:\Program Files\MiKTeX 2.9\tex/latex/amsfonts\umsb.fd"
File: umsb.fd 2013/01/14 v3.01 AMS symbols B
) [1

{C:/Users/derek/AppData/Local/MiKTeX/2.9/pdftex/config/pdftex.map}] [2])
\tf@toc=\write4
\openout4 = `sNotes.toc'.

 [3]
Underfull \hbox (badness 10000) in paragraph at lines 27--34

 []


Underfull \hbox (badness 10000) in paragraph at lines 27--34

 []


Underfull \hbox (badness 10000) in paragraph at lines 27--34

 []


Underfull \hbox (badness 10000) in paragraph at lines 27--34

 []


Underfull \hbox (badness 10000) in paragraph at lines 35--36

 []


Underfull \hbox (badness 10000) in paragraph at lines 40--47

 []


Underfull \hbox (badness 10000) in paragraph at lines 40--47

 []


Underfull \hbox (badness 10000) in paragraph at lines 49--51

 []


Underfull \hbox (badness 10000) in paragraph at lines 53--57

 []


Underfull \hbox (badness 10000) in paragraph at lines 53--57

 []


Underfull \hbox (badness 10000) in paragraph at lines 59--61

 []

pdfTeX warning (ext4): destination with the same identifier (name{page.1}) has 
been already used, duplicate ignored
<to be read again> 
                   \relax 
l.61 	$\mathbf{E[X] = \sum_{x}x*p(x)}$ \newpage
                                                [1]
Underfull \hbox (badness 10000) in paragraph at lines 62--67

 []


Underfull \hbox (badness 10000) in paragraph at lines 62--67

 []


Underfull \hbox (badness 10000) in paragraph at lines 77--79

 []


Underfull \hbox (badness 10000) in paragraph at lines 68--80

 []


Underfull \hbox (badness 10000) in paragraph at lines 81--86

 []


Underfull \hbox (badness 10000) in paragraph at lines 81--86

 []


Underfull \hbox (badness 10000) in paragraph at lines 81--86

 []


Underfull \hbox (badness 10000) in paragraph at lines 88--103

 []


Underfull \hbox (badness 10000) in paragraph at lines 88--103

 []


Underfull \hbox (badness 10000) in paragraph at lines 88--103

 []


Underfull \hbox (badness 10000) in paragraph at lines 88--103

 []

pdfTeX warning (ext4): destination with the same identifier (name{page.2}) has 
been already used, duplicate ignored
<to be read again> 
                   \relax 
l.103 ... in independent Bernoulli trials \newpage
                                                   [2]
Underfull \hbox (badness 10000) in paragraph at lines 105--111

 []


Underfull \hbox (badness 10000) in paragraph at lines 105--111

 []


Underfull \hbox (badness 10000) in paragraph at lines 105--111

 []


Underfull \hbox (badness 10000) in paragraph at lines 113--135

 []


Underfull \hbox (badness 10000) in paragraph at lines 113--135

 []


Underfull \hbox (badness 10000) in paragraph at lines 113--135

 []


Underfull \hbox (badness 10000) in paragraph at lines 113--135

 []


Underfull \hbox (badness 10000) in paragraph at lines 113--135

 []


Underfull \hbox (badness 10000) in paragraph at lines 113--135

 []


Underfull \hbox (badness 10000) in paragraph at lines 113--135

 []


Underfull \hbox (badness 10000) in paragraph at lines 113--135

 []

pdfTeX warning (ext4): destination with the same identifier (name{page.3}) has 
been already used, duplicate ignored
<to be read again> 
                   \relax 
l.135 ...of times, meaning that E[X] = np \newpage
                                                   [3]
Underfull \hbox (badness 10000) in paragraph at lines 136--157

 []


Underfull \hbox (badness 10000) in paragraph at lines 136--157

 []


Underfull \hbox (badness 10000) in paragraph at lines 136--157

 []


Underfull \hbox (badness 10000) in paragraph at lines 136--157

 []


Underfull \hbox (badness 10000) in paragraph at lines 136--157

 []


Underfull \hbox (badness 10000) in paragraph at lines 136--157

 []


Underfull \hbox (badness 10000) in paragraph at lines 136--157

 []


Underfull \hbox (badness 10000) in paragraph at lines 136--157

 []

[4]
Underfull \hbox (badness 10000) in paragraph at lines 160--173

 []


Underfull \hbox (badness 10000) in paragraph at lines 160--173

 []


Underfull \hbox (badness 10000) in paragraph at lines 160--173

 []


Underfull \hbox (badness 10000) in paragraph at lines 160--173

 []


Underfull \hbox (badness 10000) in paragraph at lines 160--173

 []


Underfull \hbox (badness 10000) in paragraph at lines 160--173

 []


Underfull \hbox (badness 10000) in paragraph at lines 174--177

 []


Underfull \hbox (badness 10000) in paragraph at lines 174--177

 []


Underfull \hbox (badness 10000) in paragraph at lines 174--177

 []

[5]
Underfull \hbox (badness 10000) in paragraph at lines 180--193

 []


Underfull \hbox (badness 10000) in paragraph at lines 180--193

 []


Underfull \hbox (badness 10000) in paragraph at lines 180--193

 []


Underfull \hbox (badness 10000) in paragraph at lines 180--193

 []


Underfull \hbox (badness 10000) in paragraph at lines 180--193

 []


Underfull \hbox (badness 10000) in paragraph at lines 195--208

 []


Underfull \hbox (badness 10000) in paragraph at lines 195--208

 []


Underfull \hbox (badness 10000) in paragraph at lines 195--208

 []


Underfull \hbox (badness 10000) in paragraph at lines 195--208

 []


Underfull \hbox (badness 10000) in paragraph at lines 195--208

 []


Underfull \hbox (badness 10000) in paragraph at lines 195--208

 []


Underfull \hbox (badness 10000) in paragraph at lines 195--208

 []


Underfull \hbox (badness 10000) in paragraph at lines 210--226

 []


Underfull \hbox (badness 10000) in paragraph at lines 210--226

 []


Underfull \hbox (badness 10000) in paragraph at lines 210--226

 []


Underfull \hbox (badness 10000) in paragraph at lines 210--226

 []


Underfull \hbox (badness 10000) in paragraph at lines 210--226

 []


Underfull \hbox (badness 10000) in paragraph at lines 210--226

 []

[6]
Underfull \hbox (badness 10000) in paragraph at lines 227--232

 []


Underfull \hbox (badness 10000) in paragraph at lines 227--232

 []


Underfull \hbox (badness 10000) in paragraph at lines 227--232

 []


Underfull \hbox (badness 10000) in paragraph at lines 227--232

 []


Underfull \hbox (badness 10000) in paragraph at lines 234--251

 []


Underfull \hbox (badness 10000) in paragraph at lines 234--251

 []


Underfull \hbox (badness 10000) in paragraph at lines 234--251

 []


Underfull \hbox (badness 10000) in paragraph at lines 234--251

 []


Underfull \hbox (badness 10000) in paragraph at lines 234--251

 []


Underfull \hbox (badness 10000) in paragraph at lines 234--251

 []

[7]
Underfull \hbox (badness 10000) in paragraph at lines 253--274

 []


Underfull \hbox (badness 10000) in paragraph at lines 253--274

 []


Underfull \hbox (badness 10000) in paragraph at lines 253--274

 []


Underfull \hbox (badness 10000) in paragraph at lines 253--274

 []


Underfull \hbox (badness 10000) in paragraph at lines 253--274

 []


Underfull \hbox (badness 10000) in paragraph at lines 253--274

 []


Underfull \hbox (badness 10000) in paragraph at lines 275--278

 []


Underfull \hbox (badness 10000) in paragraph at lines 275--278

 []


Underfull \hbox (badness 10000) in paragraph at lines 279--281

 []


Underfull \hbox (badness 10000) in paragraph at lines 279--281

 []

[8]
Underfull \hbox (badness 10000) in paragraph at lines 283--298

 []


Underfull \hbox (badness 10000) in paragraph at lines 283--298

 []


Underfull \hbox (badness 10000) in paragraph at lines 283--298

 []


Underfull \hbox (badness 10000) in paragraph at lines 283--298

 []


Underfull \hbox (badness 10000) in paragraph at lines 283--298

 []


Underfull \hbox (badness 10000) in paragraph at lines 283--298

 []


Underfull \hbox (badness 10000) in paragraph at lines 299--304

 []

[9]
Underfull \hbox (badness 10000) in paragraph at lines 305--319

 []


Underfull \hbox (badness 10000) in paragraph at lines 305--319

 []


Underfull \hbox (badness 10000) in paragraph at lines 305--319

 []


Underfull \hbox (badness 10000) in paragraph at lines 305--319

 []


Underfull \hbox (badness 10000) in paragraph at lines 305--319

 []

[10]
Underfull \hbox (badness 10000) in paragraph at lines 325--334

 []


Underfull \hbox (badness 10000) in paragraph at lines 325--334

 []


Underfull \hbox (badness 10000) in paragraph at lines 325--334

 []


Underfull \hbox (badness 10000) in paragraph at lines 325--334

 []


Underfull \hbox (badness 10000) in paragraph at lines 325--334

 []


Underfull \hbox (badness 10000) in paragraph at lines 325--334

 []


Underfull \hbox (badness 10000) in paragraph at lines 325--334

 []


Underfull \hbox (badness 10000) in paragraph at lines 325--334

 []


Underfull \hbox (badness 10000) in paragraph at lines 336--346

 []


Underfull \hbox (badness 10000) in paragraph at lines 336--346

 []


Underfull \hbox (badness 10000) in paragraph at lines 336--346

 []


Underfull \hbox (badness 10000) in paragraph at lines 336--346

 []


Underfull \hbox (badness 10000) in paragraph at lines 336--346

 []

[11]
Underfull \hbox (badness 10000) in paragraph at lines 348--356

 []


Underfull \hbox (badness 10000) in paragraph at lines 348--356

 []


Underfull \hbox (badness 10000) in paragraph at lines 357--359

 []


Underfull \hbox (badness 10000) in paragraph at lines 357--359

 []


Underfull \hbox (badness 10000) in paragraph at lines 361--368

 []


Underfull \hbox (badness 10000) in paragraph at lines 361--368

 []


Underfull \hbox (badness 10000) in paragraph at lines 361--368

 []


Underfull \hbox (badness 10000) in paragraph at lines 361--368

 []


Underfull \hbox (badness 10000) in paragraph at lines 361--368

 []


Underfull \hbox (badness 10000) in paragraph at lines 370--381

 []


Underfull \hbox (badness 10000) in paragraph at lines 370--381

 []


Underfull \hbox (badness 10000) in paragraph at lines 370--381

 []


Underfull \hbox (badness 10000) in paragraph at lines 370--381

 []


Underfull \hbox (badness 10000) in paragraph at lines 370--381

 []

[12]
Underfull \hbox (badness 10000) in paragraph at lines 383--388

 []


Underfull \hbox (badness 10000) in paragraph at lines 383--388

 []


Underfull \hbox (badness 10000) in paragraph at lines 383--388

 []


Underfull \hbox (badness 10000) in paragraph at lines 390--400

 []


Underfull \hbox (badness 10000) in paragraph at lines 390--400

 []


Underfull \hbox (badness 10000) in paragraph at lines 390--400

 []


Underfull \hbox (badness 10000) in paragraph at lines 390--400

 []


Underfull \hbox (badness 10000) in paragraph at lines 390--400

 []


Underfull \hbox (badness 10000) in paragraph at lines 390--400

 []


Underfull \hbox (badness 10000) in paragraph at lines 390--400

 []


Underfull \hbox (badness 10000) in paragraph at lines 390--400

 []


Underfull \hbox (badness 10000) in paragraph at lines 402--405

 []


Underfull \hbox (badness 10000) in paragraph at lines 402--405

 []

[13]
Underfull \hbox (badness 10000) in paragraph at lines 407--411

 []


Underfull \hbox (badness 10000) in paragraph at lines 407--411

 []


Underfull \hbox (badness 10000) in paragraph at lines 407--411

 []


Underfull \hbox (badness 10000) in paragraph at lines 413--430

 []


Underfull \hbox (badness 10000) in paragraph at lines 413--430

 []


Underfull \hbox (badness 10000) in paragraph at lines 413--430

 []


Underfull \hbox (badness 10000) in paragraph at lines 413--430

 []


Underfull \hbox (badness 10000) in paragraph at lines 413--430

 []


Underfull \hbox (badness 10000) in paragraph at lines 413--430

 []


Underfull \hbox (badness 10000) in paragraph at lines 413--430

 []


Underfull \hbox (badness 10000) in paragraph at lines 413--430

 []

[14]
Underfull \hbox (badness 10000) in paragraph at lines 433--444

 []


Underfull \hbox (badness 10000) in paragraph at lines 433--444

 []


Underfull \hbox (badness 10000) in paragraph at lines 433--444

 []


Underfull \hbox (badness 10000) in paragraph at lines 433--444

 []


Underfull \hbox (badness 10000) in paragraph at lines 433--444

 []


Underfull \hbox (badness 10000) in paragraph at lines 433--444

 []


Underfull \hbox (badness 10000) in paragraph at lines 433--444

 []


Underfull \hbox (badness 10000) in paragraph at lines 446--456

 []


Underfull \hbox (badness 10000) in paragraph at lines 446--456

 []


Underfull \hbox (badness 10000) in paragraph at lines 446--456

 []


Underfull \hbox (badness 10000) in paragraph at lines 446--456

 []

[15]
Underfull \hbox (badness 10000) in paragraph at lines 458--467

 []


Underfull \hbox (badness 10000) in paragraph at lines 458--467

 []


Underfull \hbox (badness 10000) in paragraph at lines 458--467

 []


Underfull \hbox (badness 10000) in paragraph at lines 458--467

 []


Underfull \hbox (badness 10000) in paragraph at lines 469--478

 []


Underfull \hbox (badness 10000) in paragraph at lines 469--478

 []


Underfull \hbox (badness 10000) in paragraph at lines 469--478

 []


Underfull \hbox (badness 10000) in paragraph at lines 469--478

 []


Underfull \hbox (badness 10000) in paragraph at lines 469--478

 []

[16]
<./Figures/leftz.png, id=592, 482.55281pt x 229.60782pt>
File: ./Figures/leftz.png Graphic file (type png)
<use ./Figures/leftz.png>
Package pdftex.def Info: ./Figures/leftz.png  used on input line 484.
(pdftex.def)             Requested size: 217.14674pt x 103.32256pt.

Underfull \hbox (badness 10000) in paragraph at lines 484--485

 []


Underfull \hbox (badness 10000) in paragraph at lines 487--488

 []


Underfull \hbox (badness 10000) in paragraph at lines 487--488

 []


Underfull \hbox (badness 10000) in paragraph at lines 483--504

 []


Underfull \hbox (badness 10000) in paragraph at lines 483--504

 []


Underfull \hbox (badness 10000) in paragraph at lines 483--504

 []


Underfull \hbox (badness 10000) in paragraph at lines 483--504

 []


Underfull \hbox (badness 10000) in paragraph at lines 483--504

 []


Underfull \hbox (badness 10000) in paragraph at lines 483--504

 []


Underfull \hbox (badness 10000) in paragraph at lines 483--504

 []


Underfull \hbox (badness 10000) in paragraph at lines 483--504

 []


Underfull \hbox (badness 10000) in paragraph at lines 483--504

 []

[17 <./Figures/leftz.png>]
<./Figures/betwn.png, id=599, 482.55281pt x 233.37187pt>
File: ./Figures/betwn.png Graphic file (type png)
<use ./Figures/betwn.png>
Package pdftex.def Info: ./Figures/betwn.png  used on input line 508.
(pdftex.def)             Requested size: 217.14674pt x 105.01636pt.

Underfull \hbox (badness 10000) in paragraph at lines 508--509

 []


Underfull \hbox (badness 10000) in paragraph at lines 511--512

 []


Underfull \hbox (badness 10000) in paragraph at lines 511--512

 []


Underfull \hbox (badness 10000) in paragraph at lines 507--528

 []


Underfull \hbox (badness 10000) in paragraph at lines 507--528

 []


Underfull \hbox (badness 10000) in paragraph at lines 507--528

 []


Underfull \hbox (badness 10000) in paragraph at lines 507--528

 []


Underfull \hbox (badness 10000) in paragraph at lines 507--528

 []


Underfull \hbox (badness 10000) in paragraph at lines 507--528

 []


Underfull \hbox (badness 10000) in paragraph at lines 507--528

 []


Underfull \hbox (badness 10000) in paragraph at lines 507--528

 []

[18 <./Figures/betwn.png>]
Underfull \hbox (badness 10000) in paragraph at lines 531--544

 []


Underfull \hbox (badness 10000) in paragraph at lines 531--544

 []


Underfull \hbox (badness 10000) in paragraph at lines 531--544

 []


Underfull \hbox (badness 10000) in paragraph at lines 531--544

 []


Underfull \hbox (badness 10000) in paragraph at lines 531--544

 []


Underfull \hbox (badness 10000) in paragraph at lines 531--544

 []


Underfull \hbox (badness 10000) in paragraph at lines 531--544

 []


Underfull \hbox (badness 10000) in paragraph at lines 546--555

 []


Underfull \hbox (badness 10000) in paragraph at lines 546--555

 []


Underfull \hbox (badness 10000) in paragraph at lines 546--555

 []


Underfull \hbox (badness 10000) in paragraph at lines 546--555

 []

[19]
Underfull \hbox (badness 10000) in paragraph at lines 556--563

 []


Underfull \hbox (badness 10000) in paragraph at lines 556--563

 []


Underfull \hbox (badness 10000) in paragraph at lines 556--563

 []


Underfull \hbox (badness 10000) in paragraph at lines 556--563

 []


Underfull \hbox (badness 10000) in paragraph at lines 565--570

 []


Underfull \hbox (badness 10000) in paragraph at lines 565--570

 []

[20]
Underfull \hbox (badness 10000) in paragraph at lines 574--582

 []


Underfull \hbox (badness 10000) in paragraph at lines 574--582

 []


Underfull \hbox (badness 10000) in paragraph at lines 574--582

 []


Underfull \hbox (badness 10000) in paragraph at lines 574--582

 []


Underfull \hbox (badness 10000) in paragraph at lines 574--582

 []


Underfull \hbox (badness 10000) in paragraph at lines 574--582

 []


Underfull \hbox (badness 10000) in paragraph at lines 574--582

 []


Underfull \hbox (badness 10000) in paragraph at lines 574--582

 []


Underfull \hbox (badness 10000) in paragraph at lines 584--599

 []


Underfull \hbox (badness 10000) in paragraph at lines 584--599

 []


Underfull \hbox (badness 10000) in paragraph at lines 584--599

 []


Underfull \hbox (badness 10000) in paragraph at lines 584--599

 []


Underfull \hbox (badness 10000) in paragraph at lines 584--599

 []


Underfull \hbox (badness 10000) in paragraph at lines 584--599

 []


Underfull \hbox (badness 10000) in paragraph at lines 584--599

 []


Underfull \hbox (badness 10000) in paragraph at lines 584--599

 []


Underfull \hbox (badness 10000) in paragraph at lines 584--599

 []


Underfull \hbox (badness 10000) in paragraph at lines 584--599

 []


Underfull \hbox (badness 10000) in paragraph at lines 584--599

 []

[21]
Underfull \hbox (badness 10000) in paragraph at lines 601--605

 []


Underfull \hbox (badness 10000) in paragraph at lines 601--605

 []


Underfull \hbox (badness 10000) in paragraph at lines 601--605

 []


Underfull \hbox (badness 10000) in paragraph at lines 601--605

 []

[22]
Underfull \hbox (badness 10000) in paragraph at lines 607--611

 []


Underfull \hbox (badness 10000) in paragraph at lines 607--611

 []

[23]
Underfull \hbox (badness 10000) in paragraph at lines 615--627

 []


Underfull \hbox (badness 10000) in paragraph at lines 615--627

 []


Underfull \hbox (badness 10000) in paragraph at lines 615--627

 []


Underfull \hbox (badness 10000) in paragraph at lines 615--627

 []


Underfull \hbox (badness 10000) in paragraph at lines 615--627

 []


Underfull \hbox (badness 10000) in paragraph at lines 615--627

 []


Underfull \hbox (badness 10000) in paragraph at lines 615--627

 []


Underfull \hbox (badness 10000) in paragraph at lines 615--627

 []


Underfull \hbox (badness 10000) in paragraph at lines 629--638

 []


Underfull \hbox (badness 10000) in paragraph at lines 629--638

 []


Underfull \hbox (badness 10000) in paragraph at lines 629--638

 []


Underfull \hbox (badness 10000) in paragraph at lines 629--638

 []

[24]
Underfull \hbox (badness 10000) in paragraph at lines 640--652

 []


Underfull \hbox (badness 10000) in paragraph at lines 640--652

 []


Underfull \hbox (badness 10000) in paragraph at lines 640--652

 []


Underfull \hbox (badness 10000) in paragraph at lines 640--652

 []


Underfull \hbox (badness 10000) in paragraph at lines 640--652

 []


Underfull \hbox (badness 10000) in paragraph at lines 640--652

 []


Underfull \hbox (badness 10000) in paragraph at lines 640--652

 []


Underfull \hbox (badness 10000) in paragraph at lines 640--652

 []


Underfull \hbox (badness 10000) in paragraph at lines 640--652

 []


Underfull \hbox (badness 10000) in paragraph at lines 654--657

 []

[25]
Underfull \hbox (badness 10000) in paragraph at lines 660--667

 []


Underfull \hbox (badness 10000) in paragraph at lines 660--667

 []


Underfull \hbox (badness 10000) in paragraph at lines 660--667

 []


Underfull \hbox (badness 10000) in paragraph at lines 660--667

 []


Underfull \hbox (badness 10000) in paragraph at lines 660--667

 []


Underfull \hbox (badness 10000) in paragraph at lines 669--678

 []


Underfull \hbox (badness 10000) in paragraph at lines 669--678

 []


Underfull \hbox (badness 10000) in paragraph at lines 669--678

 []


Underfull \hbox (badness 10000) in paragraph at lines 669--678

 []


Underfull \hbox (badness 10000) in paragraph at lines 680--685

 []

[26]
Underfull \hbox (badness 10000) in paragraph at lines 686--689

 []


Underfull \hbox (badness 10000) in paragraph at lines 686--689

 []


Underfull \hbox (badness 10000) in paragraph at lines 686--689

 []


Underfull \hbox (badness 10000) in paragraph at lines 691--701

 []


Underfull \hbox (badness 10000) in paragraph at lines 691--701

 []


Underfull \hbox (badness 10000) in paragraph at lines 691--701

 []


Underfull \hbox (badness 10000) in paragraph at lines 691--701

 []

[27]
Underfull \hbox (badness 10000) in paragraph at lines 704--730

 []


Underfull \hbox (badness 10000) in paragraph at lines 704--730

 []


Underfull \hbox (badness 10000) in paragraph at lines 704--730

 []


Underfull \hbox (badness 10000) in paragraph at lines 704--730

 []


Underfull \hbox (badness 10000) in paragraph at lines 704--730

 []


Underfull \hbox (badness 10000) in paragraph at lines 704--730

 []


Underfull \hbox (badness 10000) in paragraph at lines 704--730

 []


Underfull \hbox (badness 10000) in paragraph at lines 704--730

 []

[28]
Underfull \hbox (badness 10000) in paragraph at lines 734--745

 []


Underfull \hbox (badness 10000) in paragraph at lines 734--745

 []


Underfull \hbox (badness 10000) in paragraph at lines 734--745

 []


Underfull \hbox (badness 10000) in paragraph at lines 734--745

 []


Underfull \hbox (badness 10000) in paragraph at lines 734--745

 []


Underfull \hbox (badness 10000) in paragraph at lines 734--745

 []


Underfull \hbox (badness 10000) in paragraph at lines 748--756

 []


Underfull \hbox (badness 10000) in paragraph at lines 748--756

 []

[29]
Underfull \hbox (badness 10000) in paragraph at lines 757--764

 []


Underfull \hbox (badness 10000) in paragraph at lines 757--764

 []


Underfull \hbox (badness 10000) in paragraph at lines 757--764

 []


Underfull \hbox (badness 10000) in paragraph at lines 757--764

 []


Underfull \hbox (badness 10000) in paragraph at lines 757--764

 []


Underfull \hbox (badness 10000) in paragraph at lines 766--779

 []


Underfull \hbox (badness 10000) in paragraph at lines 766--779

 []


Underfull \hbox (badness 10000) in paragraph at lines 766--779

 []


Underfull \hbox (badness 10000) in paragraph at lines 766--779

 []


Underfull \hbox (badness 10000) in paragraph at lines 766--779

 []

[30]
Underfull \hbox (badness 10000) in paragraph at lines 780--783

 []


Underfull \hbox (badness 10000) in paragraph at lines 780--783

 []


Underfull \hbox (badness 10000) in paragraph at lines 780--783

 []


Underfull \hbox (badness 10000) in paragraph at lines 785--805

 []


Underfull \hbox (badness 10000) in paragraph at lines 785--805

 []


Underfull \hbox (badness 10000) in paragraph at lines 785--805

 []


Underfull \hbox (badness 10000) in paragraph at lines 785--805

 []


Underfull \hbox (badness 10000) in paragraph at lines 785--805

 []


Underfull \hbox (badness 10000) in paragraph at lines 785--805

 []


Underfull \hbox (badness 10000) in paragraph at lines 785--805

 []


Underfull \hbox (badness 10000) in paragraph at lines 785--805

 []


Underfull \hbox (badness 10000) in paragraph at lines 785--805

 []


Underfull \hbox (badness 10000) in paragraph at lines 785--805

 []


Underfull \hbox (badness 10000) in paragraph at lines 785--805

 []


Underfull \hbox (badness 10000) in paragraph at lines 785--805

 []


Underfull \hbox (badness 10000) in paragraph at lines 807--825

 []


Underfull \hbox (badness 10000) in paragraph at lines 807--825

 []


Underfull \hbox (badness 10000) in paragraph at lines 807--825

 []


Underfull \hbox (badness 10000) in paragraph at lines 807--825

 []


Underfull \hbox (badness 10000) in paragraph at lines 807--825

 []


Underfull \hbox (badness 10000) in paragraph at lines 807--825

 []


Underfull \hbox (badness 10000) in paragraph at lines 807--825

 []


Underfull \hbox (badness 10000) in paragraph at lines 807--825

 []


Underfull \hbox (badness 10000) in paragraph at lines 807--825

 []

[31] [32]
Underfull \hbox (badness 10000) in paragraph at lines 828--838

 []


Underfull \hbox (badness 10000) in paragraph at lines 828--838

 []


Underfull \hbox (badness 10000) in paragraph at lines 828--838

 []


Underfull \hbox (badness 10000) in paragraph at lines 828--838

 []


Underfull \hbox (badness 10000) in paragraph at lines 828--838

 []


Underfull \hbox (badness 10000) in paragraph at lines 828--838

 []


Underfull \hbox (badness 10000) in paragraph at lines 828--838

 []


Underfull \hbox (badness 10000) in paragraph at lines 828--838

 []


Underfull \hbox (badness 10000) in paragraph at lines 828--838

 []


Underfull \hbox (badness 10000) in paragraph at lines 840--842

 []

[33]
Underfull \hbox (badness 10000) in paragraph at lines 843--849

 []


Underfull \hbox (badness 10000) in paragraph at lines 843--849

 []


Underfull \hbox (badness 10000) in paragraph at lines 843--849

 []


Underfull \hbox (badness 10000) in paragraph at lines 843--849

 []


Underfull \hbox (badness 10000) in paragraph at lines 843--849

 []


Underfull \hbox (badness 10000) in paragraph at lines 851--861

 []


Underfull \hbox (badness 10000) in paragraph at lines 851--861

 []


Underfull \hbox (badness 10000) in paragraph at lines 851--861

 []


Underfull \hbox (badness 10000) in paragraph at lines 851--861

 []


Underfull \hbox (badness 10000) in paragraph at lines 851--861

 []

[34]

Package hyperref Warning: Token not allowed in a PDF string (PDFDocEncoding):
(hyperref)                removing `math shift' on input line 863.


Package hyperref Warning: Token not allowed in a PDF string (PDFDocEncoding):
(hyperref)                removing `\beta' on input line 863.


Package hyperref Warning: Token not allowed in a PDF string (PDFDocEncoding):
(hyperref)                removing `math shift' on input line 863.


Underfull \hbox (badness 10000) in paragraph at lines 865--871

 []


Underfull \hbox (badness 10000) in paragraph at lines 865--871

 []


Underfull \hbox (badness 10000) in paragraph at lines 865--871

 []


Underfull \hbox (badness 10000) in paragraph at lines 865--871

 []


Underfull \hbox (badness 10000) in paragraph at lines 873--880

 []


Underfull \hbox (badness 10000) in paragraph at lines 873--880

 []


Underfull \hbox (badness 10000) in paragraph at lines 873--880

 []

[35]
Underfull \hbox (badness 10000) in paragraph at lines 883--895

 []


Underfull \hbox (badness 10000) in paragraph at lines 883--895

 []


Underfull \hbox (badness 10000) in paragraph at lines 883--895

 []


Underfull \hbox (badness 10000) in paragraph at lines 883--895

 []


Underfull \hbox (badness 10000) in paragraph at lines 883--895

 []


Underfull \hbox (badness 10000) in paragraph at lines 883--895

 []


Underfull \hbox (badness 10000) in paragraph at lines 883--895

 []


Underfull \hbox (badness 10000) in paragraph at lines 883--895

 []


Underfull \hbox (badness 10000) in paragraph at lines 898--901

 []


Underfull \hbox (badness 10000) in paragraph at lines 898--901

 []


Underfull \hbox (badness 10000) in paragraph at lines 898--901

 []

[36]
Underfull \hbox (badness 10000) in paragraph at lines 902--908

 []


Underfull \hbox (badness 10000) in paragraph at lines 902--908

 []


Underfull \hbox (badness 10000) in paragraph at lines 902--908

 []


Underfull \hbox (badness 10000) in paragraph at lines 902--908

 []


Underfull \hbox (badness 10000) in paragraph at lines 902--908

 []


Underfull \hbox (badness 10000) in paragraph at lines 910--919

 []


Underfull \hbox (badness 10000) in paragraph at lines 910--919

 []

[37]
Underfull \hbox (badness 10000) in paragraph at lines 920--937

 []


Underfull \hbox (badness 10000) in paragraph at lines 920--937

 []


Underfull \hbox (badness 10000) in paragraph at lines 920--937

 []


Underfull \hbox (badness 10000) in paragraph at lines 920--937

 []


Underfull \hbox (badness 10000) in paragraph at lines 920--937

 []


Underfull \hbox (badness 10000) in paragraph at lines 939--943

 []


Underfull \hbox (badness 10000) in paragraph at lines 939--943

 []

[38]
Underfull \hbox (badness 10000) in paragraph at lines 947--968

 []


Underfull \hbox (badness 10000) in paragraph at lines 947--968

 []


Underfull \hbox (badness 10000) in paragraph at lines 947--968

 []


Underfull \hbox (badness 10000) in paragraph at lines 947--968

 []


Underfull \hbox (badness 10000) in paragraph at lines 947--968

 []


Underfull \hbox (badness 10000) in paragraph at lines 947--968

 []


Underfull \hbox (badness 10000) in paragraph at lines 947--968

 []

[39]

Package hyperref Warning: Token not allowed in a PDF string (PDFDocEncoding):
(hyperref)                removing `math shift' on input line 970.


Package hyperref Warning: Token not allowed in a PDF string (PDFDocEncoding):
(hyperref)                removing `subscript' on input line 970.


Package hyperref Warning: Token not allowed in a PDF string (PDFDocEncoding):
(hyperref)                removing `subscript' on input line 970.


Package hyperref Warning: Token not allowed in a PDF string (PDFDocEncoding):
(hyperref)                removing `math shift' on input line 970.


Underfull \hbox (badness 10000) in paragraph at lines 971--986

 []


Underfull \hbox (badness 10000) in paragraph at lines 971--986

 []


Underfull \hbox (badness 10000) in paragraph at lines 971--986

 []


Underfull \hbox (badness 10000) in paragraph at lines 971--986

 []


Underfull \hbox (badness 10000) in paragraph at lines 971--986

 []


Underfull \hbox (badness 10000) in paragraph at lines 971--986

 []


Underfull \hbox (badness 10000) in paragraph at lines 971--986

 []


Underfull \hbox (badness 10000) in paragraph at lines 971--986

 []


Underfull \hbox (badness 10000) in paragraph at lines 971--986

 []


Underfull \hbox (badness 10000) in paragraph at lines 971--986

 []


Underfull \hbox (badness 10000) in paragraph at lines 971--986

 []


Underfull \hbox (badness 10000) in paragraph at lines 988--994

 []

[40]
Underfull \hbox (badness 10000) in paragraph at lines 995--1012

 []


Underfull \hbox (badness 10000) in paragraph at lines 995--1012

 []


Underfull \hbox (badness 10000) in paragraph at lines 995--1012

 []


Underfull \hbox (badness 10000) in paragraph at lines 995--1012

 []


Underfull \hbox (badness 10000) in paragraph at lines 995--1012

 []


Underfull \hbox (badness 10000) in paragraph at lines 995--1012

 []

[41]
Underfull \hbox (badness 10000) in paragraph at lines 1015--1036

 []


Underfull \hbox (badness 10000) in paragraph at lines 1015--1036

 []


Underfull \hbox (badness 10000) in paragraph at lines 1015--1036

 []


Underfull \hbox (badness 10000) in paragraph at lines 1015--1036

 []


Underfull \hbox (badness 10000) in paragraph at lines 1015--1036

 []


Underfull \hbox (badness 10000) in paragraph at lines 1015--1036

 []


Underfull \hbox (badness 10000) in paragraph at lines 1015--1036

 []

[42]
Underfull \hbox (badness 10000) in paragraph at lines 1039--1070

 []


Underfull \hbox (badness 10000) in paragraph at lines 1039--1070

 []


Underfull \hbox (badness 10000) in paragraph at lines 1039--1070

 []


Underfull \hbox (badness 10000) in paragraph at lines 1039--1070

 []


Underfull \hbox (badness 10000) in paragraph at lines 1039--1070

 []


Underfull \hbox (badness 10000) in paragraph at lines 1039--1070

 []


Underfull \hbox (badness 10000) in paragraph at lines 1039--1070

 []


Underfull \hbox (badness 10000) in paragraph at lines 1039--1070

 []


Underfull \hbox (badness 10000) in paragraph at lines 1039--1070

 []

[43]
Underfull \hbox (badness 10000) in paragraph at lines 1073--1088

 []


Underfull \hbox (badness 10000) in paragraph at lines 1073--1088

 []


Underfull \hbox (badness 10000) in paragraph at lines 1073--1088

 []


Underfull \hbox (badness 10000) in paragraph at lines 1073--1088

 []


Underfull \hbox (badness 10000) in paragraph at lines 1073--1088

 []


Underfull \hbox (badness 10000) in paragraph at lines 1073--1088

 []


Underfull \hbox (badness 10000) in paragraph at lines 1073--1088

 []


Underfull \hbox (badness 10000) in paragraph at lines 1073--1088

 []


Underfull \hbox (badness 10000) in paragraph at lines 1089--1095

 []


Underfull \hbox (badness 10000) in paragraph at lines 1089--1095

 []


Underfull \hbox (badness 10000) in paragraph at lines 1089--1095

 []

[44]
Underfull \hbox (badness 10000) in paragraph at lines 1096--1098

 []

[45]
Underfull \hbox (badness 10000) in paragraph at lines 1102--1123

 []


Underfull \hbox (badness 10000) in paragraph at lines 1102--1123

 []


Underfull \hbox (badness 10000) in paragraph at lines 1102--1123

 []


Underfull \hbox (badness 10000) in paragraph at lines 1102--1123

 []


Underfull \hbox (badness 10000) in paragraph at lines 1102--1123

 []


Underfull \hbox (badness 10000) in paragraph at lines 1102--1123

 []


Underfull \hbox (badness 10000) in paragraph at lines 1102--1123

 []


Underfull \hbox (badness 10000) in paragraph at lines 1102--1123

 []


Underfull \hbox (badness 10000) in paragraph at lines 1102--1123

 []


Underfull \hbox (badness 10000) in paragraph at lines 1102--1123

 []


Underfull \hbox (badness 10000) in paragraph at lines 1102--1123

 []


Package hyperref Warning: Token not allowed in a PDF string (PDFDocEncoding):
(hyperref)                removing `math shift' on input line 1124.


Package hyperref Warning: Token not allowed in a PDF string (PDFDocEncoding):
(hyperref)                removing `math shift' on input line 1124.


Underfull \hbox (badness 10000) in paragraph at lines 1125--1127

 []


Underfull \hbox (badness 10000) in paragraph at lines 1125--1127

 []

[46]
Underfull \hbox (badness 10000) in paragraph at lines 1128--1142

 []


Underfull \hbox (badness 10000) in paragraph at lines 1128--1142

 []


Underfull \hbox (badness 10000) in paragraph at lines 1128--1142

 []


Underfull \hbox (badness 10000) in paragraph at lines 1128--1142

 []


Underfull \hbox (badness 10000) in paragraph at lines 1128--1142

 []


Underfull \hbox (badness 10000) in paragraph at lines 1128--1142

 []


Underfull \hbox (badness 10000) in paragraph at lines 1128--1142

 []


Underfull \hbox (badness 10000) in paragraph at lines 1128--1142

 []


Underfull \hbox (badness 10000) in paragraph at lines 1144--1149

 []


Underfull \hbox (badness 10000) in paragraph at lines 1144--1149

 []

[47]
Underfull \hbox (badness 10000) in paragraph at lines 1152--1166

 []


Underfull \hbox (badness 10000) in paragraph at lines 1152--1166

 []


Underfull \hbox (badness 10000) in paragraph at lines 1152--1166

 []


Underfull \hbox (badness 10000) in paragraph at lines 1152--1166

 []


Underfull \hbox (badness 10000) in paragraph at lines 1152--1166

 []


Underfull \hbox (badness 10000) in paragraph at lines 1152--1166

 []


Underfull \hbox (badness 10000) in paragraph at lines 1152--1166

 []


Underfull \hbox (badness 10000) in paragraph at lines 1168--1175

 []


Underfull \hbox (badness 10000) in paragraph at lines 1168--1175

 []

[48]
Underfull \hbox (badness 10000) in paragraph at lines 1177--1192

 []


Underfull \hbox (badness 10000) in paragraph at lines 1177--1192

 []


Underfull \hbox (badness 10000) in paragraph at lines 1177--1192

 []


Underfull \hbox (badness 10000) in paragraph at lines 1177--1192

 []


Underfull \hbox (badness 10000) in paragraph at lines 1177--1192

 []


Underfull \hbox (badness 10000) in paragraph at lines 1177--1192

 []


Underfull \hbox (badness 10000) in paragraph at lines 1177--1192

 []

[49]
Underfull \hbox (badness 10000) in paragraph at lines 1196--1209

 []


Underfull \hbox (badness 10000) in paragraph at lines 1196--1209

 []


Underfull \hbox (badness 10000) in paragraph at lines 1196--1209

 []


Underfull \hbox (badness 10000) in paragraph at lines 1196--1209

 []


Underfull \hbox (badness 10000) in paragraph at lines 1196--1209

 []


Underfull \hbox (badness 10000) in paragraph at lines 1196--1209

 []


Underfull \hbox (badness 10000) in paragraph at lines 1211--1221

 []


Underfull \hbox (badness 10000) in paragraph at lines 1211--1221

 []


Underfull \hbox (badness 10000) in paragraph at lines 1211--1221

 []

[50]
Underfull \hbox (badness 10000) in paragraph at lines 1222--1233

 []


Underfull \hbox (badness 10000) in paragraph at lines 1222--1233

 []


Underfull \hbox (badness 10000) in paragraph at lines 1222--1233

 []


Underfull \hbox (badness 10000) in paragraph at lines 1222--1233

 []


Underfull \hbox (badness 10000) in paragraph at lines 1235--1252

 []


Underfull \hbox (badness 10000) in paragraph at lines 1235--1252

 []


Underfull \hbox (badness 10000) in paragraph at lines 1235--1252

 []


Underfull \hbox (badness 10000) in paragraph at lines 1235--1252

 []


Underfull \hbox (badness 10000) in paragraph at lines 1235--1252

 []

[51]
Underfull \hbox (badness 10000) in paragraph at lines 1257--1272

 []


Underfull \hbox (badness 10000) in paragraph at lines 1257--1272

 []


Underfull \hbox (badness 10000) in paragraph at lines 1257--1272

 []


Underfull \hbox (badness 10000) in paragraph at lines 1257--1272

 []


Underfull \hbox (badness 10000) in paragraph at lines 1257--1272

 []


Underfull \hbox (badness 10000) in paragraph at lines 1257--1272

 []


Underfull \hbox (badness 10000) in paragraph at lines 1257--1272

 []


Underfull \hbox (badness 10000) in paragraph at lines 1257--1272

 []


Underfull \hbox (badness 10000) in paragraph at lines 1257--1272

 []


Underfull \hbox (badness 10000) in paragraph at lines 1257--1272

 []


Underfull \hbox (badness 10000) in paragraph at lines 1257--1272

 []

[52]
Underfull \hbox (badness 10000) in paragraph at lines 1275--1282

 []


Underfull \hbox (badness 10000) in paragraph at lines 1275--1282

 []


Underfull \hbox (badness 10000) in paragraph at lines 1275--1282

 []


Underfull \hbox (badness 10000) in paragraph at lines 1275--1282

 []


Underfull \hbox (badness 10000) in paragraph at lines 1275--1282

 []


Underfull \hbox (badness 10000) in paragraph at lines 1275--1282

 []


Underfull \hbox (badness 10000) in paragraph at lines 1275--1282

 []


Underfull \hbox (badness 10000) in paragraph at lines 1275--1282

 []


Underfull \hbox (badness 10000) in paragraph at lines 1284--1296

 []


Underfull \hbox (badness 10000) in paragraph at lines 1284--1296

 []


Underfull \hbox (badness 10000) in paragraph at lines 1284--1296

 []


Underfull \hbox (badness 10000) in paragraph at lines 1284--1296

 []


Underfull \hbox (badness 10000) in paragraph at lines 1284--1296

 []

[53]
Underfull \hbox (badness 10000) in paragraph at lines 1297--1303

 []


Underfull \hbox (badness 10000) in paragraph at lines 1297--1303

 []


Underfull \hbox (badness 10000) in paragraph at lines 1297--1303

 []


Underfull \hbox (badness 10000) in paragraph at lines 1297--1303

 []


Underfull \hbox (badness 10000) in paragraph at lines 1297--1303

 []


Underfull \hbox (badness 10000) in paragraph at lines 1306--1317

 []


Underfull \hbox (badness 10000) in paragraph at lines 1306--1317

 []


Underfull \hbox (badness 10000) in paragraph at lines 1306--1317

 []


Underfull \hbox (badness 10000) in paragraph at lines 1306--1317

 []


Underfull \hbox (badness 10000) in paragraph at lines 1306--1317

 []


Underfull \hbox (badness 10000) in paragraph at lines 1306--1317

 []


Underfull \hbox (badness 10000) in paragraph at lines 1306--1317

 []

[54]
Underfull \hbox (badness 10000) in paragraph at lines 1319--1324

 []


Underfull \hbox (badness 10000) in paragraph at lines 1319--1324

 []


Underfull \hbox (badness 10000) in paragraph at lines 1319--1324

 []


Underfull \hbox (badness 10000) in paragraph at lines 1326--1332

 []


Underfull \hbox (badness 10000) in paragraph at lines 1326--1332

 []


Underfull \hbox (badness 10000) in paragraph at lines 1326--1332

 []


Underfull \hbox (badness 10000) in paragraph at lines 1326--1332

 []


Underfull \hbox (badness 10000) in paragraph at lines 1326--1332

 []

[55]
Underfull \hbox (badness 10000) in paragraph at lines 1335--1353

 []


Underfull \hbox (badness 10000) in paragraph at lines 1335--1353

 []


Underfull \hbox (badness 10000) in paragraph at lines 1335--1353

 []


Underfull \hbox (badness 10000) in paragraph at lines 1335--1353

 []


Underfull \hbox (badness 10000) in paragraph at lines 1335--1353

 []


Underfull \hbox (badness 10000) in paragraph at lines 1335--1353

 []


Underfull \hbox (badness 10000) in paragraph at lines 1335--1353

 []


Underfull \hbox (badness 10000) in paragraph at lines 1335--1353

 []


Underfull \hbox (badness 10000) in paragraph at lines 1335--1353

 []

[56]
Underfull \hbox (badness 10000) in paragraph at lines 1357--1371

 []


Underfull \hbox (badness 10000) in paragraph at lines 1357--1371

 []


Underfull \hbox (badness 10000) in paragraph at lines 1357--1371

 []


Underfull \hbox (badness 10000) in paragraph at lines 1357--1371

 []


Underfull \hbox (badness 10000) in paragraph at lines 1357--1371

 []


Underfull \hbox (badness 10000) in paragraph at lines 1373--1391

 []


Underfull \hbox (badness 10000) in paragraph at lines 1373--1391

 []


Underfull \hbox (badness 10000) in paragraph at lines 1373--1391

 []


Underfull \hbox (badness 10000) in paragraph at lines 1373--1391

 []


Underfull \hbox (badness 10000) in paragraph at lines 1373--1391

 []


Underfull \hbox (badness 10000) in paragraph at lines 1373--1391

 []

[57]
Underfull \hbox (badness 10000) in paragraph at lines 1393--1413

 []


Underfull \hbox (badness 10000) in paragraph at lines 1393--1413

 []


Underfull \hbox (badness 10000) in paragraph at lines 1393--1413

 []


Underfull \hbox (badness 10000) in paragraph at lines 1393--1413

 []


Underfull \hbox (badness 10000) in paragraph at lines 1393--1413

 []


Underfull \hbox (badness 10000) in paragraph at lines 1393--1413

 []


Underfull \hbox (badness 10000) in paragraph at lines 1415--1434

 []


Underfull \hbox (badness 10000) in paragraph at lines 1415--1434

 []


Underfull \hbox (badness 10000) in paragraph at lines 1415--1434

 []

[58]
Underfull \hbox (badness 10000) in paragraph at lines 1438--1446

 []


Underfull \hbox (badness 10000) in paragraph at lines 1438--1446

 []


Underfull \hbox (badness 10000) in paragraph at lines 1438--1446

 []


Underfull \hbox (badness 10000) in paragraph at lines 1438--1446

 []


Underfull \hbox (badness 10000) in paragraph at lines 1438--1446

 []


Underfull \hbox (badness 10000) in paragraph at lines 1438--1446

 []


Underfull \hbox (badness 10000) in paragraph at lines 1438--1446

 []


Underfull \hbox (badness 10000) in paragraph at lines 1438--1446

 []


Underfull \hbox (badness 10000) in paragraph at lines 1438--1446

 []


Underfull \hbox (badness 10000) in paragraph at lines 1438--1446

 []


Underfull \hbox (badness 10000) in paragraph at lines 1448--1459

 []


Underfull \hbox (badness 10000) in paragraph at lines 1448--1459

 []


Underfull \hbox (badness 10000) in paragraph at lines 1448--1459

 []


Underfull \hbox (badness 10000) in paragraph at lines 1448--1459

 []


Underfull \hbox (badness 10000) in paragraph at lines 1448--1459

 []

[59]
Underfull \hbox (badness 10000) in paragraph at lines 1462--1471

 []


Underfull \hbox (badness 10000) in paragraph at lines 1462--1471

 []


Underfull \hbox (badness 10000) in paragraph at lines 1462--1471

 []


Underfull \hbox (badness 10000) in paragraph at lines 1462--1471

 []


Underfull \hbox (badness 10000) in paragraph at lines 1462--1471

 []


Underfull \hbox (badness 10000) in paragraph at lines 1462--1471

 []


Underfull \hbox (badness 10000) in paragraph at lines 1462--1471

 []


Underfull \hbox (badness 10000) in paragraph at lines 1473--1485

 []


Underfull \hbox (badness 10000) in paragraph at lines 1473--1485

 []


Underfull \hbox (badness 10000) in paragraph at lines 1473--1485

 []


Underfull \hbox (badness 10000) in paragraph at lines 1473--1485

 []


Underfull \hbox (badness 10000) in paragraph at lines 1473--1485

 []


Underfull \hbox (badness 10000) in paragraph at lines 1473--1485

 []


Underfull \hbox (badness 10000) in paragraph at lines 1473--1485

 []


Underfull \hbox (badness 10000) in paragraph at lines 1473--1485

 []


Underfull \hbox (badness 10000) in paragraph at lines 1473--1485

 []

[60]
Underfull \hbox (badness 10000) in paragraph at lines 1487--1491

 []


Underfull \hbox (badness 10000) in paragraph at lines 1487--1491

 []


Underfull \hbox (badness 10000) in paragraph at lines 1493--1507

 []


Underfull \hbox (badness 10000) in paragraph at lines 1493--1507

 []


Underfull \hbox (badness 10000) in paragraph at lines 1493--1507

 []


Underfull \hbox (badness 10000) in paragraph at lines 1493--1507

 []


Underfull \hbox (badness 10000) in paragraph at lines 1493--1507

 []


Underfull \hbox (badness 10000) in paragraph at lines 1493--1507

 []


Underfull \hbox (badness 10000) in paragraph at lines 1509--1521

 []


Underfull \hbox (badness 10000) in paragraph at lines 1509--1521

 []


Underfull \hbox (badness 10000) in paragraph at lines 1509--1521

 []


Underfull \hbox (badness 10000) in paragraph at lines 1509--1521

 []


Underfull \hbox (badness 10000) in paragraph at lines 1509--1521

 []


Underfull \hbox (badness 10000) in paragraph at lines 1509--1521

 []


Underfull \hbox (badness 10000) in paragraph at lines 1509--1521

 []

[61]
Underfull \hbox (badness 10000) in paragraph at lines 1523--1538

 []


Underfull \hbox (badness 10000) in paragraph at lines 1523--1538

 []


Underfull \hbox (badness 10000) in paragraph at lines 1523--1538

 []


Underfull \hbox (badness 10000) in paragraph at lines 1523--1538

 []


Underfull \hbox (badness 10000) in paragraph at lines 1523--1538

 []


Underfull \hbox (badness 10000) in paragraph at lines 1523--1538

 []

Package atveryend Info: Empty hook `BeforeClearDocument' on input line 1539.
[62]
Package atveryend Info: Empty hook `AfterLastShipout' on input line 1539.
 (sNotes.aux)
Package atveryend Info: Executing hook `AtVeryEndDocument' on input line 1539.
Package atveryend Info: Executing hook `AtEndAfterFileList' on input line 1539.

Package rerunfilecheck Info: File `sNotes.out' has not changed.
(rerunfilecheck)             Checksum: A2DE8603835B6C7EC9197D6D5D60914E;7882.
Package atveryend Info: Empty hook `AtVeryVeryEnd' on input line 1539.
 ) 
Here is how much of TeX's memory you used:
 7580 strings out of 492484
 109223 string characters out of 3131051
 213267 words of memory out of 3000000
 11620 multiletter control sequences out of 15000+200000
 21394 words of font info for 79 fonts, out of 3000000 for 9000
 1141 hyphenation exceptions out of 8191
 39i,14n,34p,969b,376s stack positions out of 5000i,500n,10000p,200000b,50000s
<D:/Program Files/MiKTeX 2.9/fonts/type1/public/amsfonts/cm/cmbsy10.pfb><D:/P
rogram Files/MiKTeX 2.9/fonts/type1/public/amsfonts/cmextra/cmbsy6.pfb><D:/Prog
ram Files/MiKTeX 2.9/fonts/type1/public/amsfonts/cmextra/cmbsy7.pfb><D:/Program
 Files/MiKTeX 2.9/fonts/type1/public/amsfonts/cmextra/cmbsy8.pfb><D:/Program Fi
les/MiKTeX 2.9/fonts/type1/public/amsfonts/cm/cmbx10.pfb><D:/Program Files/MiKT
eX 2.9/fonts/type1/public/amsfonts/cm/cmbx12.pfb><D:/Program Files/MiKTeX 2.9/f
onts/type1/public/amsfonts/cm/cmbx6.pfb><D:/Program Files/MiKTeX 2.9/fonts/type
1/public/amsfonts/cm/cmbx7.pfb><D:/Program Files/MiKTeX 2.9/fonts/type1/public/
amsfonts/cm/cmbx8.pfb><D:/Program Files/MiKTeX 2.9/fonts/type1/public/amsfonts/
cm/cmex10.pfb><D:/Program Files/MiKTeX 2.9/fonts/type1/public/amsfonts/cmextra/
cmex8.pfb><D:/Program Files/MiKTeX 2.9/fonts/type1/public/amsfonts/cm/cmmi10.pf
b><D:/Program Files/MiKTeX 2.9/fonts/type1/public/amsfonts/cm/cmmi12.pfb><D:/Pr
ogram Files/MiKTeX 2.9/fonts/type1/public/amsfonts/cm/cmmi6.pfb><D:/Program Fil
es/MiKTeX 2.9/fonts/type1/public/amsfonts/cm/cmmi7.pfb><D:/Program Files/MiKTeX
 2.9/fonts/type1/public/amsfonts/cm/cmmi8.pfb><D:/Program Files/MiKTeX 2.9/font
s/type1/public/amsfonts/cm/cmmib10.pfb><D:/Program Files/MiKTeX 2.9/fonts/type1
/public/amsfonts/cmextra/cmmib6.pfb><D:/Program Files/MiKTeX 2.9/fonts/type1/pu
blic/amsfonts/cmextra/cmmib7.pfb><D:/Program Files/MiKTeX 2.9/fonts/type1/publi
c/amsfonts/cmextra/cmmib8.pfb><D:/Program Files/MiKTeX 2.9/fonts/type1/public/a
msfonts/cm/cmr10.pfb><D:/Program Files/MiKTeX 2.9/fonts/type1/public/amsfonts/c
m/cmr12.pfb><D:/Program Files/MiKTeX 2.9/fonts/type1/public/amsfonts/cm/cmr17.p
fb><D:/Program Files/MiKTeX 2.9/fonts/type1/public/amsfonts/cm/cmr6.pfb><D:/Pro
gram Files/MiKTeX 2.9/fonts/type1/public/amsfonts/cm/cmr7.pfb><D:/Program Files
/MiKTeX 2.9/fonts/type1/public/amsfonts/cm/cmr8.pfb><D:/Program Files/MiKTeX 2.
9/fonts/type1/public/amsfonts/cm/cmsy10.pfb><D:/Program Files/MiKTeX 2.9/fonts/
type1/public/amsfonts/cm/cmsy6.pfb><D:/Program Files/MiKTeX 2.9/fonts/type1/pub
lic/amsfonts/cm/cmsy7.pfb><D:/Program Files/MiKTeX 2.9/fonts/type1/public/amsfo
nts/cm/cmsy8.pfb><D:/Program Files/MiKTeX 2.9/fonts/type1/public/amsfonts/cm/cm
ti12.pfb>
Output written on sNotes.pdf (65 pages, 690522 bytes).
PDF statistics:
 930 PDF objects out of 1000 (max. 8388607)
 162 named destinations out of 1000 (max. 500000)
 795 words of extra memory for PDF output out of 10000 (max. 10000000)

